Using pre-set license
Built from '2021.2/staging' branch; Version is '2021.2.9f1 (921b45a28ab6) revision 9575237'; Using compiler version '192829333'; Build Type 'Release'
OS: 'Windows 10  (10.0.19043) 64bit Core' Language: 'en' Physical Memory: 65460 MB
BatchMode: 1, IsHumanControllingUs: 0, StartBugReporterOnCrash: 0, Is64bit: 1, IsPro: 0

COMMAND LINE ARGUMENTS:
C:\Program Files\Unity\Hub\Editor\2021.2.9f1\Editor\Unity.exe
-adb2
-batchMode
-noUpm
-name
AssetImportWorker0
-projectPath
C:/Users/torne/Thesis/ChangdeokgungVR/GungnyeoGame
-logFile
Logs/AssetImportWorker0.log
-srvPort
63355
Successfully changed project path to: C:/Users/torne/Thesis/ChangdeokgungVR/GungnyeoGame
C:/Users/torne/Thesis/ChangdeokgungVR/GungnyeoGame
[UnityMemory] Configuration Parameters - Can be set up in boot.config
    "memorysetup-bucket-allocator-granularity=16"
    "memorysetup-bucket-allocator-bucket-count=8"
    "memorysetup-bucket-allocator-block-size=33554432"
    "memorysetup-bucket-allocator-block-count=8"
    "memorysetup-main-allocator-block-size=16777216"
    "memorysetup-thread-allocator-block-size=16777216"
    "memorysetup-gfx-main-allocator-block-size=16777216"
    "memorysetup-gfx-thread-allocator-block-size=16777216"
    "memorysetup-cache-allocator-block-size=4194304"
    "memorysetup-typetree-allocator-block-size=2097152"
    "memorysetup-profiler-bucket-allocator-granularity=16"
    "memorysetup-profiler-bucket-allocator-bucket-count=8"
    "memorysetup-profiler-bucket-allocator-block-size=33554432"
    "memorysetup-profiler-bucket-allocator-block-count=8"
    "memorysetup-profiler-allocator-block-size=16777216"
    "memorysetup-profiler-editor-allocator-block-size=1048576"
    "memorysetup-temp-allocator-size-main=16777216"
    "memorysetup-job-temp-allocator-block-size=2097152"
    "memorysetup-job-temp-allocator-block-size-background=1048576"
    "memorysetup-job-temp-allocator-reduction-small-platforms=262144"
    "memorysetup-temp-allocator-size-background-worker=32768"
    "memorysetup-temp-allocator-size-job-worker=262144"
    "memorysetup-temp-allocator-size-preload-manager=33554432"
    "memorysetup-temp-allocator-size-nav-mesh-worker=65536"
    "memorysetup-temp-allocator-size-audio-worker=65536"
    "memorysetup-temp-allocator-size-cloud-worker=32768"
    "memorysetup-temp-allocator-size-gi-baking-worker=262144"
    "memorysetup-temp-allocator-size-gfx=262144"
Refreshing native plugins compatible for Editor in 63.47 ms, found 10 plugins.
Preloading 1 native plugins for Editor in 0.82 ms.
Initialize engine version: 2021.2.9f1 (921b45a28ab6)
[Subsystems] Discovering subsystems at path C:/Program Files/Unity/Hub/Editor/2021.2.9f1/Editor/Data/Resources/UnitySubsystems
[Subsystems] Discovering subsystems at path C:/Users/torne/Thesis/ChangdeokgungVR/GungnyeoGame/Assets
GfxDevice: creating device client; threaded=0; jobified=0
Direct3D:
    Version:  Direct3D 11.0 [level 11.1]
    Renderer: NVIDIA GeForce RTX 3080 (ID=0x2216)
    Vendor:   NVIDIA
    VRAM:     10078 MB
    Driver:   30.0.14.7212
Initialize mono
Mono path[0] = 'C:/Program Files/Unity/Hub/Editor/2021.2.9f1/Editor/Data/Managed'
Mono path[1] = 'C:/Program Files/Unity/Hub/Editor/2021.2.9f1/Editor/Data/MonoBleedingEdge/lib/mono/unityjit-win32'
Mono config path = 'C:/Program Files/Unity/Hub/Editor/2021.2.9f1/Editor/Data/MonoBleedingEdge/etc'
Using monoOptions --debugger-agent=transport=dt_socket,embedding=1,server=y,suspend=n,address=127.0.0.1:56452
Begin MonoManager ReloadAssembly
Registering precompiled unity dll's ...
Register platform support module: C:/Program Files/Unity/Hub/Editor/2021.2.9f1/Editor/Data/PlaybackEngines/WindowsStandaloneSupport/UnityEditor.WindowsStandalone.Extensions.dll
Registered in 0.006610 seconds.
Native extension for WindowsStandalone target not found
Refreshing native plugins compatible for Editor in 53.38 ms, found 10 plugins.
Preloading 1 native plugins for Editor in 0.05 ms.
Mono: successfully reloaded assembly
- Completed reload, in  0.444 seconds
Domain Reload Profiling:
	ReloadAssembly (444ms)
		BeginReloadAssembly (57ms)
			ExecutionOrderSort (0ms)
			DisableScriptedObjects (0ms)
			BackupInstance (0ms)
			ReleaseScriptingObjects (0ms)
			CreateAndSetChildDomain (1ms)
		EndReloadAssembly (327ms)
			LoadAssemblies (55ms)
			RebuildTransferFunctionScriptingTraits (0ms)
			SetupTypeCache (68ms)
			ReleaseScriptCaches (0ms)
			RebuildScriptCaches (20ms)
			SetupLoadedEditorAssemblies (199ms)
				LogAssemblyErrors (0ms)
				InitializePlatformSupportModulesInManaged (12ms)
				SetLoadedEditorAssemblies (0ms)
				RefreshPlugins (53ms)
				BeforeProcessingInitializeOnLoad (1ms)
				ProcessInitializeOnLoadAttributes (103ms)
				ProcessInitializeOnLoadMethodAttributes (30ms)
				AfterProcessingInitializeOnLoad (0ms)
				EditorAssembliesLoaded (0ms)
			ExecutionOrderSort2 (0ms)
			AwakeInstancesAfterBackupRestoration (0ms)
Platform modules already initialized, skipping
Registering precompiled user dll's ...
Registered in 0.009911 seconds.
Begin MonoManager ReloadAssembly
Native extension for WindowsStandalone target not found
Refreshing native plugins compatible for Editor in 53.94 ms, found 10 plugins.
Preloading 1 native plugins for Editor in 0.06 ms.
Package Manager log level set to [2]
System.Reflection.TargetInvocationException: Exception has been thrown by the target of an invocation. ---> System.NullReferenceException: Object reference not set to an instance of an object
  at Unity.XR.Oculus.OculusLoader.AssetPathToAbsolutePath (System.String assetPath) [0x0003d] in C:\Users\torne\Thesis\ChangdeokgungVR\GungnyeoGame\Library\PackageCache\com.unity.xr.oculus@1.11.2\Runtime\OculusLoader.cs:250 
  at Unity.XR.Oculus.OculusLoader.EditorLoadOVRPlugin () [0x0007b] in C:\Users\torne\Thesis\ChangdeokgungVR\GungnyeoGame\Library\PackageCache\com.unity.xr.oculus@1.11.2\Runtime\OculusLoader.cs:235 
  at (wrapper managed-to-native) System.Reflection.RuntimeMethodInfo.InternalInvoke(System.Reflection.RuntimeMethodInfo,object,object[],System.Exception&)
  at System.Reflection.RuntimeMethodInfo.Invoke (System.Object obj, System.Reflection.BindingFlags invokeAttr, System.Reflection.Binder binder, System.Object[] parameters, System.Globalization.CultureInfo culture) [0x0006a] in <47ab72e0328040438980f9c23608e1ec>:0 
   --- End of inner exception stack trace ---
  at System.Reflection.RuntimeMethodInfo.Invoke (System.Object obj, System.Reflection.BindingFlags invokeAttr, System.Reflection.Binder binder, System.Object[] parameters, System.Globalization.CultureInfo culture) [0x00083] in <47ab72e0328040438980f9c23608e1ec>:0 
  at System.Reflection.MethodBase.Invoke (System.Object obj, System.Object[] parameters) [0x00000] in <47ab72e0328040438980f9c23608e1ec>:0 
  at UnityEditor.EditorAssemblies.ProcessInitializeOnLoadMethodAttributes () [0x000a5] in <091d339d138346aa90aa98b5607c9126>:0 
UnityEngine.StackTraceUtility:ExtractStackTrace ()
UnityEngine.DebugLogHandler:LogFormat (UnityEngine.LogType,UnityEngine.Object,string,object[])
UnityEngine.Logger:Log (UnityEngine.LogType,object)
UnityEngine.Debug:LogError (object)
UnityEditor.EditorAssemblies:ProcessInitializeOnLoadMethodAttributes ()

Mono: successfully reloaded assembly
- Completed reload, in  1.375 seconds
Domain Reload Profiling:
	ReloadAssembly (1376ms)
		BeginReloadAssembly (89ms)
			ExecutionOrderSort (0ms)
			DisableScriptedObjects (4ms)
			BackupInstance (0ms)
			ReleaseScriptingObjects (0ms)
			CreateAndSetChildDomain (19ms)
		EndReloadAssembly (1217ms)
			LoadAssemblies (67ms)
			RebuildTransferFunctionScriptingTraits (0ms)
			SetupTypeCache (173ms)
			ReleaseScriptCaches (1ms)
			RebuildScriptCaches (45ms)
			SetupLoadedEditorAssemblies (902ms)
				LogAssemblyErrors (0ms)
				InitializePlatformSupportModulesInManaged (8ms)
				SetLoadedEditorAssemblies (0ms)
				RefreshPlugins (54ms)
				BeforeProcessingInitializeOnLoad (90ms)
				ProcessInitializeOnLoadAttributes (682ms)
				ProcessInitializeOnLoadMethodAttributes (60ms)
				AfterProcessingInitializeOnLoad (8ms)
				EditorAssembliesLoaded (0ms)
			ExecutionOrderSort2 (0ms)
			AwakeInstancesAfterBackupRestoration (4ms)
Platform modules already initialized, skipping
========================================================================
Worker process is ready to serve import requests
Launched and connected shader compiler UnityShaderCompiler.exe after 0.04 seconds
Refreshing native plugins compatible for Editor in 1.10 ms, found 10 plugins.
Preloading 1 native plugins for Editor in 0.08 ms.
Unloading 5123 Unused Serialized files (Serialized files now loaded: 0)
Unloading 52 unused Assets / (424.5 KB). Loaded Objects now: 5566.
Memory consumption went from 217.7 MB to 217.3 MB.
Total: 4.872000 ms (FindLiveObjects: 0.426400 ms CreateObjectMapping: 0.283700 ms MarkObjects: 3.940000 ms  DeleteObjects: 0.221400 ms)

AssetImportParameters requested are different than current active one (requested -> active):
  custom:video-decoder-ogg-theora: a1e56fd34408186e4bbccfd4996cb3dc -> 
  custom:container-muxer-webm: aa71ff27fc2769a1b78a27578f13a17b -> 
  custom:container-demuxer-webm: 4f35f7cbe854078d1ac9338744f61a02 -> 
  custom:video-encoder-webm-vp8: eb34c28f22e8b96e1ab97ce403110664 -> 
  custom:video-codec-MediaFoundation-h265: e54d7ab0439102e2317fc1e4b246158d -> 
  custom:audio-encoder-webm-vorbis: bf7c407c2cedff20999df2af8eb42d56 -> 
  custom:framework-win-MediaFoundation: 216162199b28c13a410421893ffa2e32 -> 
  custom:container-demuxer-ogg: 62fdf1f143b41e24485cea50d1cbac27 -> 
  custom:video-decoder-webm-vp8: 9c59270c3fd7afecdb556c50c9e8de78 -> 
  custom:audio-decoder-ogg-vorbis: bf7c407c2cedff20999df2af8eb42d56 -> 
========================================================================
Received Import Request.
  Time since last request: 479793.839542 seconds.
  path: Assets/Shader_Ned/Toon_Ned.shadergraph
  artifactKey: Guid(e2839e2773a954f688a62a0b6e5c9e93) Importer(815301076,1909f56bfc062723c751e8b465ee728b)
Start importing Assets/Shader_Ned/Toon_Ned.shadergraph using Guid(e2839e2773a954f688a62a0b6e5c9e93) Importer(815301076,1909f56bfc062723c751e8b465ee728b)  -> (artifact id: 'd9de5546dbfce49e4da97e42cc0163b8') in 0.035463 seconds 
========================================================================
Received Import Request.
  Time since last request: 18.165155 seconds.
  path: Assets/Material_Shaders/Shader_Ned/Toon_Ned.shadergraph
  artifactKey: Guid(e2839e2773a954f688a62a0b6e5c9e93) Importer(815301076,1909f56bfc062723c751e8b465ee728b)
Start importing Assets/Material_Shaders/Shader_Ned/Toon_Ned.shadergraph using Guid(e2839e2773a954f688a62a0b6e5c9e93) Importer(815301076,1909f56bfc062723c751e8b465ee728b)  -> (artifact id: 'b11c96e70310d20a9157eef95832129b') in 0.001904 seconds 
========================================================================
Received Import Request.
  Time since last request: 7.642322 seconds.
  path: Assets/Material_Shaders/Toonshader_Ned/Toon_Ned.shadergraph
  artifactKey: Guid(e2839e2773a954f688a62a0b6e5c9e93) Importer(815301076,1909f56bfc062723c751e8b465ee728b)
Start importing Assets/Material_Shaders/Toonshader_Ned/Toon_Ned.shadergraph using Guid(e2839e2773a954f688a62a0b6e5c9e93) Importer(815301076,1909f56bfc062723c751e8b465ee728b)  -> (artifact id: '4c3bac31ba6e9c25a900334c6c026698') in 0.001729 seconds 
========================================================================
Received Import Request.
  Time since last request: 14.581399 seconds.
  path: Assets/Material_Shaders/Toonshader_Ned/Toon_Ned 1.shadergraph
  artifactKey: Guid(62de6df34ac725a4899facb7ebc7c52a) Importer(815301076,1909f56bfc062723c751e8b465ee728b)
Start importing Assets/Material_Shaders/Toonshader_Ned/Toon_Ned 1.shadergraph using Guid(62de6df34ac725a4899facb7ebc7c52a) Importer(815301076,1909f56bfc062723c751e8b465ee728b)  -> (artifact id: 'd4b7fdde48e771ac6467f737ed15060b') in 0.006004 seconds 
========================================================================
Received Import Request.
  Time since last request: 5.733406 seconds.
  path: Assets/Material_Shaders/Toonshader_Ned/CombinedToon_Ned.shadergraph
  artifactKey: Guid(62de6df34ac725a4899facb7ebc7c52a) Importer(815301076,1909f56bfc062723c751e8b465ee728b)
Start importing Assets/Material_Shaders/Toonshader_Ned/CombinedToon_Ned.shadergraph using Guid(62de6df34ac725a4899facb7ebc7c52a) Importer(815301076,1909f56bfc062723c751e8b465ee728b)  -> (artifact id: 'cdda397681d935cb31f848a5559eaa5d') in 0.005921 seconds 
========================================================================
Received Import Request.
  Time since last request: 15.831515 seconds.
  path: Assets/Material_Shaders/Toonshader_Ned/CombinedToon_Ned.shadergraph
  artifactKey: Guid(62de6df34ac725a4899facb7ebc7c52a) Importer(815301076,1909f56bfc062723c751e8b465ee728b)
Start importing Assets/Material_Shaders/Toonshader_Ned/CombinedToon_Ned.shadergraph using Guid(62de6df34ac725a4899facb7ebc7c52a) Importer(815301076,1909f56bfc062723c751e8b465ee728b)  -> (artifact id: 'c28cce1141cd51155d53599df646a283') in 0.002987 seconds 
========================================================================
Received Import Request.
  Time since last request: 7.908778 seconds.
  path: Assets/Material_Shaders/CurrentShader/CombinedShaderv2.shadergraph
  artifactKey: Guid(bf3d6ab74b4d46e488cb811b8aa1f9aa) Importer(815301076,1909f56bfc062723c751e8b465ee728b)
Start importing Assets/Material_Shaders/CurrentShader/CombinedShaderv2.shadergraph using Guid(bf3d6ab74b4d46e488cb811b8aa1f9aa) Importer(815301076,1909f56bfc062723c751e8b465ee728b)  -> (artifact id: 'd2c585a1197b0c5a0b69855509bc3422') in 0.005232 seconds 
========================================================================
Received Import Request.
  Time since last request: 14.064614 seconds.
  path: Assets/Material_Shaders/CurrentShader/_CombinedShaderTest.shadergraph
  artifactKey: Guid(c597cfaf5d8297e4e82a21a928d38e2c) Importer(815301076,1909f56bfc062723c751e8b465ee728b)
Start importing Assets/Material_Shaders/CurrentShader/_CombinedShaderTest.shadergraph using Guid(c597cfaf5d8297e4e82a21a928d38e2c) Importer(815301076,1909f56bfc062723c751e8b465ee728b)  -> (artifact id: '733b7da55d7a55fa99a1f3497ac21396') in 0.006259 seconds 
========================================================================
Received Prepare
Registering precompiled user dll's ...
Registered in 0.007675 seconds.
Begin MonoManager ReloadAssembly
Native extension for WindowsStandalone target not found
Refreshing native plugins compatible for Editor in 1.13 ms, found 10 plugins.
Preloading 1 native plugins for Editor in 0.08 ms.
System.Reflection.TargetInvocationException: Exception has been thrown by the target of an invocation. ---> System.NullReferenceException: Object reference not set to an instance of an object
  at Unity.XR.Oculus.OculusLoader.AssetPathToAbsolutePath (System.String assetPath) [0x0003d] in C:\Users\torne\Thesis\ChangdeokgungVR\GungnyeoGame\Library\PackageCache\com.unity.xr.oculus@1.11.2\Runtime\OculusLoader.cs:250 
  at Unity.XR.Oculus.OculusLoader.EditorLoadOVRPlugin () [0x0007b] in C:\Users\torne\Thesis\ChangdeokgungVR\GungnyeoGame\Library\PackageCache\com.unity.xr.oculus@1.11.2\Runtime\OculusLoader.cs:235 
  at (wrapper managed-to-native) System.Reflection.RuntimeMethodInfo.InternalInvoke(System.Reflection.RuntimeMethodInfo,object,object[],System.Exception&)
  at System.Reflection.RuntimeMethodInfo.Invoke (System.Object obj, System.Reflection.BindingFlags invokeAttr, System.Reflection.Binder binder, System.Object[] parameters, System.Globalization.CultureInfo culture) [0x0006a] in <47ab72e0328040438980f9c23608e1ec>:0 
   --- End of inner exception stack trace ---
  at System.Reflection.RuntimeMethodInfo.Invoke (System.Object obj, System.Reflection.BindingFlags invokeAttr, System.Reflection.Binder binder, System.Object[] parameters, System.Globalization.CultureInfo culture) [0x00083] in <47ab72e0328040438980f9c23608e1ec>:0 
  at System.Reflection.MethodBase.Invoke (System.Object obj, System.Object[] parameters) [0x00000] in <47ab72e0328040438980f9c23608e1ec>:0 
  at UnityEditor.EditorAssemblies.ProcessInitializeOnLoadMethodAttributes () [0x000a5] in <091d339d138346aa90aa98b5607c9126>:0 
UnityEngine.StackTraceUtility:ExtractStackTrace ()
UnityEngine.DebugLogHandler:LogFormat (UnityEngine.LogType,UnityEngine.Object,string,object[])
UnityEngine.Logger:Log (UnityEngine.LogType,object)
UnityEngine.Debug:LogError (object)
UnityEditor.EditorAssemblies:ProcessInitializeOnLoadMethodAttributes ()

Mono: successfully reloaded assembly
- Completed reload, in  1.003 seconds
Domain Reload Profiling:
	ReloadAssembly (1003ms)
		BeginReloadAssembly (124ms)
			ExecutionOrderSort (0ms)
			DisableScriptedObjects (4ms)
			BackupInstance (0ms)
			ReleaseScriptingObjects (0ms)
			CreateAndSetChildDomain (36ms)
		EndReloadAssembly (812ms)
			LoadAssemblies (67ms)
			RebuildTransferFunctionScriptingTraits (0ms)
			SetupTypeCache (169ms)
			ReleaseScriptCaches (2ms)
			RebuildScriptCaches (34ms)
			SetupLoadedEditorAssemblies (456ms)
				LogAssemblyErrors (0ms)
				InitializePlatformSupportModulesInManaged (9ms)
				SetLoadedEditorAssemblies (0ms)
				RefreshPlugins (1ms)
				BeforeProcessingInitializeOnLoad (70ms)
				ProcessInitializeOnLoadAttributes (311ms)
				ProcessInitializeOnLoadMethodAttributes (59ms)
				AfterProcessingInitializeOnLoad (6ms)
				EditorAssembliesLoaded (0ms)
			ExecutionOrderSort2 (0ms)
			AwakeInstancesAfterBackupRestoration (28ms)
Platform modules already initialized, skipping
Switching build target platform(19) subTarget(0) extendedPlatform(0) -> platform(13) subTarget(0) extendedPlatform(0)
Refreshing native plugins compatible for Editor in 1.18 ms, found 10 plugins.
Preloading 1 native plugins for Editor in 0.08 ms.
Unloading 4937 Unused Serialized files (Serialized files now loaded: 0)
Unloading 45 unused Assets / (406.8 KB). Loaded Objects now: 5571.
Memory consumption went from 216.6 MB to 216.2 MB.
Total: 4.845600 ms (FindLiveObjects: 0.415900 ms CreateObjectMapping: 0.316600 ms MarkObjects: 3.884500 ms  DeleteObjects: 0.227800 ms)

AssetImportParameters requested are different than current active one (requested -> active):
  custom:video-decoder-ogg-theora: a1e56fd34408186e4bbccfd4996cb3dc -> 
  custom:container-muxer-webm: aa71ff27fc2769a1b78a27578f13a17b -> 
  custom:container-demuxer-webm: 4f35f7cbe854078d1ac9338744f61a02 -> 
  custom:video-encoder-webm-vp8: eb34c28f22e8b96e1ab97ce403110664 -> 
  custom:video-codec-MediaFoundation-h265: e54d7ab0439102e2317fc1e4b246158d -> 
  custom:audio-encoder-webm-vorbis: bf7c407c2cedff20999df2af8eb42d56 -> 
  custom:framework-win-MediaFoundation: 216162199b28c13a410421893ffa2e32 -> 
  custom:container-demuxer-ogg: 62fdf1f143b41e24485cea50d1cbac27 -> 
  custom:video-decoder-webm-vp8: 9c59270c3fd7afecdb556c50c9e8de78 -> 
  custom:audio-decoder-ogg-vorbis: bf7c407c2cedff20999df2af8eb42d56 -> 
========================================================================
Received Prepare
Registering precompiled user dll's ...
Registered in 0.008328 seconds.
Begin MonoManager ReloadAssembly
Native extension for WindowsStandalone target not found
Refreshing native plugins compatible for Editor in 1.11 ms, found 10 plugins.
Preloading 1 native plugins for Editor in 0.09 ms.
System.Reflection.TargetInvocationException: Exception has been thrown by the target of an invocation. ---> System.NullReferenceException: Object reference not set to an instance of an object
  at Unity.XR.Oculus.OculusLoader.AssetPathToAbsolutePath (System.String assetPath) [0x0003d] in C:\Users\torne\Thesis\ChangdeokgungVR\GungnyeoGame\Library\PackageCache\com.unity.xr.oculus@1.11.2\Runtime\OculusLoader.cs:250 
  at Unity.XR.Oculus.OculusLoader.EditorLoadOVRPlugin () [0x0007b] in C:\Users\torne\Thesis\ChangdeokgungVR\GungnyeoGame\Library\PackageCache\com.unity.xr.oculus@1.11.2\Runtime\OculusLoader.cs:235 
  at (wrapper managed-to-native) System.Reflection.RuntimeMethodInfo.InternalInvoke(System.Reflection.RuntimeMethodInfo,object,object[],System.Exception&)
  at System.Reflection.RuntimeMethodInfo.Invoke (System.Object obj, System.Reflection.BindingFlags invokeAttr, System.Reflection.Binder binder, System.Object[] parameters, System.Globalization.CultureInfo culture) [0x0006a] in <47ab72e0328040438980f9c23608e1ec>:0 
   --- End of inner exception stack trace ---
  at System.Reflection.RuntimeMethodInfo.Invoke (System.Object obj, System.Reflection.BindingFlags invokeAttr, System.Reflection.Binder binder, System.Object[] parameters, System.Globalization.CultureInfo culture) [0x00083] in <47ab72e0328040438980f9c23608e1ec>:0 
  at System.Reflection.MethodBase.Invoke (System.Object obj, System.Object[] parameters) [0x00000] in <47ab72e0328040438980f9c23608e1ec>:0 
  at UnityEditor.EditorAssemblies.ProcessInitializeOnLoadMethodAttributes () [0x000a5] in <091d339d138346aa90aa98b5607c9126>:0 
UnityEngine.StackTraceUtility:ExtractStackTrace ()
UnityEngine.DebugLogHandler:LogFormat (UnityEngine.LogType,UnityEngine.Object,string,object[])
UnityEngine.Logger:Log (UnityEngine.LogType,object)
UnityEngine.Debug:LogError (object)
UnityEditor.EditorAssemblies:ProcessInitializeOnLoadMethodAttributes ()

Mono: successfully reloaded assembly
- Completed reload, in  0.997 seconds
Domain Reload Profiling:
	ReloadAssembly (997ms)
		BeginReloadAssembly (119ms)
			ExecutionOrderSort (0ms)
			DisableScriptedObjects (4ms)
			BackupInstance (0ms)
			ReleaseScriptingObjects (0ms)
			CreateAndSetChildDomain (35ms)
		EndReloadAssembly (811ms)
			LoadAssemblies (67ms)
			RebuildTransferFunctionScriptingTraits (0ms)
			SetupTypeCache (166ms)
			ReleaseScriptCaches (2ms)
			RebuildScriptCaches (34ms)
			SetupLoadedEditorAssemblies (452ms)
				LogAssemblyErrors (0ms)
				InitializePlatformSupportModulesInManaged (9ms)
				SetLoadedEditorAssemblies (0ms)
				RefreshPlugins (1ms)
				BeforeProcessingInitializeOnLoad (72ms)
				ProcessInitializeOnLoadAttributes (305ms)
				ProcessInitializeOnLoadMethodAttributes (58ms)
				AfterProcessingInitializeOnLoad (6ms)
				EditorAssembliesLoaded (0ms)
			ExecutionOrderSort2 (0ms)
			AwakeInstancesAfterBackupRestoration (32ms)
Platform modules already initialized, skipping
Switching build target platform(19) subTarget(0) extendedPlatform(0) -> platform(13) subTarget(0) extendedPlatform(0)
Refreshing native plugins compatible for Editor in 1.16 ms, found 10 plugins.
Preloading 1 native plugins for Editor in 0.09 ms.
Unloading 4937 Unused Serialized files (Serialized files now loaded: 0)
Unloading 45 unused Assets / (414.6 KB). Loaded Objects now: 5576.
Memory consumption went from 216.6 MB to 216.2 MB.
Total: 4.889300 ms (FindLiveObjects: 0.375400 ms CreateObjectMapping: 0.244100 ms MarkObjects: 4.054500 ms  DeleteObjects: 0.214700 ms)

AssetImportParameters requested are different than current active one (requested -> active):
  custom:video-decoder-ogg-theora: a1e56fd34408186e4bbccfd4996cb3dc -> 
  custom:container-muxer-webm: aa71ff27fc2769a1b78a27578f13a17b -> 
  custom:container-demuxer-webm: 4f35f7cbe854078d1ac9338744f61a02 -> 
  custom:video-encoder-webm-vp8: eb34c28f22e8b96e1ab97ce403110664 -> 
  custom:video-codec-MediaFoundation-h265: e54d7ab0439102e2317fc1e4b246158d -> 
  custom:audio-encoder-webm-vorbis: bf7c407c2cedff20999df2af8eb42d56 -> 
  custom:framework-win-MediaFoundation: 216162199b28c13a410421893ffa2e32 -> 
  custom:container-demuxer-ogg: 62fdf1f143b41e24485cea50d1cbac27 -> 
  custom:video-decoder-webm-vp8: 9c59270c3fd7afecdb556c50c9e8de78 -> 
  custom:audio-decoder-ogg-vorbis: bf7c407c2cedff20999df2af8eb42d56 -> 
========================================================================
Received Import Request.
  Time since last request: 481.445123 seconds.
  path: Assets/Material_Shaders/CurrentShader/CombinedNedShader.shadergraph
  artifactKey: Guid(75a442eed0619154fa4784cd8ce18db1) Importer(815301076,1909f56bfc062723c751e8b465ee728b)
Start importing Assets/Material_Shaders/CurrentShader/CombinedNedShader.shadergraph using Guid(75a442eed0619154fa4784cd8ce18db1) Importer(815301076,1909f56bfc062723c751e8b465ee728b)  -> (artifact id: '7cd17f6bbd45251773e600649d809190') in 0.027842 seconds 
========================================================================
Received Import Request.
  Time since last request: 15.209417 seconds.
  path: Assets/Material_Textures/GungnyeoRooms_3.10
  artifactKey: Guid(1dd3f7cff056f0440a176120a70f4384) Importer(815301076,1909f56bfc062723c751e8b465ee728b)
Start importing Assets/Material_Textures/GungnyeoRooms_3.10 using Guid(1dd3f7cff056f0440a176120a70f4384) Importer(815301076,1909f56bfc062723c751e8b465ee728b)  -> (artifact id: '34665be31e4806f33eb9f182a2a9a1a1') in 0.004788 seconds 
========================================================================
Received Import Request.
  Time since last request: 1.288475 seconds.
  path: Assets/Material_Textures/GungnyeoRooms_3.10/Materials
  artifactKey: Guid(80bbd5e52352a1c4291a11b413ce247c) Importer(815301076,1909f56bfc062723c751e8b465ee728b)
Start importing Assets/Material_Textures/GungnyeoRooms_3.10/Materials using Guid(80bbd5e52352a1c4291a11b413ce247c) Importer(815301076,1909f56bfc062723c751e8b465ee728b)  -> (artifact id: '7c12cdf0354aa761eaf4dc0dad97c356') in 0.004719 seconds 
========================================================================
Received Import Request.
  Time since last request: 1.301260 seconds.
  path: Assets/Material_Textures/GungnyeoRooms_3.10/Textures/GungnyeoRoom_Grabbables_v1.png
  artifactKey: Guid(657174a08f373814f8d0ff959a1949c2) Importer(815301076,1909f56bfc062723c751e8b465ee728b)
Start importing Assets/Material_Textures/GungnyeoRooms_3.10/Textures/GungnyeoRoom_Grabbables_v1.png using Guid(657174a08f373814f8d0ff959a1949c2) Importer(815301076,1909f56bfc062723c751e8b465ee728b)  -> (artifact id: '1ebe17397421040590e508d586a64971') in 0.106864 seconds 
========================================================================
Received Import Request.
  Time since last request: 0.224863 seconds.
  path: Assets/Material_Textures/GungnyeoRooms_3.10/Textures/GungnyeoRoom_1.png
  artifactKey: Guid(2fdd4e0dff61a8441bb956a176918d98) Importer(815301076,1909f56bfc062723c751e8b465ee728b)
Start importing Assets/Material_Textures/GungnyeoRooms_3.10/Textures/GungnyeoRoom_1.png using Guid(2fdd4e0dff61a8441bb956a176918d98) Importer(815301076,1909f56bfc062723c751e8b465ee728b)  -> (artifact id: '6fe174c1c8d65b22dbb106a34f13635f') in 0.044580 seconds 
========================================================================
Received Import Request.
  Time since last request: 0.371666 seconds.
  path: Assets/Material_Textures/GungnyeoRooms_3.10/Textures/GungnyeoRoom_3.png
  artifactKey: Guid(25f81171e2ef52045ad65e1c46f45406) Importer(815301076,1909f56bfc062723c751e8b465ee728b)
Start importing Assets/Material_Textures/GungnyeoRooms_3.10/Textures/GungnyeoRoom_3.png using Guid(25f81171e2ef52045ad65e1c46f45406) Importer(815301076,1909f56bfc062723c751e8b465ee728b)  -> (artifact id: '3fccbb93c418860fa77c25758ea2b9cc') in 0.040243 seconds 
========================================================================
Received Import Request.
  Time since last request: 79.361401 seconds.
  path: Assets/Material_Textures/GungnyeoRooms_3.10/Textures
  artifactKey: Guid(84c7c45f42240514389e7d361502f934) Importer(815301076,1909f56bfc062723c751e8b465ee728b)
Start importing Assets/Material_Textures/GungnyeoRooms_3.10/Textures using Guid(84c7c45f42240514389e7d361502f934) Importer(815301076,1909f56bfc062723c751e8b465ee728b)  -> (artifact id: '38960dffd4ea06a4f480ed9f3e049e0f') in 0.005722 seconds 
========================================================================
Received Import Request.
  Time since last request: 3.220923 seconds.
  path: Assets/Material_Textures/GungnyeoRooms_3.10/Textures/GungnyeoRoom_2.png
  artifactKey: Guid(826eecb202b97004caccc507fbaebec1) Importer(815301076,1909f56bfc062723c751e8b465ee728b)
Start importing Assets/Material_Textures/GungnyeoRooms_3.10/Textures/GungnyeoRoom_2.png using Guid(826eecb202b97004caccc507fbaebec1) Importer(815301076,1909f56bfc062723c751e8b465ee728b)  -> (artifact id: 'cb6ef1a7a0e1a8423372c29a7ba3d1c0') in 0.043588 seconds 
========================================================================
Received Import Request.
  Time since last request: 9.120573 seconds.
  path: Assets/Material_Textures/GungnyeoRooms_3.10/Materials/OriginalShaders
  artifactKey: Guid(f034619432d760c499794aa16f91a8b1) Importer(815301076,1909f56bfc062723c751e8b465ee728b)
Start importing Assets/Material_Textures/GungnyeoRooms_3.10/Materials/OriginalShaders using Guid(f034619432d760c499794aa16f91a8b1) Importer(815301076,1909f56bfc062723c751e8b465ee728b)  -> (artifact id: 'daef4b6c1440d6ebbe961318a9c935ee') in 0.005934 seconds 
========================================================================
Received Import Request.
  Time since last request: 22.288656 seconds.
  path: Assets/Material_Textures/3.07_Daejojeon/Textures/Tx_HaenggakCeilings_and_SmallKitchenCeiling.png
  artifactKey: Guid(6e4916d746f5dfe4c9c0b74d5fb7dd69) Importer(815301076,1909f56bfc062723c751e8b465ee728b)
Start importing Assets/Material_Textures/3.07_Daejojeon/Textures/Tx_HaenggakCeilings_and_SmallKitchenCeiling.png using Guid(6e4916d746f5dfe4c9c0b74d5fb7dd69) Importer(815301076,1909f56bfc062723c751e8b465ee728b)  -> (artifact id: 'ed1de5f65166b6db200920806387dd6b') in 0.222665 seconds 
========================================================================
Received Import Request.
  Time since last request: 6.986048 seconds.
  path: Assets/Material_Textures/3.07_Daejojeon/Textures/Tx_DJJ_GreatHallFar.png
  artifactKey: Guid(883c01d84cff5334f8e4e3f2c2f73fb3) Importer(815301076,1909f56bfc062723c751e8b465ee728b)
Start importing Assets/Material_Textures/3.07_Daejojeon/Textures/Tx_DJJ_GreatHallFar.png using Guid(883c01d84cff5334f8e4e3f2c2f73fb3) Importer(815301076,1909f56bfc062723c751e8b465ee728b)  -> (artifact id: '1ab8daae25fef170f5a8d0c6ac416705') in 0.129103 seconds 
========================================================================
Received Import Request.
  Time since last request: 0.267642 seconds.
  path: Assets/Material_Textures/3.07_Daejojeon/Textures/Tx_DJJ_KingsCorridor.png
  artifactKey: Guid(4b5c8e8be64bfa1448ca09adc81bbfd4) Importer(815301076,1909f56bfc062723c751e8b465ee728b)
Start importing Assets/Material_Textures/3.07_Daejojeon/Textures/Tx_DJJ_KingsCorridor.png using Guid(4b5c8e8be64bfa1448ca09adc81bbfd4) Importer(815301076,1909f56bfc062723c751e8b465ee728b)  -> (artifact id: '8417b564b967b939ad77d6aa27844bd4') in 0.128199 seconds 
========================================================================
Received Import Request.
  Time since last request: 0.169226 seconds.
  path: Assets/Material_Textures/3.07_Daejojeon/Textures/Tx_DaejojeonCeilings.png
  artifactKey: Guid(10e502887d40aed4ebb60ca8c7a1883d) Importer(815301076,1909f56bfc062723c751e8b465ee728b)
Start importing Assets/Material_Textures/3.07_Daejojeon/Textures/Tx_DaejojeonCeilings.png using Guid(10e502887d40aed4ebb60ca8c7a1883d) Importer(815301076,1909f56bfc062723c751e8b465ee728b)  -> (artifact id: '92ac42f886cd1081c047dda3298f7af7') in 0.129665 seconds 
========================================================================
Received Import Request.
  Time since last request: 0.744854 seconds.
  path: Assets/Material_Textures/3.07_Daejojeon/Textures/Tx_Foundation_JungjeonRooms.png
  artifactKey: Guid(08813ee1426fa83498ac28a17097e064) Importer(815301076,1909f56bfc062723c751e8b465ee728b)
Start importing Assets/Material_Textures/3.07_Daejojeon/Textures/Tx_Foundation_JungjeonRooms.png using Guid(08813ee1426fa83498ac28a17097e064) Importer(815301076,1909f56bfc062723c751e8b465ee728b)  -> (artifact id: '8493544ec16208e9ce793f84e17ab239') in 0.122731 seconds 
========================================================================
Received Import Request.
  Time since last request: 0.337774 seconds.
  path: Assets/Material_Textures/3.07_Daejojeon/Textures/Tx_OuterHaenggak_GateSideFar.png
  artifactKey: Guid(6c84f6721dde18d4baa3af7c3401b2c4) Importer(815301076,1909f56bfc062723c751e8b465ee728b)
Start importing Assets/Material_Textures/3.07_Daejojeon/Textures/Tx_OuterHaenggak_GateSideFar.png using Guid(6c84f6721dde18d4baa3af7c3401b2c4) Importer(815301076,1909f56bfc062723c751e8b465ee728b)  -> (artifact id: '494e9b6eec3e3c645b9a9b3ef65ee4f0') in 0.128967 seconds 
========================================================================
Received Import Request.
  Time since last request: 0.181197 seconds.
  path: Assets/Material_Textures/3.07_Daejojeon/Textures/Tx_OuterHaenggak_GateSideNear.png
  artifactKey: Guid(895c964c3d11e8b4d9fc4c32863788ae) Importer(815301076,1909f56bfc062723c751e8b465ee728b)
Start importing Assets/Material_Textures/3.07_Daejojeon/Textures/Tx_OuterHaenggak_GateSideNear.png using Guid(895c964c3d11e8b4d9fc4c32863788ae) Importer(815301076,1909f56bfc062723c751e8b465ee728b)  -> (artifact id: '60f702e1eff61e3bd954a9644cfe320d') in 0.127969 seconds 
========================================================================
Received Import Request.
  Time since last request: 16.008373 seconds.
  path: Assets/Material_Textures/GungnyeoRooms_3.10/OriginalShader
  artifactKey: Guid(02acf216457e7f6488060c51043802f2) Importer(815301076,1909f56bfc062723c751e8b465ee728b)
Start importing Assets/Material_Textures/GungnyeoRooms_3.10/OriginalShader using Guid(02acf216457e7f6488060c51043802f2) Importer(815301076,1909f56bfc062723c751e8b465ee728b)  -> (artifact id: '094263b30066b13b580d0ef375704fc4') in 0.004693 seconds 
========================================================================
Received Import Request.
  Time since last request: 241.196498 seconds.
  path: Assets/Material_Textures/3.07_Daejojeon/Textures/Tx_Corridor2_v2.png
  artifactKey: Guid(620c66d299c4cad4e8ea8737b77a6e96) Importer(815301076,1909f56bfc062723c751e8b465ee728b)
Start importing Assets/Material_Textures/3.07_Daejojeon/Textures/Tx_Corridor2_v2.png using Guid(620c66d299c4cad4e8ea8737b77a6e96) Importer(815301076,1909f56bfc062723c751e8b465ee728b)  -> (artifact id: '4b8206bb776825d7aeb7494316b0957f') in 0.117979 seconds 
========================================================================
Received Import Request.
  Time since last request: 3.579344 seconds.
  path: Assets/Material_Textures/3.07_Daejojeon/Ceilings_Haenggak.mat
  artifactKey: Guid(8fea824d68f7da34ebb33072ed58310e) Importer(815301076,1909f56bfc062723c751e8b465ee728b)
Start importing Assets/Material_Textures/3.07_Daejojeon/Ceilings_Haenggak.mat using Guid(8fea824d68f7da34ebb33072ed58310e) Importer(815301076,1909f56bfc062723c751e8b465ee728b)  -> (artifact id: '74dd7d865151431af0afc782f9a60d13') in 0.427211 seconds 
========================================================================
Received Import Request.
  Time since last request: 0.000035 seconds.
  path: Assets/Material_Textures/3.07_Daejojeon/Foundation_PlayArea.mat
  artifactKey: Guid(7a2451ee35cd4f14ebf5be42404571c6) Importer(815301076,1909f56bfc062723c751e8b465ee728b)
Start importing Assets/Material_Textures/3.07_Daejojeon/Foundation_PlayArea.mat using Guid(7a2451ee35cd4f14ebf5be42404571c6) Importer(815301076,1909f56bfc062723c751e8b465ee728b)  -> (artifact id: 'ed67ae5a16f9460fdb8d0341175c1aef') in 0.157538 seconds 
========================================================================
Received Import Request.
  Time since last request: 0.000040 seconds.
  path: Assets/Material_Textures/3.07_Daejojeon/HG_GateFar.mat
  artifactKey: Guid(094c9307d9174634393ca84d1e4cacbb) Importer(815301076,1909f56bfc062723c751e8b465ee728b)
Start importing Assets/Material_Textures/3.07_Daejojeon/HG_GateFar.mat using Guid(094c9307d9174634393ca84d1e4cacbb) Importer(815301076,1909f56bfc062723c751e8b465ee728b)  -> (artifact id: '45c9583937a08bf126d9ffed7b084f85') in 0.134575 seconds 
========================================================================
Received Import Request.
  Time since last request: 0.000024 seconds.
  path: Assets/Material_Textures/3.07_Daejojeon/D_KingsCor.mat
  artifactKey: Guid(41f8c2240817a334f8eee99bbe1a769b) Importer(815301076,1909f56bfc062723c751e8b465ee728b)
Start importing Assets/Material_Textures/3.07_Daejojeon/D_KingsCor.mat using Guid(41f8c2240817a334f8eee99bbe1a769b) Importer(815301076,1909f56bfc062723c751e8b465ee728b)  -> (artifact id: '907f97eb6701c136364fd875a5514072') in 0.128486 seconds 
========================================================================
Received Import Request.
  Time since last request: 0.000019 seconds.
  path: Assets/Material_Textures/3.07_Daejojeon/GungnyeoQuarters.mat
  artifactKey: Guid(1ec48a88e1988af49bf09865e3159db0) Importer(815301076,1909f56bfc062723c751e8b465ee728b)
Start importing Assets/Material_Textures/3.07_Daejojeon/GungnyeoQuarters.mat using Guid(1ec48a88e1988af49bf09865e3159db0) Importer(815301076,1909f56bfc062723c751e8b465ee728b)  -> (artifact id: 'aa936b22f687efa4e48772a3d4b4eeb0') in 0.128047 seconds 
========================================================================
Received Import Request.
  Time since last request: 0.000025 seconds.
  path: Assets/Material_Textures/3.07_Daejojeon/D_KingsRoom.mat
  artifactKey: Guid(8ead3b7aae0e06e40b329c9680422692) Importer(815301076,1909f56bfc062723c751e8b465ee728b)
Start importing Assets/Material_Textures/3.07_Daejojeon/D_KingsRoom.mat using Guid(8ead3b7aae0e06e40b329c9680422692) Importer(815301076,1909f56bfc062723c751e8b465ee728b)  -> (artifact id: '7e75584586ab981351c4b97adb02ce02') in 0.123219 seconds 
========================================================================
Received Import Request.
  Time since last request: 0.000018 seconds.
  path: Assets/Material_Textures/3.07_Daejojeon/Corridor1 1.mat
  artifactKey: Guid(7a9792536d1fbe24d8c72c5a3c1b51e2) Importer(815301076,1909f56bfc062723c751e8b465ee728b)
Start importing Assets/Material_Textures/3.07_Daejojeon/Corridor1 1.mat using Guid(7a9792536d1fbe24d8c72c5a3c1b51e2) Importer(815301076,1909f56bfc062723c751e8b465ee728b)  -> (artifact id: '20ac1ab510a64d593e657762c6e7e39c') in 0.126516 seconds 
========================================================================
Received Import Request.
  Time since last request: 0.000020 seconds.
  path: Assets/Material_Textures/3.07_Daejojeon/SanggungRooms.mat
  artifactKey: Guid(28362bb5f635bbf48bb9456c08ee9e48) Importer(815301076,1909f56bfc062723c751e8b465ee728b)
Start importing Assets/Material_Textures/3.07_Daejojeon/SanggungRooms.mat using Guid(28362bb5f635bbf48bb9456c08ee9e48) Importer(815301076,1909f56bfc062723c751e8b465ee728b)  -> (artifact id: '00e047ab820a0169c74cc6327b68467f') in 0.125459 seconds 
========================================================================
Received Import Request.
  Time since last request: 0.000024 seconds.
  path: Assets/Material_Textures/3.07_Daejojeon/Storage.mat
  artifactKey: Guid(4e6b8594a3cce71459ef4ec2e422860c) Importer(815301076,1909f56bfc062723c751e8b465ee728b)
Start importing Assets/Material_Textures/3.07_Daejojeon/Storage.mat using Guid(4e6b8594a3cce71459ef4ec2e422860c) Importer(815301076,1909f56bfc062723c751e8b465ee728b)  -> (artifact id: 'dc0583fe65d00aaaf4994836bc21fbc7') in 0.125767 seconds 
========================================================================
Received Import Request.
  Time since last request: 0.000018 seconds.
  path: Assets/Material_Textures/3.07_Daejojeon/D_SmallRooms.mat
  artifactKey: Guid(30465ea947d0ef4438ef43e6c941a9c8) Importer(815301076,1909f56bfc062723c751e8b465ee728b)
Start importing Assets/Material_Textures/3.07_Daejojeon/D_SmallRooms.mat using Guid(30465ea947d0ef4438ef43e6c941a9c8) Importer(815301076,1909f56bfc062723c751e8b465ee728b)  -> (artifact id: 'bbe954a4a1a325ae54e87c514642484e') in 0.120489 seconds 
========================================================================
Received Import Request.
  Time since last request: 0.000022 seconds.
  path: Assets/Material_Textures/3.07_Daejojeon/HG_Gatehouse.mat
  artifactKey: Guid(5fa294b6542828448a56fcb16755546d) Importer(815301076,1909f56bfc062723c751e8b465ee728b)
Start importing Assets/Material_Textures/3.07_Daejojeon/HG_Gatehouse.mat using Guid(5fa294b6542828448a56fcb16755546d) Importer(815301076,1909f56bfc062723c751e8b465ee728b)  -> (artifact id: '876be0d2e30b65427cfdb3bf35d0c430') in 0.140123 seconds 
========================================================================
Received Import Request.
  Time since last request: 0.000031 seconds.
  path: Assets/Material_Textures/3.07_Daejojeon/HG_Farthest.mat
  artifactKey: Guid(f6fc9a502b4561a409a0980ce9c19c62) Importer(815301076,1909f56bfc062723c751e8b465ee728b)
Start importing Assets/Material_Textures/3.07_Daejojeon/HG_Farthest.mat using Guid(f6fc9a502b4561a409a0980ce9c19c62) Importer(815301076,1909f56bfc062723c751e8b465ee728b)  -> (artifact id: 'ce04f59fc9677137d40e2359c08553e1') in 0.121703 seconds 
========================================================================
Received Import Request.
  Time since last request: 0.000018 seconds.
  path: Assets/Material_Textures/3.07_Daejojeon/Foundation_ScreensSmallKitchen 1.mat
  artifactKey: Guid(fb84aab8670204b4892a824c0dba7da2) Importer(815301076,1909f56bfc062723c751e8b465ee728b)
Start importing Assets/Material_Textures/3.07_Daejojeon/Foundation_ScreensSmallKitchen 1.mat using Guid(fb84aab8670204b4892a824c0dba7da2) Importer(815301076,1909f56bfc062723c751e8b465ee728b)  -> (artifact id: '4af747b3bb1b40d35fb2b87eec540d5e') in 0.039530 seconds 
========================================================================
Received Import Request.
  Time since last request: 0.000025 seconds.
  path: Assets/Material_Textures/3.07_Daejojeon/D_PlayCor.mat
  artifactKey: Guid(7e156bad41562cc4799c76c00dd570d8) Importer(815301076,1909f56bfc062723c751e8b465ee728b)
Start importing Assets/Material_Textures/3.07_Daejojeon/D_PlayCor.mat using Guid(7e156bad41562cc4799c76c00dd570d8) Importer(815301076,1909f56bfc062723c751e8b465ee728b)  -> (artifact id: 'f7ec9b50d4a9115ec733ddb452b0022e') in 0.131341 seconds 
========================================================================
Received Import Request.
  Time since last request: 0.000022 seconds.
  path: Assets/Material_Textures/3.07_Daejojeon/D_GreatNear.mat
  artifactKey: Guid(0a8ce48f2cdc6604d80f5e2efbb27c94) Importer(815301076,1909f56bfc062723c751e8b465ee728b)
Start importing Assets/Material_Textures/3.07_Daejojeon/D_GreatNear.mat using Guid(0a8ce48f2cdc6604d80f5e2efbb27c94) Importer(815301076,1909f56bfc062723c751e8b465ee728b)  -> (artifact id: 'a7feeee6059c7898dbab4a267876fa8f') in 0.126622 seconds 
========================================================================
Received Import Request.
  Time since last request: 18.638768 seconds.
  path: Assets/Material_Textures/GungnyeoRooms_3.10/OriginalShader/Room2.mat
  artifactKey: Guid(9474f808f79733d409d5720b4286f76f) Importer(815301076,1909f56bfc062723c751e8b465ee728b)
Start importing Assets/Material_Textures/GungnyeoRooms_3.10/OriginalShader/Room2.mat using Guid(9474f808f79733d409d5720b4286f76f) Importer(815301076,1909f56bfc062723c751e8b465ee728b)  -> (artifact id: '04b118319a462dd186aa2660aaf34147') in 0.049178 seconds 
Editor requested this worker to shutdown with reason: Scaling down because of idle timeout
AssetImportWorker is now disconnected from the server
Process exiting
Exiting without the bug reporter. Application will terminate with return code 0