Using pre-set license
Built from '2021.2/staging' branch; Version is '2021.2.9f1 (921b45a28ab6) revision 9575237'; Using compiler version '192829333'; Build Type 'Release'
OS: 'Windows 10  (10.0.19043) 64bit Core' Language: 'en' Physical Memory: 65460 MB
BatchMode: 1, IsHumanControllingUs: 0, StartBugReporterOnCrash: 0, Is64bit: 1, IsPro: 0

COMMAND LINE ARGUMENTS:
C:\Program Files\Unity\Hub\Editor\2021.2.9f1\Editor\Unity.exe
-adb2
-batchMode
-noUpm
-name
AssetImportWorker2
-projectPath
C:/Users/torne/Thesis/ChangdeokgungVR/GungnyeoGame
-logFile
Logs/AssetImportWorker2.log
-srvPort
52490
Successfully changed project path to: C:/Users/torne/Thesis/ChangdeokgungVR/GungnyeoGame
C:/Users/torne/Thesis/ChangdeokgungVR/GungnyeoGame
[UnityMemory] Configuration Parameters - Can be set up in boot.config
    "memorysetup-bucket-allocator-granularity=16"
    "memorysetup-bucket-allocator-bucket-count=8"
    "memorysetup-bucket-allocator-block-size=33554432"
    "memorysetup-bucket-allocator-block-count=8"
    "memorysetup-main-allocator-block-size=16777216"
    "memorysetup-thread-allocator-block-size=16777216"
    "memorysetup-gfx-main-allocator-block-size=16777216"
    "memorysetup-gfx-thread-allocator-block-size=16777216"
    "memorysetup-cache-allocator-block-size=4194304"
    "memorysetup-typetree-allocator-block-size=2097152"
    "memorysetup-profiler-bucket-allocator-granularity=16"
    "memorysetup-profiler-bucket-allocator-bucket-count=8"
    "memorysetup-profiler-bucket-allocator-block-size=33554432"
    "memorysetup-profiler-bucket-allocator-block-count=8"
    "memorysetup-profiler-allocator-block-size=16777216"
    "memorysetup-profiler-editor-allocator-block-size=1048576"
    "memorysetup-temp-allocator-size-main=16777216"
    "memorysetup-job-temp-allocator-block-size=2097152"
    "memorysetup-job-temp-allocator-block-size-background=1048576"
    "memorysetup-job-temp-allocator-reduction-small-platforms=262144"
    "memorysetup-temp-allocator-size-background-worker=32768"
    "memorysetup-temp-allocator-size-job-worker=262144"
    "memorysetup-temp-allocator-size-preload-manager=33554432"
    "memorysetup-temp-allocator-size-nav-mesh-worker=65536"
    "memorysetup-temp-allocator-size-audio-worker=65536"
    "memorysetup-temp-allocator-size-cloud-worker=32768"
    "memorysetup-temp-allocator-size-gi-baking-worker=262144"
    "memorysetup-temp-allocator-size-gfx=262144"
Refreshing native plugins compatible for Editor in 79.10 ms, found 10 plugins.
Preloading 1 native plugins for Editor in 0.91 ms.
Initialize engine version: 2021.2.9f1 (921b45a28ab6)
[Subsystems] Discovering subsystems at path C:/Program Files/Unity/Hub/Editor/2021.2.9f1/Editor/Data/Resources/UnitySubsystems
[Subsystems] Discovering subsystems at path C:/Users/torne/Thesis/ChangdeokgungVR/GungnyeoGame/Assets
GfxDevice: creating device client; threaded=0; jobified=0
Direct3D:
    Version:  Direct3D 11.0 [level 11.1]
    Renderer: NVIDIA GeForce RTX 3080 (ID=0x2216)
    Vendor:   NVIDIA
    VRAM:     10078 MB
    Driver:   30.0.14.7212
Initialize mono
Mono path[0] = 'C:/Program Files/Unity/Hub/Editor/2021.2.9f1/Editor/Data/Managed'
Mono path[1] = 'C:/Program Files/Unity/Hub/Editor/2021.2.9f1/Editor/Data/MonoBleedingEdge/lib/mono/unityjit-win32'
Mono config path = 'C:/Program Files/Unity/Hub/Editor/2021.2.9f1/Editor/Data/MonoBleedingEdge/etc'
Using monoOptions --debugger-agent=transport=dt_socket,embedding=1,server=y,suspend=n,address=127.0.0.1:56632
Begin MonoManager ReloadAssembly
Registering precompiled unity dll's ...
Register platform support module: C:/Program Files/Unity/Hub/Editor/2021.2.9f1/Editor/Data/PlaybackEngines/WindowsStandaloneSupport/UnityEditor.WindowsStandalone.Extensions.dll
Registered in 0.010278 seconds.
Native extension for WindowsStandalone target not found
Refreshing native plugins compatible for Editor in 64.88 ms, found 10 plugins.
Preloading 1 native plugins for Editor in 0.07 ms.
Mono: successfully reloaded assembly
- Completed reload, in  0.539 seconds
Domain Reload Profiling:
	ReloadAssembly (539ms)
		BeginReloadAssembly (69ms)
			ExecutionOrderSort (0ms)
			DisableScriptedObjects (0ms)
			BackupInstance (0ms)
			ReleaseScriptingObjects (0ms)
			CreateAndSetChildDomain (1ms)
		EndReloadAssembly (396ms)
			LoadAssemblies (65ms)
			RebuildTransferFunctionScriptingTraits (0ms)
			SetupTypeCache (85ms)
			ReleaseScriptCaches (0ms)
			RebuildScriptCaches (25ms)
			SetupLoadedEditorAssemblies (236ms)
				LogAssemblyErrors (0ms)
				InitializePlatformSupportModulesInManaged (13ms)
				SetLoadedEditorAssemblies (0ms)
				RefreshPlugins (65ms)
				BeforeProcessingInitializeOnLoad (1ms)
				ProcessInitializeOnLoadAttributes (120ms)
				ProcessInitializeOnLoadMethodAttributes (37ms)
				AfterProcessingInitializeOnLoad (0ms)
				EditorAssembliesLoaded (0ms)
			ExecutionOrderSort2 (0ms)
			AwakeInstancesAfterBackupRestoration (0ms)
Platform modules already initialized, skipping
Registering precompiled user dll's ...
Registered in 0.010276 seconds.
Begin MonoManager ReloadAssembly
Native extension for WindowsStandalone target not found
Refreshing native plugins compatible for Editor in 61.68 ms, found 10 plugins.
Preloading 1 native plugins for Editor in 0.06 ms.
Package Manager log level set to [2]
System.Reflection.TargetInvocationException: Exception has been thrown by the target of an invocation. ---> System.NullReferenceException: Object reference not set to an instance of an object
  at Unity.XR.Oculus.OculusLoader.AssetPathToAbsolutePath (System.String assetPath) [0x0003d] in C:\Users\torne\Thesis\ChangdeokgungVR\GungnyeoGame\Library\PackageCache\com.unity.xr.oculus@1.11.2\Runtime\OculusLoader.cs:250 
  at Unity.XR.Oculus.OculusLoader.EditorLoadOVRPlugin () [0x0007b] in C:\Users\torne\Thesis\ChangdeokgungVR\GungnyeoGame\Library\PackageCache\com.unity.xr.oculus@1.11.2\Runtime\OculusLoader.cs:235 
  at (wrapper managed-to-native) System.Reflection.RuntimeMethodInfo.InternalInvoke(System.Reflection.RuntimeMethodInfo,object,object[],System.Exception&)
  at System.Reflection.RuntimeMethodInfo.Invoke (System.Object obj, System.Reflection.BindingFlags invokeAttr, System.Reflection.Binder binder, System.Object[] parameters, System.Globalization.CultureInfo culture) [0x0006a] in <47ab72e0328040438980f9c23608e1ec>:0 
   --- End of inner exception stack trace ---
  at System.Reflection.RuntimeMethodInfo.Invoke (System.Object obj, System.Reflection.BindingFlags invokeAttr, System.Reflection.Binder binder, System.Object[] parameters, System.Globalization.CultureInfo culture) [0x00083] in <47ab72e0328040438980f9c23608e1ec>:0 
  at System.Reflection.MethodBase.Invoke (System.Object obj, System.Object[] parameters) [0x00000] in <47ab72e0328040438980f9c23608e1ec>:0 
  at UnityEditor.EditorAssemblies.ProcessInitializeOnLoadMethodAttributes () [0x000a5] in <091d339d138346aa90aa98b5607c9126>:0 
UnityEngine.StackTraceUtility:ExtractStackTrace ()
UnityEngine.DebugLogHandler:LogFormat (UnityEngine.LogType,UnityEngine.Object,string,object[])
UnityEngine.Logger:Log (UnityEngine.LogType,object)
UnityEngine.Debug:LogError (object)
UnityEditor.EditorAssemblies:ProcessInitializeOnLoadMethodAttributes ()

Mono: successfully reloaded assembly
- Completed reload, in  1.752 seconds
Domain Reload Profiling:
	ReloadAssembly (1753ms)
		BeginReloadAssembly (110ms)
			ExecutionOrderSort (0ms)
			DisableScriptedObjects (5ms)
			BackupInstance (0ms)
			ReleaseScriptingObjects (0ms)
			CreateAndSetChildDomain (19ms)
		EndReloadAssembly (1545ms)
			LoadAssemblies (95ms)
			RebuildTransferFunctionScriptingTraits (0ms)
			SetupTypeCache (235ms)
			ReleaseScriptCaches (1ms)
			RebuildScriptCaches (58ms)
			SetupLoadedEditorAssemblies (1126ms)
				LogAssemblyErrors (0ms)
				InitializePlatformSupportModulesInManaged (12ms)
				SetLoadedEditorAssemblies (0ms)
				RefreshPlugins (62ms)
				BeforeProcessingInitializeOnLoad (108ms)
				ProcessInitializeOnLoadAttributes (850ms)
				ProcessInitializeOnLoadMethodAttributes (85ms)
				AfterProcessingInitializeOnLoad (9ms)
				EditorAssembliesLoaded (0ms)
			ExecutionOrderSort2 (0ms)
			AwakeInstancesAfterBackupRestoration (4ms)
Platform modules already initialized, skipping
========================================================================
Worker process is ready to serve import requests
Launched and connected shader compiler UnityShaderCompiler.exe after 0.05 seconds
Refreshing native plugins compatible for Editor in 1.21 ms, found 10 plugins.
Preloading 1 native plugins for Editor in 0.10 ms.
Unloading 5124 Unused Serialized files (Serialized files now loaded: 0)
Unloading 52 unused Assets / (432.3 KB). Loaded Objects now: 5568.
Memory consumption went from 219.0 MB to 218.6 MB.
Total: 4.683700 ms (FindLiveObjects: 0.402900 ms CreateObjectMapping: 0.246500 ms MarkObjects: 3.817000 ms  DeleteObjects: 0.216700 ms)

AssetImportParameters requested are different than current active one (requested -> active):
  custom:video-decoder-ogg-theora: a1e56fd34408186e4bbccfd4996cb3dc -> 
  custom:container-muxer-webm: aa71ff27fc2769a1b78a27578f13a17b -> 
  custom:container-demuxer-webm: 4f35f7cbe854078d1ac9338744f61a02 -> 
  custom:video-encoder-webm-vp8: eb34c28f22e8b96e1ab97ce403110664 -> 
  custom:video-codec-MediaFoundation-h265: e54d7ab0439102e2317fc1e4b246158d -> 
  custom:audio-encoder-webm-vorbis: bf7c407c2cedff20999df2af8eb42d56 -> 
  custom:framework-win-MediaFoundation: 216162199b28c13a410421893ffa2e32 -> 
  custom:container-demuxer-ogg: 62fdf1f143b41e24485cea50d1cbac27 -> 
  custom:video-decoder-webm-vp8: 9c59270c3fd7afecdb556c50c9e8de78 -> 
  custom:audio-decoder-ogg-vorbis: bf7c407c2cedff20999df2af8eb42d56 -> 
========================================================================
Received Import Request.
  Time since last request: 22187.893270 seconds.
  path: Assets/Material_Shaders/Placeholders/Screens_Green 2.mat
  artifactKey: Guid(19b91b98fb64271418d703274a219f07) Importer(815301076,1909f56bfc062723c751e8b465ee728b)
Start importing Assets/Material_Shaders/Placeholders/Screens_Green 2.mat using Guid(19b91b98fb64271418d703274a219f07) Importer(815301076,1909f56bfc062723c751e8b465ee728b)  -> (artifact id: '888ae8ee65c88a89ffa045e9c86ab626') in 0.190156 seconds 
========================================================================
Received Import Request.
  Time since last request: 5226.979987 seconds.
  path: Assets/Prefabs/Box_Lock_and_Key.prefab
  artifactKey: Guid(17a9bc7e7a5f45642ad634812ab6a12e) Importer(815301076,1909f56bfc062723c751e8b465ee728b)
Start importing Assets/Prefabs/Box_Lock_and_Key.prefab using Guid(17a9bc7e7a5f45642ad634812ab6a12e) Importer(815301076,1909f56bfc062723c751e8b465ee728b)  -> (artifact id: '20f4519d9ddf2284dc235e533fbef6ab') in 0.057015 seconds 
========================================================================
Received Import Request.
  Time since last request: 0.000032 seconds.
  path: Assets/AddressableAssetsData/AssetGroups/Schemas/Localization-Locales_BundledAssetGroupSchema.asset
  artifactKey: Guid(82f48f12b8c86164ba8427cef31fd7bf) Importer(815301076,1909f56bfc062723c751e8b465ee728b)
Start importing Assets/AddressableAssetsData/AssetGroups/Schemas/Localization-Locales_BundledAssetGroupSchema.asset using Guid(82f48f12b8c86164ba8427cef31fd7bf) Importer(815301076,1909f56bfc062723c751e8b465ee728b)  -> (artifact id: '54c79d7c2db19211e488df3a0898a2b5') in 0.006896 seconds 
========================================================================
Received Import Request.
  Time since last request: 0.000035 seconds.
  path: Assets/AddressableAssetsData/AssetGroups/Localization-String-Tables-English (en).asset
  artifactKey: Guid(b8e3b7db97d893741968f82fbc8b0be9) Importer(815301076,1909f56bfc062723c751e8b465ee728b)
Start importing Assets/AddressableAssetsData/AssetGroups/Localization-String-Tables-English (en).asset using Guid(b8e3b7db97d893741968f82fbc8b0be9) Importer(815301076,1909f56bfc062723c751e8b465ee728b)  -> (artifact id: 'ff020cdea910e34cadc8e719689fa886') in 0.005498 seconds 
========================================================================
Received Import Request.
  Time since last request: 0.000024 seconds.
  path: Assets/AddressableAssetsData/AssetGroups/Localization-Locales.asset
  artifactKey: Guid(5a9862d1d555d1a4696632a91d73ab7a) Importer(815301076,1909f56bfc062723c751e8b465ee728b)
Start importing Assets/AddressableAssetsData/AssetGroups/Localization-Locales.asset using Guid(5a9862d1d555d1a4696632a91d73ab7a) Importer(815301076,1909f56bfc062723c751e8b465ee728b)  -> (artifact id: '3886b96a3a3e450bf171070492723be0') in 0.005623 seconds 
========================================================================
Received Import Request.
  Time since last request: 0.000020 seconds.
  path: Assets/AddressableAssetsData/AssetGroups/Localization-String-Tables-Korean (ko).asset
  artifactKey: Guid(2e3a987805926f1439477be5df255c33) Importer(815301076,1909f56bfc062723c751e8b465ee728b)
Start importing Assets/AddressableAssetsData/AssetGroups/Localization-String-Tables-Korean (ko).asset using Guid(2e3a987805926f1439477be5df255c33) Importer(815301076,1909f56bfc062723c751e8b465ee728b)  -> (artifact id: 'd753a080d32846a01a79ac88b865dee2') in 0.004465 seconds 
========================================================================
Received Import Request.
  Time since last request: 0.000017 seconds.
  path: Assets/AddressableAssetsData/AssetGroups/Schemas/Default Local Group_BundledAssetGroupSchema.asset
  artifactKey: Guid(87e7cb9d95afac4499c4580a183c8746) Importer(815301076,1909f56bfc062723c751e8b465ee728b)
Start importing Assets/AddressableAssetsData/AssetGroups/Schemas/Default Local Group_BundledAssetGroupSchema.asset using Guid(87e7cb9d95afac4499c4580a183c8746) Importer(815301076,1909f56bfc062723c751e8b465ee728b)  -> (artifact id: '91a2001137b2bd2daae965eb9f6fbbb2') in 0.004893 seconds 
========================================================================
Received Import Request.
  Time since last request: 0.000016 seconds.
  path: Assets/Localization/Localization Settings.asset
  artifactKey: Guid(7949a19bb413dd640b99693aff529fc9) Importer(815301076,1909f56bfc062723c751e8b465ee728b)
Start importing Assets/Localization/Localization Settings.asset using Guid(7949a19bb413dd640b99693aff529fc9) Importer(815301076,1909f56bfc062723c751e8b465ee728b)  -> (artifact id: 'a88a0696e5a04559b554ef9e3d43787e') in 0.011586 seconds 
========================================================================
Received Import Request.
  Time since last request: 0.000026 seconds.
  path: Assets/AddressableAssetsData/AssetGroups/Schemas/Default Local Group_ContentUpdateGroupSchema.asset
  artifactKey: Guid(4f82882c39b63644d8b3593b3de2b7d9) Importer(815301076,1909f56bfc062723c751e8b465ee728b)
Start importing Assets/AddressableAssetsData/AssetGroups/Schemas/Default Local Group_ContentUpdateGroupSchema.asset using Guid(4f82882c39b63644d8b3593b3de2b7d9) Importer(815301076,1909f56bfc062723c751e8b465ee728b)  -> (artifact id: '149163545e920679e602012341da532b') in 0.004757 seconds 
========================================================================
Received Import Request.
  Time since last request: 0.000020 seconds.
  path: Assets/AddressableAssetsData/AssetGroups/Schemas/Localization-Assets-Shared_BundledAssetGroupSchema.asset
  artifactKey: Guid(90fd171fd2c7cd6419827a74c3ff811b) Importer(815301076,1909f56bfc062723c751e8b465ee728b)
Start importing Assets/AddressableAssetsData/AssetGroups/Schemas/Localization-Assets-Shared_BundledAssetGroupSchema.asset using Guid(90fd171fd2c7cd6419827a74c3ff811b) Importer(815301076,1909f56bfc062723c751e8b465ee728b)  -> (artifact id: '1544ee2de9a8fb4905d3c08d25ac6f07') in 0.005488 seconds 
========================================================================
Received Import Request.
  Time since last request: 0.000021 seconds.
  path: Assets/XR/Settings/Open XR Package Settings.asset
  artifactKey: Guid(08d203310b04f37429e1a4e113044e84) Importer(815301076,1909f56bfc062723c751e8b465ee728b)
Start importing Assets/XR/Settings/Open XR Package Settings.asset using Guid(08d203310b04f37429e1a4e113044e84) Importer(815301076,1909f56bfc062723c751e8b465ee728b)  -> (artifact id: '965c1aa199728ed9fceb2bc61ea8af49') in 0.009932 seconds 
========================================================================
Received Import Request.
  Time since last request: 0.000018 seconds.
  path: Assets/AddressableAssetsData/AssetGroups/Localization-Assets-Shared.asset
  artifactKey: Guid(2e19519e68dcb3542b535c0aad7d58b5) Importer(815301076,1909f56bfc062723c751e8b465ee728b)
Start importing Assets/AddressableAssetsData/AssetGroups/Localization-Assets-Shared.asset using Guid(2e19519e68dcb3542b535c0aad7d58b5) Importer(815301076,1909f56bfc062723c751e8b465ee728b)  -> (artifact id: '60be36b4b282f99fa13bf0636c711ca7') in 0.005678 seconds 
========================================================================
Received Import Request.
  Time since last request: 0.000021 seconds.
  path: Assets/AddressableAssetsData/AssetGroups/Schemas/Localization-Assets-Shared_ContentUpdateGroupSchema.asset
  artifactKey: Guid(88963d0a4f0ca0b46a30ed6029b30f0a) Importer(815301076,1909f56bfc062723c751e8b465ee728b)
Start importing Assets/AddressableAssetsData/AssetGroups/Schemas/Localization-Assets-Shared_ContentUpdateGroupSchema.asset using Guid(88963d0a4f0ca0b46a30ed6029b30f0a) Importer(815301076,1909f56bfc062723c751e8b465ee728b)  -> (artifact id: '6c4a868c38d03f70cbf1dcc9a76368fc') in 0.005588 seconds 
========================================================================
Received Import Request.
  Time since last request: 0.000021 seconds.
  path: Assets/Material_Textures/Tests/GungnyeofurnitureColor.jpg
  artifactKey: Guid(1aec592279c514a4190d2d01334d3b5d) Importer(815301076,1909f56bfc062723c751e8b465ee728b)
Start importing Assets/Material_Textures/Tests/GungnyeofurnitureColor.jpg using Guid(1aec592279c514a4190d2d01334d3b5d) Importer(815301076,1909f56bfc062723c751e8b465ee728b)  -> (artifact id: '9a33c2aa4b1280693c83e8401d2be905') in 0.051655 seconds 
========================================================================
Received Import Request.
  Time since last request: 0.000020 seconds.
  path: Assets/Sounds/click-hollow_z1jvYuVu.mp3
  artifactKey: Guid(0d832b94e1e8b1443880ee0ffe0367d8) Importer(815301076,1909f56bfc062723c751e8b465ee728b)
Start importing Assets/Sounds/click-hollow_z1jvYuVu.mp3 using Guid(0d832b94e1e8b1443880ee0ffe0367d8) Importer(815301076,1909f56bfc062723c751e8b465ee728b)  -> (artifact id: '5d8608b52520dc5f3f533a0a9349309c') in 0.042437 seconds 
========================================================================
Received Import Request.
  Time since last request: 0.000027 seconds.
  path: Assets/Sounds/click-hit-low_MkIDtdVu.mp3
  artifactKey: Guid(abe46af0fbc4c68478e76d5c2fc1d89d) Importer(815301076,1909f56bfc062723c751e8b465ee728b)
Start importing Assets/Sounds/click-hit-low_MkIDtdVu.mp3 using Guid(abe46af0fbc4c68478e76d5c2fc1d89d) Importer(815301076,1909f56bfc062723c751e8b465ee728b)  -> (artifact id: '24143c22ba683c793a3d5484d0f2d6dd') in 0.010476 seconds 
========================================================================
Received Import Request.
  Time since last request: 0.000024 seconds.
  path: Assets/AddressableAssetsData/AssetGroups/Default Local Group.asset
  artifactKey: Guid(6959a46a04964644ea90c1e39828c2e4) Importer(815301076,1909f56bfc062723c751e8b465ee728b)
Start importing Assets/AddressableAssetsData/AssetGroups/Default Local Group.asset using Guid(6959a46a04964644ea90c1e39828c2e4) Importer(815301076,1909f56bfc062723c751e8b465ee728b)  -> (artifact id: '1c109ddbb22ca51b12061ec187fa434c') in 0.005139 seconds 
========================================================================
Received Import Request.
  Time since last request: 0.000018 seconds.
  path: Assets/AddressableAssetsData/AssetGroups/Schemas/Localization-String-Tables-English (en)_BundledAssetGroupSchema.asset
  artifactKey: Guid(b7458b8f60c64b24586d386377fc1a2a) Importer(815301076,1909f56bfc062723c751e8b465ee728b)
Start importing Assets/AddressableAssetsData/AssetGroups/Schemas/Localization-String-Tables-English (en)_BundledAssetGroupSchema.asset using Guid(b7458b8f60c64b24586d386377fc1a2a) Importer(815301076,1909f56bfc062723c751e8b465ee728b)  -> (artifact id: '0b4a3794071e553380afaf1adc082dd9') in 0.005274 seconds 
========================================================================
Received Import Request.
  Time since last request: 0.000024 seconds.
  path: Assets/Models/Furniture/Old/04.11.22 workroom.fbx
  artifactKey: Guid(3ca41145ce577604a812b96cf9a28ab5) Importer(815301076,1909f56bfc062723c751e8b465ee728b)
Start importing Assets/Models/Furniture/Old/04.11.22 workroom.fbx using Guid(3ca41145ce577604a812b96cf9a28ab5) Importer(815301076,1909f56bfc062723c751e8b465ee728b)  -> (artifact id: 'f5b0cbabdac927d24d2aee7470c88736') in 0.391583 seconds 
========================================================================
Received Import Request.
  Time since last request: 0.000034 seconds.
  path: Assets/Sounds/click-hollow_MypPtdNd.mp3
  artifactKey: Guid(43c9abcaebeb6be478777a2a3b0b7506) Importer(815301076,1909f56bfc062723c751e8b465ee728b)
Start importing Assets/Sounds/click-hollow_MypPtdNd.mp3 using Guid(43c9abcaebeb6be478777a2a3b0b7506) Importer(815301076,1909f56bfc062723c751e8b465ee728b)  -> (artifact id: '812c966856e8d05db752f52937c39f76') in 0.012523 seconds 
========================================================================
Received Import Request.
  Time since last request: 0.000024 seconds.
  path: Assets/Models/DaejojeonModels/Colliders/RoughColliders_2.13.22.fbx
  artifactKey: Guid(85bc107aad59d314d931fa83dda8d7a2) Importer(815301076,1909f56bfc062723c751e8b465ee728b)
Start importing Assets/Models/DaejojeonModels/Colliders/RoughColliders_2.13.22.fbx using Guid(85bc107aad59d314d931fa83dda8d7a2) Importer(815301076,1909f56bfc062723c751e8b465ee728b)  -> (artifact id: '1619ce580d9ebd05080f9e6ffa867b96') in 0.027339 seconds 
Editor requested this worker to shutdown with reason: Scaling down because of idle timeout
AssetImportWorker is now disconnected from the server
Process exiting
Exiting without the bug reporter. Application will terminate with return code 0