Using pre-set license
Built from '2021.2/staging' branch; Version is '2021.2.9f1 (921b45a28ab6) revision 9575237'; Using compiler version '192829333'; Build Type 'Release'
OS: 'Windows 10  (10.0.19043) 64bit Core' Language: 'en' Physical Memory: 65460 MB
BatchMode: 1, IsHumanControllingUs: 0, StartBugReporterOnCrash: 0, Is64bit: 1, IsPro: 0

COMMAND LINE ARGUMENTS:
C:\Program Files\Unity\Hub\Editor\2021.2.9f1\Editor\Unity.exe
-adb2
-batchMode
-noUpm
-name
AssetImportWorker16
-projectPath
C:/Users/torne/Thesis/ChangdeokgungVR/GungnyeoGame
-logFile
Logs/AssetImportWorker16.log
-srvPort
63355
Successfully changed project path to: C:/Users/torne/Thesis/ChangdeokgungVR/GungnyeoGame
C:/Users/torne/Thesis/ChangdeokgungVR/GungnyeoGame
[UnityMemory] Configuration Parameters - Can be set up in boot.config
    "memorysetup-bucket-allocator-granularity=16"
    "memorysetup-bucket-allocator-bucket-count=8"
    "memorysetup-bucket-allocator-block-size=33554432"
    "memorysetup-bucket-allocator-block-count=8"
    "memorysetup-main-allocator-block-size=16777216"
    "memorysetup-thread-allocator-block-size=16777216"
    "memorysetup-gfx-main-allocator-block-size=16777216"
    "memorysetup-gfx-thread-allocator-block-size=16777216"
    "memorysetup-cache-allocator-block-size=4194304"
    "memorysetup-typetree-allocator-block-size=2097152"
    "memorysetup-profiler-bucket-allocator-granularity=16"
    "memorysetup-profiler-bucket-allocator-bucket-count=8"
    "memorysetup-profiler-bucket-allocator-block-size=33554432"
    "memorysetup-profiler-bucket-allocator-block-count=8"
    "memorysetup-profiler-allocator-block-size=16777216"
    "memorysetup-profiler-editor-allocator-block-size=1048576"
    "memorysetup-temp-allocator-size-main=16777216"
    "memorysetup-job-temp-allocator-block-size=2097152"
    "memorysetup-job-temp-allocator-block-size-background=1048576"
    "memorysetup-job-temp-allocator-reduction-small-platforms=262144"
    "memorysetup-temp-allocator-size-background-worker=32768"
    "memorysetup-temp-allocator-size-job-worker=262144"
    "memorysetup-temp-allocator-size-preload-manager=33554432"
    "memorysetup-temp-allocator-size-nav-mesh-worker=65536"
    "memorysetup-temp-allocator-size-audio-worker=65536"
    "memorysetup-temp-allocator-size-cloud-worker=32768"
    "memorysetup-temp-allocator-size-gi-baking-worker=262144"
    "memorysetup-temp-allocator-size-gfx=262144"
Refreshing native plugins compatible for Editor in 83.65 ms, found 10 plugins.
Preloading 1 native plugins for Editor in 0.87 ms.
Initialize engine version: 2021.2.9f1 (921b45a28ab6)
[Subsystems] Discovering subsystems at path C:/Program Files/Unity/Hub/Editor/2021.2.9f1/Editor/Data/Resources/UnitySubsystems
[Subsystems] Discovering subsystems at path C:/Users/torne/Thesis/ChangdeokgungVR/GungnyeoGame/Assets
GfxDevice: creating device client; threaded=0; jobified=0
Direct3D:
    Version:  Direct3D 11.0 [level 11.1]
    Renderer: NVIDIA GeForce RTX 3080 (ID=0x2216)
    Vendor:   NVIDIA
    VRAM:     10078 MB
    Driver:   30.0.14.7212
Initialize mono
Mono path[0] = 'C:/Program Files/Unity/Hub/Editor/2021.2.9f1/Editor/Data/Managed'
Mono path[1] = 'C:/Program Files/Unity/Hub/Editor/2021.2.9f1/Editor/Data/MonoBleedingEdge/lib/mono/unityjit-win32'
Mono config path = 'C:/Program Files/Unity/Hub/Editor/2021.2.9f1/Editor/Data/MonoBleedingEdge/etc'
Using monoOptions --debugger-agent=transport=dt_socket,embedding=1,server=y,suspend=n,address=127.0.0.1:56036
Begin MonoManager ReloadAssembly
Registering precompiled unity dll's ...
Register platform support module: C:/Program Files/Unity/Hub/Editor/2021.2.9f1/Editor/Data/PlaybackEngines/WindowsStandaloneSupport/UnityEditor.WindowsStandalone.Extensions.dll
Registered in 0.005673 seconds.
Native extension for WindowsStandalone target not found
Refreshing native plugins compatible for Editor in 54.96 ms, found 10 plugins.
Preloading 1 native plugins for Editor in 0.07 ms.
Mono: successfully reloaded assembly
- Completed reload, in  0.476 seconds
Domain Reload Profiling:
	ReloadAssembly (476ms)
		BeginReloadAssembly (60ms)
			ExecutionOrderSort (0ms)
			DisableScriptedObjects (0ms)
			BackupInstance (0ms)
			ReleaseScriptingObjects (0ms)
			CreateAndSetChildDomain (1ms)
		EndReloadAssembly (352ms)
			LoadAssemblies (58ms)
			RebuildTransferFunctionScriptingTraits (0ms)
			SetupTypeCache (74ms)
			ReleaseScriptCaches (0ms)
			RebuildScriptCaches (20ms)
			SetupLoadedEditorAssemblies (215ms)
				LogAssemblyErrors (0ms)
				InitializePlatformSupportModulesInManaged (12ms)
				SetLoadedEditorAssemblies (0ms)
				RefreshPlugins (55ms)
				BeforeProcessingInitializeOnLoad (1ms)
				ProcessInitializeOnLoadAttributes (113ms)
				ProcessInitializeOnLoadMethodAttributes (34ms)
				AfterProcessingInitializeOnLoad (0ms)
				EditorAssembliesLoaded (0ms)
			ExecutionOrderSort2 (0ms)
			AwakeInstancesAfterBackupRestoration (0ms)
Platform modules already initialized, skipping
Registering precompiled user dll's ...
Registered in 0.008592 seconds.
Begin MonoManager ReloadAssembly
Native extension for WindowsStandalone target not found
Refreshing native plugins compatible for Editor in 56.58 ms, found 10 plugins.
Preloading 1 native plugins for Editor in 0.07 ms.
Package Manager log level set to [2]
System.Reflection.TargetInvocationException: Exception has been thrown by the target of an invocation. ---> System.NullReferenceException: Object reference not set to an instance of an object
  at Unity.XR.Oculus.OculusLoader.AssetPathToAbsolutePath (System.String assetPath) [0x0003d] in C:\Users\torne\Thesis\ChangdeokgungVR\GungnyeoGame\Library\PackageCache\com.unity.xr.oculus@1.11.2\Runtime\OculusLoader.cs:250 
  at Unity.XR.Oculus.OculusLoader.EditorLoadOVRPlugin () [0x0007b] in C:\Users\torne\Thesis\ChangdeokgungVR\GungnyeoGame\Library\PackageCache\com.unity.xr.oculus@1.11.2\Runtime\OculusLoader.cs:235 
  at (wrapper managed-to-native) System.Reflection.RuntimeMethodInfo.InternalInvoke(System.Reflection.RuntimeMethodInfo,object,object[],System.Exception&)
  at System.Reflection.RuntimeMethodInfo.Invoke (System.Object obj, System.Reflection.BindingFlags invokeAttr, System.Reflection.Binder binder, System.Object[] parameters, System.Globalization.CultureInfo culture) [0x0006a] in <47ab72e0328040438980f9c23608e1ec>:0 
   --- End of inner exception stack trace ---
  at System.Reflection.RuntimeMethodInfo.Invoke (System.Object obj, System.Reflection.BindingFlags invokeAttr, System.Reflection.Binder binder, System.Object[] parameters, System.Globalization.CultureInfo culture) [0x00083] in <47ab72e0328040438980f9c23608e1ec>:0 
  at System.Reflection.MethodBase.Invoke (System.Object obj, System.Object[] parameters) [0x00000] in <47ab72e0328040438980f9c23608e1ec>:0 
  at UnityEditor.EditorAssemblies.ProcessInitializeOnLoadMethodAttributes () [0x000a5] in <091d339d138346aa90aa98b5607c9126>:0 
UnityEngine.StackTraceUtility:ExtractStackTrace ()
UnityEngine.DebugLogHandler:LogFormat (UnityEngine.LogType,UnityEngine.Object,string,object[])
UnityEngine.Logger:Log (UnityEngine.LogType,object)
UnityEngine.Debug:LogError (object)
UnityEditor.EditorAssemblies:ProcessInitializeOnLoadMethodAttributes ()

Mono: successfully reloaded assembly
- Completed reload, in  1.456 seconds
Domain Reload Profiling:
	ReloadAssembly (1456ms)
		BeginReloadAssembly (93ms)
			ExecutionOrderSort (0ms)
			DisableScriptedObjects (5ms)
			BackupInstance (0ms)
			ReleaseScriptingObjects (0ms)
			CreateAndSetChildDomain (19ms)
		EndReloadAssembly (1284ms)
			LoadAssemblies (66ms)
			RebuildTransferFunctionScriptingTraits (0ms)
			SetupTypeCache (183ms)
			ReleaseScriptCaches (1ms)
			RebuildScriptCaches (52ms)
			SetupLoadedEditorAssemblies (948ms)
				LogAssemblyErrors (0ms)
				InitializePlatformSupportModulesInManaged (9ms)
				SetLoadedEditorAssemblies (0ms)
				RefreshPlugins (57ms)
				BeforeProcessingInitializeOnLoad (95ms)
				ProcessInitializeOnLoadAttributes (713ms)
				ProcessInitializeOnLoadMethodAttributes (68ms)
				AfterProcessingInitializeOnLoad (7ms)
				EditorAssembliesLoaded (0ms)
			ExecutionOrderSort2 (0ms)
			AwakeInstancesAfterBackupRestoration (4ms)
Platform modules already initialized, skipping
========================================================================
Worker process is ready to serve import requests
Launched and connected shader compiler UnityShaderCompiler.exe after 0.06 seconds
Refreshing native plugins compatible for Editor in 1.10 ms, found 10 plugins.
Preloading 1 native plugins for Editor in 0.08 ms.
Unloading 5125 Unused Serialized files (Serialized files now loaded: 0)
Unloading 52 unused Assets / (439.5 KB). Loaded Objects now: 5569.
Memory consumption went from 219.4 MB to 219.0 MB.
Total: 5.283900 ms (FindLiveObjects: 0.424700 ms CreateObjectMapping: 0.280900 ms MarkObjects: 4.352200 ms  DeleteObjects: 0.225100 ms)

AssetImportParameters requested are different than current active one (requested -> active):
  custom:video-decoder-ogg-theora: a1e56fd34408186e4bbccfd4996cb3dc -> 
  custom:container-muxer-webm: aa71ff27fc2769a1b78a27578f13a17b -> 
  custom:container-demuxer-webm: 4f35f7cbe854078d1ac9338744f61a02 -> 
  custom:video-encoder-webm-vp8: eb34c28f22e8b96e1ab97ce403110664 -> 
  custom:video-codec-MediaFoundation-h265: e54d7ab0439102e2317fc1e4b246158d -> 
  custom:audio-encoder-webm-vorbis: bf7c407c2cedff20999df2af8eb42d56 -> 
  custom:framework-win-MediaFoundation: 216162199b28c13a410421893ffa2e32 -> 
  custom:container-demuxer-ogg: 62fdf1f143b41e24485cea50d1cbac27 -> 
  custom:video-decoder-webm-vp8: 9c59270c3fd7afecdb556c50c9e8de78 -> 
  custom:audio-decoder-ogg-vorbis: bf7c407c2cedff20999df2af8eb42d56 -> 
========================================================================
Received Import Request.
  Time since last request: 565657.780658 seconds.
  path: Assets/Material_Textures/Daejojeon_3.07_Bake/Corridor1.mat
  artifactKey: Guid(c096e1737ec976f45b1bd699308f411d) Importer(815301076,1909f56bfc062723c751e8b465ee728b)
Start importing Assets/Material_Textures/Daejojeon_3.07_Bake/Corridor1.mat using Guid(c096e1737ec976f45b1bd699308f411d) Importer(815301076,1909f56bfc062723c751e8b465ee728b)  -> (artifact id: '4dbd936e61708f358aad833d5b4090ca') in 0.446212 seconds 
========================================================================
Received Import Request.
  Time since last request: 0.000041 seconds.
  path: Assets/Material_Textures/Daejojeon_3.07_Bake/DJJ_SmallRooms.mat
  artifactKey: Guid(a15eafb7f425f5c4dace011d0433d3d8) Importer(815301076,1909f56bfc062723c751e8b465ee728b)
Start importing Assets/Material_Textures/Daejojeon_3.07_Bake/DJJ_SmallRooms.mat using Guid(a15eafb7f425f5c4dace011d0433d3d8) Importer(815301076,1909f56bfc062723c751e8b465ee728b)  -> (artifact id: '4328511a2a30248d81bef8cb8c968c01') in 0.133426 seconds 
========================================================================
Received Import Request.
  Time since last request: 0.000019 seconds.
  path: Assets/Material_Textures/Daejojeon_3.07_Bake/DJJ_GreatHallFar.mat
  artifactKey: Guid(7e0bdb5f954f7b8458a819f9254e5445) Importer(815301076,1909f56bfc062723c751e8b465ee728b)
Start importing Assets/Material_Textures/Daejojeon_3.07_Bake/DJJ_GreatHallFar.mat using Guid(7e0bdb5f954f7b8458a819f9254e5445) Importer(815301076,1909f56bfc062723c751e8b465ee728b)  -> (artifact id: 'b002eb0c18edee3aadd0c81febce1539') in 0.127986 seconds 
========================================================================
Received Import Request.
  Time since last request: 0.000018 seconds.
  path: Assets/Material_Textures/Daejojeon_3.07_Bake/DJJ_KingsRoom.mat
  artifactKey: Guid(f7a06d15beb13034ea2b7c39ac94c8bd) Importer(815301076,1909f56bfc062723c751e8b465ee728b)
Start importing Assets/Material_Textures/Daejojeon_3.07_Bake/DJJ_KingsRoom.mat using Guid(f7a06d15beb13034ea2b7c39ac94c8bd) Importer(815301076,1909f56bfc062723c751e8b465ee728b)  -> (artifact id: '8c21b7bc3f24daab1dc3d8cdfe4d0ce8') in 0.121586 seconds 
========================================================================
Received Import Request.
  Time since last request: 0.000020 seconds.
  path: Assets/Material_Textures/Daejojeon_3.07_Bake/DJJ_FrontCorridor.mat
  artifactKey: Guid(a01cd97de515edf49b48ecf23267590e) Importer(815301076,1909f56bfc062723c751e8b465ee728b)
Start importing Assets/Material_Textures/Daejojeon_3.07_Bake/DJJ_FrontCorridor.mat using Guid(a01cd97de515edf49b48ecf23267590e) Importer(815301076,1909f56bfc062723c751e8b465ee728b)  -> (artifact id: '9f934929de8466b40be5bd46b95b28d4') in 0.124373 seconds 
========================================================================
Received Import Request.
  Time since last request: 0.000024 seconds.
  path: Assets/Material_Textures/Daejojeon_3.07_Bake/DJJ_KingsCorridor.mat
  artifactKey: Guid(0ac52fd4319c5944096fc509539f22a6) Importer(815301076,1909f56bfc062723c751e8b465ee728b)
Start importing Assets/Material_Textures/Daejojeon_3.07_Bake/DJJ_KingsCorridor.mat using Guid(0ac52fd4319c5944096fc509539f22a6) Importer(815301076,1909f56bfc062723c751e8b465ee728b)  -> (artifact id: 'f30dc45470aec58bd86399fd0ea182d0') in 0.126869 seconds 
========================================================================
Received Import Request.
  Time since last request: 31.247051 seconds.
  path: Assets/Material_Textures/Daejojeon_3.07_Bake/DJJ_GreatHallFar.mat
  artifactKey: Guid(7e0bdb5f954f7b8458a819f9254e5445) Importer(815301076,1909f56bfc062723c751e8b465ee728b)
Start importing Assets/Material_Textures/Daejojeon_3.07_Bake/DJJ_GreatHallFar.mat using Guid(7e0bdb5f954f7b8458a819f9254e5445) Importer(815301076,1909f56bfc062723c751e8b465ee728b)  -> (artifact id: '96755927bf16aa50a90f1fd0efdbfccf') in 0.172446 seconds 
========================================================================
Received Import Request.
  Time since last request: 0.000036 seconds.
  path: Assets/Material_Textures/Daejojeon_3.07_Bake/DJJ_SmallRooms.mat
  artifactKey: Guid(a15eafb7f425f5c4dace011d0433d3d8) Importer(815301076,1909f56bfc062723c751e8b465ee728b)
Start importing Assets/Material_Textures/Daejojeon_3.07_Bake/DJJ_SmallRooms.mat using Guid(a15eafb7f425f5c4dace011d0433d3d8) Importer(815301076,1909f56bfc062723c751e8b465ee728b)  -> (artifact id: 'c489aa2dccf400b09dc36717fe4e3992') in 0.193017 seconds 
========================================================================
Received Import Request.
  Time since last request: 0.000022 seconds.
  path: Assets/Material_Textures/Daejojeon_3.07_Bake/DJJ_Jungjeon.mat
  artifactKey: Guid(44558955bb218ea4a81a67df82aca6da) Importer(815301076,1909f56bfc062723c751e8b465ee728b)
Start importing Assets/Material_Textures/Daejojeon_3.07_Bake/DJJ_Jungjeon.mat using Guid(44558955bb218ea4a81a67df82aca6da) Importer(815301076,1909f56bfc062723c751e8b465ee728b)  -> (artifact id: '1149fcaff93145f088ee263e4b80d4d5') in 0.153219 seconds 
========================================================================
Received Import Request.
  Time since last request: 4.797068 seconds.
  path: Assets/Material_Textures/Daejojeon_3.07_Bake/DJJ_GreatHallFar.mat
  artifactKey: Guid(7e0bdb5f954f7b8458a819f9254e5445) Importer(815301076,1909f56bfc062723c751e8b465ee728b)
Start importing Assets/Material_Textures/Daejojeon_3.07_Bake/DJJ_GreatHallFar.mat using Guid(7e0bdb5f954f7b8458a819f9254e5445) Importer(815301076,1909f56bfc062723c751e8b465ee728b)  -> (artifact id: '25a4bd286bd73b2359314f2ce52c8799') in 0.151249 seconds 
========================================================================
Received Import Request.
  Time since last request: 0.000028 seconds.
  path: Assets/Material_Textures/Daejojeon_3.07_Bake/DJJ_PlayCorridor.mat
  artifactKey: Guid(4e837692cdcee7349b091a315166b564) Importer(815301076,1909f56bfc062723c751e8b465ee728b)
Start importing Assets/Material_Textures/Daejojeon_3.07_Bake/DJJ_PlayCorridor.mat using Guid(4e837692cdcee7349b091a315166b564) Importer(815301076,1909f56bfc062723c751e8b465ee728b)  -> (artifact id: 'ca8ded814754ef115e308963f2433190') in 0.138856 seconds 
========================================================================
Received Import Request.
  Time since last request: 10.882258 seconds.
  path: Assets/Material_Textures/Daejojeon_3.07_Bake/DJJ_GreatHallFar.mat
  artifactKey: Guid(7e0bdb5f954f7b8458a819f9254e5445) Importer(815301076,1909f56bfc062723c751e8b465ee728b)
Start importing Assets/Material_Textures/Daejojeon_3.07_Bake/DJJ_GreatHallFar.mat using Guid(7e0bdb5f954f7b8458a819f9254e5445) Importer(815301076,1909f56bfc062723c751e8b465ee728b)  -> (artifact id: '5033d9d7522353393c566330e643f5e0') in 0.155562 seconds 
========================================================================
Received Import Request.
  Time since last request: 0.000020 seconds.
  path: Assets/Material_Textures/Daejojeon_3.07_Bake/DJJ_PlayCorridor.mat
  artifactKey: Guid(4e837692cdcee7349b091a315166b564) Importer(815301076,1909f56bfc062723c751e8b465ee728b)
Start importing Assets/Material_Textures/Daejojeon_3.07_Bake/DJJ_PlayCorridor.mat using Guid(4e837692cdcee7349b091a315166b564) Importer(815301076,1909f56bfc062723c751e8b465ee728b)  -> (artifact id: 'c2f4247495e5bc92431194c1d1c08773') in 0.138277 seconds 
========================================================================
Received Import Request.
  Time since last request: 10.436529 seconds.
  path: Assets/Material_Textures/Daejojeon_3.07_Bake/DJJ_GreatHallFar.mat
  artifactKey: Guid(7e0bdb5f954f7b8458a819f9254e5445) Importer(815301076,1909f56bfc062723c751e8b465ee728b)
Start importing Assets/Material_Textures/Daejojeon_3.07_Bake/DJJ_GreatHallFar.mat using Guid(7e0bdb5f954f7b8458a819f9254e5445) Importer(815301076,1909f56bfc062723c751e8b465ee728b)  -> (artifact id: 'cfedfb61e78f2795ae686f630e72201d') in 0.153691 seconds 
========================================================================
Received Import Request.
  Time since last request: 0.000019 seconds.
  path: Assets/Material_Textures/Daejojeon_3.07_Bake/DJJ_PlayCorridor.mat
  artifactKey: Guid(4e837692cdcee7349b091a315166b564) Importer(815301076,1909f56bfc062723c751e8b465ee728b)
Start importing Assets/Material_Textures/Daejojeon_3.07_Bake/DJJ_PlayCorridor.mat using Guid(4e837692cdcee7349b091a315166b564) Importer(815301076,1909f56bfc062723c751e8b465ee728b)  -> (artifact id: 'dba0aa6f88e63a51c92b1828a002277e') in 0.134750 seconds 
========================================================================
Received Import Request.
  Time since last request: 17.056762 seconds.
  path: Assets/Material_Textures/Daejojeon_3.07_Bake/DJJ_GreatHallFar.mat
  artifactKey: Guid(7e0bdb5f954f7b8458a819f9254e5445) Importer(815301076,1909f56bfc062723c751e8b465ee728b)
Start importing Assets/Material_Textures/Daejojeon_3.07_Bake/DJJ_GreatHallFar.mat using Guid(7e0bdb5f954f7b8458a819f9254e5445) Importer(815301076,1909f56bfc062723c751e8b465ee728b)  -> (artifact id: '42813476c9b22ff900b52ec2eceed63c') in 0.155052 seconds 
========================================================================
Received Import Request.
  Time since last request: 0.000024 seconds.
  path: Assets/Material_Textures/Daejojeon_3.07_Bake/DJJ_Jungjeon.mat
  artifactKey: Guid(44558955bb218ea4a81a67df82aca6da) Importer(815301076,1909f56bfc062723c751e8b465ee728b)
Start importing Assets/Material_Textures/Daejojeon_3.07_Bake/DJJ_Jungjeon.mat using Guid(44558955bb218ea4a81a67df82aca6da) Importer(815301076,1909f56bfc062723c751e8b465ee728b)  -> (artifact id: '06814aefc35b1a5dcc393f83a0a93503') in 0.133796 seconds 
Editor requested this worker to shutdown with reason: Scaling down because of idle timeout
AssetImportWorker is now disconnected from the server
Process exiting
Exiting without the bug reporter. Application will terminate with return code 0