Using pre-set license
Built from '2021.2/staging' branch; Version is '2021.2.9f1 (921b45a28ab6) revision 9575237'; Using compiler version '192829333'; Build Type 'Release'
OS: 'Windows 10  (10.0.19043) 64bit Core' Language: 'en' Physical Memory: 65460 MB
BatchMode: 1, IsHumanControllingUs: 0, StartBugReporterOnCrash: 0, Is64bit: 1, IsPro: 0

COMMAND LINE ARGUMENTS:
C:\Program Files\Unity\Hub\Editor\2021.2.9f1\Editor\Unity.exe
-adb2
-batchMode
-noUpm
-name
AssetImportWorker21
-projectPath
C:/Users/torne/Thesis/ChangdeokgungVR/GungnyeoGame
-logFile
Logs/AssetImportWorker21.log
-srvPort
63355
Successfully changed project path to: C:/Users/torne/Thesis/ChangdeokgungVR/GungnyeoGame
C:/Users/torne/Thesis/ChangdeokgungVR/GungnyeoGame
[UnityMemory] Configuration Parameters - Can be set up in boot.config
    "memorysetup-bucket-allocator-granularity=16"
    "memorysetup-bucket-allocator-bucket-count=8"
    "memorysetup-bucket-allocator-block-size=33554432"
    "memorysetup-bucket-allocator-block-count=8"
    "memorysetup-main-allocator-block-size=16777216"
    "memorysetup-thread-allocator-block-size=16777216"
    "memorysetup-gfx-main-allocator-block-size=16777216"
    "memorysetup-gfx-thread-allocator-block-size=16777216"
    "memorysetup-cache-allocator-block-size=4194304"
    "memorysetup-typetree-allocator-block-size=2097152"
    "memorysetup-profiler-bucket-allocator-granularity=16"
    "memorysetup-profiler-bucket-allocator-bucket-count=8"
    "memorysetup-profiler-bucket-allocator-block-size=33554432"
    "memorysetup-profiler-bucket-allocator-block-count=8"
    "memorysetup-profiler-allocator-block-size=16777216"
    "memorysetup-profiler-editor-allocator-block-size=1048576"
    "memorysetup-temp-allocator-size-main=16777216"
    "memorysetup-job-temp-allocator-block-size=2097152"
    "memorysetup-job-temp-allocator-block-size-background=1048576"
    "memorysetup-job-temp-allocator-reduction-small-platforms=262144"
    "memorysetup-temp-allocator-size-background-worker=32768"
    "memorysetup-temp-allocator-size-job-worker=262144"
    "memorysetup-temp-allocator-size-preload-manager=33554432"
    "memorysetup-temp-allocator-size-nav-mesh-worker=65536"
    "memorysetup-temp-allocator-size-audio-worker=65536"
    "memorysetup-temp-allocator-size-cloud-worker=32768"
    "memorysetup-temp-allocator-size-gi-baking-worker=262144"
    "memorysetup-temp-allocator-size-gfx=262144"
Refreshing native plugins compatible for Editor in 68.12 ms, found 10 plugins.
Preloading 1 native plugins for Editor in 0.67 ms.
Initialize engine version: 2021.2.9f1 (921b45a28ab6)
[Subsystems] Discovering subsystems at path C:/Program Files/Unity/Hub/Editor/2021.2.9f1/Editor/Data/Resources/UnitySubsystems
[Subsystems] Discovering subsystems at path C:/Users/torne/Thesis/ChangdeokgungVR/GungnyeoGame/Assets
GfxDevice: creating device client; threaded=0; jobified=0
Direct3D:
    Version:  Direct3D 11.0 [level 11.1]
    Renderer: NVIDIA GeForce RTX 3080 (ID=0x2216)
    Vendor:   NVIDIA
    VRAM:     10078 MB
    Driver:   30.0.14.7212
Initialize mono
Mono path[0] = 'C:/Program Files/Unity/Hub/Editor/2021.2.9f1/Editor/Data/Managed'
Mono path[1] = 'C:/Program Files/Unity/Hub/Editor/2021.2.9f1/Editor/Data/MonoBleedingEdge/lib/mono/unityjit-win32'
Mono config path = 'C:/Program Files/Unity/Hub/Editor/2021.2.9f1/Editor/Data/MonoBleedingEdge/etc'
Using monoOptions --debugger-agent=transport=dt_socket,embedding=1,server=y,suspend=n,address=127.0.0.1:56176
Begin MonoManager ReloadAssembly
Registering precompiled unity dll's ...
Register platform support module: C:/Program Files/Unity/Hub/Editor/2021.2.9f1/Editor/Data/PlaybackEngines/WindowsStandaloneSupport/UnityEditor.WindowsStandalone.Extensions.dll
Registered in 0.005432 seconds.
Native extension for WindowsStandalone target not found
Refreshing native plugins compatible for Editor in 58.54 ms, found 10 plugins.
Preloading 1 native plugins for Editor in 0.06 ms.
Mono: successfully reloaded assembly
- Completed reload, in  0.463 seconds
Domain Reload Profiling:
	ReloadAssembly (463ms)
		BeginReloadAssembly (53ms)
			ExecutionOrderSort (0ms)
			DisableScriptedObjects (0ms)
			BackupInstance (0ms)
			ReleaseScriptingObjects (0ms)
			CreateAndSetChildDomain (0ms)
		EndReloadAssembly (350ms)
			LoadAssemblies (51ms)
			RebuildTransferFunctionScriptingTraits (0ms)
			SetupTypeCache (68ms)
			ReleaseScriptCaches (0ms)
			RebuildScriptCaches (21ms)
			SetupLoadedEditorAssemblies (219ms)
				LogAssemblyErrors (0ms)
				InitializePlatformSupportModulesInManaged (13ms)
				SetLoadedEditorAssemblies (0ms)
				RefreshPlugins (59ms)
				BeforeProcessingInitializeOnLoad (1ms)
				ProcessInitializeOnLoadAttributes (113ms)
				ProcessInitializeOnLoadMethodAttributes (34ms)
				AfterProcessingInitializeOnLoad (0ms)
				EditorAssembliesLoaded (0ms)
			ExecutionOrderSort2 (0ms)
			AwakeInstancesAfterBackupRestoration (0ms)
Platform modules already initialized, skipping
Registering precompiled user dll's ...
Registered in 0.008910 seconds.
Begin MonoManager ReloadAssembly
Native extension for WindowsStandalone target not found
Refreshing native plugins compatible for Editor in 59.88 ms, found 10 plugins.
Preloading 1 native plugins for Editor in 0.07 ms.
Package Manager log level set to [2]
System.Reflection.TargetInvocationException: Exception has been thrown by the target of an invocation. ---> System.NullReferenceException: Object reference not set to an instance of an object
  at Unity.XR.Oculus.OculusLoader.AssetPathToAbsolutePath (System.String assetPath) [0x0003d] in C:\Users\torne\Thesis\ChangdeokgungVR\GungnyeoGame\Library\PackageCache\com.unity.xr.oculus@1.11.2\Runtime\OculusLoader.cs:250 
  at Unity.XR.Oculus.OculusLoader.EditorLoadOVRPlugin () [0x0007b] in C:\Users\torne\Thesis\ChangdeokgungVR\GungnyeoGame\Library\PackageCache\com.unity.xr.oculus@1.11.2\Runtime\OculusLoader.cs:235 
  at (wrapper managed-to-native) System.Reflection.RuntimeMethodInfo.InternalInvoke(System.Reflection.RuntimeMethodInfo,object,object[],System.Exception&)
  at System.Reflection.RuntimeMethodInfo.Invoke (System.Object obj, System.Reflection.BindingFlags invokeAttr, System.Reflection.Binder binder, System.Object[] parameters, System.Globalization.CultureInfo culture) [0x0006a] in <47ab72e0328040438980f9c23608e1ec>:0 
   --- End of inner exception stack trace ---
  at System.Reflection.RuntimeMethodInfo.Invoke (System.Object obj, System.Reflection.BindingFlags invokeAttr, System.Reflection.Binder binder, System.Object[] parameters, System.Globalization.CultureInfo culture) [0x00083] in <47ab72e0328040438980f9c23608e1ec>:0 
  at System.Reflection.MethodBase.Invoke (System.Object obj, System.Object[] parameters) [0x00000] in <47ab72e0328040438980f9c23608e1ec>:0 
  at UnityEditor.EditorAssemblies.ProcessInitializeOnLoadMethodAttributes () [0x000a5] in <091d339d138346aa90aa98b5607c9126>:0 
UnityEngine.StackTraceUtility:ExtractStackTrace ()
UnityEngine.DebugLogHandler:LogFormat (UnityEngine.LogType,UnityEngine.Object,string,object[])
UnityEngine.Logger:Log (UnityEngine.LogType,object)
UnityEngine.Debug:LogError (object)
UnityEditor.EditorAssemblies:ProcessInitializeOnLoadMethodAttributes ()

Mono: successfully reloaded assembly
- Completed reload, in  1.429 seconds
Domain Reload Profiling:
	ReloadAssembly (1430ms)
		BeginReloadAssembly (86ms)
			ExecutionOrderSort (0ms)
			DisableScriptedObjects (5ms)
			BackupInstance (0ms)
			ReleaseScriptingObjects (0ms)
			CreateAndSetChildDomain (18ms)
		EndReloadAssembly (1271ms)
			LoadAssemblies (61ms)
			RebuildTransferFunctionScriptingTraits (0ms)
			SetupTypeCache (180ms)
			ReleaseScriptCaches (1ms)
			RebuildScriptCaches (49ms)
			SetupLoadedEditorAssemblies (942ms)
				LogAssemblyErrors (0ms)
				InitializePlatformSupportModulesInManaged (9ms)
				SetLoadedEditorAssemblies (0ms)
				RefreshPlugins (60ms)
				BeforeProcessingInitializeOnLoad (93ms)
				ProcessInitializeOnLoadAttributes (709ms)
				ProcessInitializeOnLoadMethodAttributes (64ms)
				AfterProcessingInitializeOnLoad (7ms)
				EditorAssembliesLoaded (0ms)
			ExecutionOrderSort2 (0ms)
			AwakeInstancesAfterBackupRestoration (4ms)
Platform modules already initialized, skipping
========================================================================
Worker process is ready to serve import requests
Launched and connected shader compiler UnityShaderCompiler.exe after 0.06 seconds
Refreshing native plugins compatible for Editor in 1.16 ms, found 10 plugins.
Preloading 1 native plugins for Editor in 0.08 ms.
Unloading 5125 Unused Serialized files (Serialized files now loaded: 0)
Unloading 52 unused Assets / (439.4 KB). Loaded Objects now: 5569.
Memory consumption went from 219.4 MB to 218.9 MB.
Total: 5.128500 ms (FindLiveObjects: 0.405100 ms CreateObjectMapping: 0.331100 ms MarkObjects: 4.143800 ms  DeleteObjects: 0.247800 ms)

AssetImportParameters requested are different than current active one (requested -> active):
  custom:video-decoder-ogg-theora: a1e56fd34408186e4bbccfd4996cb3dc -> 
  custom:container-muxer-webm: aa71ff27fc2769a1b78a27578f13a17b -> 
  custom:container-demuxer-webm: 4f35f7cbe854078d1ac9338744f61a02 -> 
  custom:video-encoder-webm-vp8: eb34c28f22e8b96e1ab97ce403110664 -> 
  custom:video-codec-MediaFoundation-h265: e54d7ab0439102e2317fc1e4b246158d -> 
  custom:audio-encoder-webm-vorbis: bf7c407c2cedff20999df2af8eb42d56 -> 
  custom:framework-win-MediaFoundation: 216162199b28c13a410421893ffa2e32 -> 
  custom:container-demuxer-ogg: 62fdf1f143b41e24485cea50d1cbac27 -> 
  custom:video-decoder-webm-vp8: 9c59270c3fd7afecdb556c50c9e8de78 -> 
  custom:audio-decoder-ogg-vorbis: bf7c407c2cedff20999df2af8eb42d56 -> 
========================================================================
Received Import Request.
  Time since last request: 565690.153847 seconds.
  path: Assets/Material_Textures/Daejojeon_3.07_Bake/Corridor1.mat
  artifactKey: Guid(c096e1737ec976f45b1bd699308f411d) Importer(815301076,1909f56bfc062723c751e8b465ee728b)
Start importing Assets/Material_Textures/Daejojeon_3.07_Bake/Corridor1.mat using Guid(c096e1737ec976f45b1bd699308f411d) Importer(815301076,1909f56bfc062723c751e8b465ee728b)  -> (artifact id: 'ebb4ccb038a3aa6031b924271b543752') in 0.550252 seconds 
========================================================================
Received Import Request.
  Time since last request: 4.785286 seconds.
  path: Assets/Material_Textures/Daejojeon_3.07_Bake/Corridor1.mat
  artifactKey: Guid(c096e1737ec976f45b1bd699308f411d) Importer(815301076,1909f56bfc062723c751e8b465ee728b)
Start importing Assets/Material_Textures/Daejojeon_3.07_Bake/Corridor1.mat using Guid(c096e1737ec976f45b1bd699308f411d) Importer(815301076,1909f56bfc062723c751e8b465ee728b)  -> (artifact id: '5a2b74d7ee7ea7951441486f68e363bd') in 0.157918 seconds 
========================================================================
Received Import Request.
  Time since last request: 0.000055 seconds.
  path: Assets/Material_Textures/Daejojeon_3.07_Bake/DJJ_KingsRoom.mat
  artifactKey: Guid(f7a06d15beb13034ea2b7c39ac94c8bd) Importer(815301076,1909f56bfc062723c751e8b465ee728b)
Start importing Assets/Material_Textures/Daejojeon_3.07_Bake/DJJ_KingsRoom.mat using Guid(f7a06d15beb13034ea2b7c39ac94c8bd) Importer(815301076,1909f56bfc062723c751e8b465ee728b)  -> (artifact id: 'e4d5573bc4f59683fba915dab9c6624d') in 0.136090 seconds 
========================================================================
Received Import Request.
  Time since last request: 10.879402 seconds.
  path: Assets/Material_Textures/Daejojeon_3.07_Bake/Corridor1.mat
  artifactKey: Guid(c096e1737ec976f45b1bd699308f411d) Importer(815301076,1909f56bfc062723c751e8b465ee728b)
Start importing Assets/Material_Textures/Daejojeon_3.07_Bake/Corridor1.mat using Guid(c096e1737ec976f45b1bd699308f411d) Importer(815301076,1909f56bfc062723c751e8b465ee728b)  -> (artifact id: '992ee4e8226c2b0aad55b683e65bb876') in 0.143883 seconds 
========================================================================
Received Import Request.
  Time since last request: 0.000053 seconds.
  path: Assets/Material_Textures/Daejojeon_3.07_Bake/DJJ_SmallRooms.mat
  artifactKey: Guid(a15eafb7f425f5c4dace011d0433d3d8) Importer(815301076,1909f56bfc062723c751e8b465ee728b)
Start importing Assets/Material_Textures/Daejojeon_3.07_Bake/DJJ_SmallRooms.mat using Guid(a15eafb7f425f5c4dace011d0433d3d8) Importer(815301076,1909f56bfc062723c751e8b465ee728b)  -> (artifact id: 'f9ceea4d6d8cfee214aa6bdef9ea0aa2') in 0.127474 seconds 
========================================================================
Received Import Request.
  Time since last request: 10.456005 seconds.
  path: Assets/Material_Textures/Daejojeon_3.07_Bake/Corridor1.mat
  artifactKey: Guid(c096e1737ec976f45b1bd699308f411d) Importer(815301076,1909f56bfc062723c751e8b465ee728b)
Start importing Assets/Material_Textures/Daejojeon_3.07_Bake/Corridor1.mat using Guid(c096e1737ec976f45b1bd699308f411d) Importer(815301076,1909f56bfc062723c751e8b465ee728b)  -> (artifact id: '90d155b185b5e4c3c910307ca96bd0ad') in 0.150744 seconds 
========================================================================
Received Import Request.
  Time since last request: 0.000024 seconds.
  path: Assets/Material_Textures/Daejojeon_3.07_Bake/DJJ_SmallRooms.mat
  artifactKey: Guid(a15eafb7f425f5c4dace011d0433d3d8) Importer(815301076,1909f56bfc062723c751e8b465ee728b)
Start importing Assets/Material_Textures/Daejojeon_3.07_Bake/DJJ_SmallRooms.mat using Guid(a15eafb7f425f5c4dace011d0433d3d8) Importer(815301076,1909f56bfc062723c751e8b465ee728b)  -> (artifact id: '0a8764f9dd71f9d71ae6072b4e62c546') in 0.149336 seconds 
========================================================================
Received Import Request.
  Time since last request: 17.045091 seconds.
  path: Assets/Material_Textures/Daejojeon_3.07_Bake/Corridor1.mat
  artifactKey: Guid(c096e1737ec976f45b1bd699308f411d) Importer(815301076,1909f56bfc062723c751e8b465ee728b)
Start importing Assets/Material_Textures/Daejojeon_3.07_Bake/Corridor1.mat using Guid(c096e1737ec976f45b1bd699308f411d) Importer(815301076,1909f56bfc062723c751e8b465ee728b)  -> (artifact id: '3bf87749d8a32b0767db8a20ad0c9545') in 0.141353 seconds 
========================================================================
Received Import Request.
  Time since last request: 0.000034 seconds.
  path: Assets/Material_Textures/Daejojeon_3.07_Bake/DJJ_SmallRooms.mat
  artifactKey: Guid(a15eafb7f425f5c4dace011d0433d3d8) Importer(815301076,1909f56bfc062723c751e8b465ee728b)
Start importing Assets/Material_Textures/Daejojeon_3.07_Bake/DJJ_SmallRooms.mat using Guid(a15eafb7f425f5c4dace011d0433d3d8) Importer(815301076,1909f56bfc062723c751e8b465ee728b)  -> (artifact id: 'fc904653d12731201155fdfc79172b39') in 0.128032 seconds 
========================================================================
Received Import Request.
  Time since last request: 28.302090 seconds.
  path: Assets/Material_Textures/Daejojeon_3.07_Bake/DJJ_SmallRooms 1.mat
  artifactKey: Guid(92f701b83d1c7484c917bee77287856f) Importer(815301076,1909f56bfc062723c751e8b465ee728b)
Start importing Assets/Material_Textures/Daejojeon_3.07_Bake/DJJ_SmallRooms 1.mat using Guid(92f701b83d1c7484c917bee77287856f) Importer(815301076,1909f56bfc062723c751e8b465ee728b)  -> (artifact id: '7b27e1343ccba65d56d27319c2e86823') in 0.130290 seconds 
========================================================================
Received Import Request.
  Time since last request: 23.347123 seconds.
  path: Assets/Material_Textures/Daejojeon_3.07_Bake/Fnd_1.mat
  artifactKey: Guid(a15eafb7f425f5c4dace011d0433d3d8) Importer(815301076,1909f56bfc062723c751e8b465ee728b)
Start importing Assets/Material_Textures/Daejojeon_3.07_Bake/Fnd_1.mat using Guid(a15eafb7f425f5c4dace011d0433d3d8) Importer(815301076,1909f56bfc062723c751e8b465ee728b)  -> (artifact id: 'fa69a91fce265db6de90caa2dc16dd94') in 0.015192 seconds 
========================================================================
Received Import Request.
  Time since last request: 0.538554 seconds.
  path: Assets/Material_Textures/Daejojeon_3.07_Bake/Fnd_1 1.mat
  artifactKey: Guid(e7036221d58d8f9468ea5028eb96a4a4) Importer(815301076,1909f56bfc062723c751e8b465ee728b)
Start importing Assets/Material_Textures/Daejojeon_3.07_Bake/Fnd_1 1.mat using Guid(e7036221d58d8f9468ea5028eb96a4a4) Importer(815301076,1909f56bfc062723c751e8b465ee728b)  -> (artifact id: '35faa7fd4253c876519889746efdac8e') in 0.013325 seconds 
========================================================================
Received Import Request.
  Time since last request: 2.259295 seconds.
  path: Assets/Material_Textures/Daejojeon_3.07_Bake/Fnd_2.mat
  artifactKey: Guid(e7036221d58d8f9468ea5028eb96a4a4) Importer(815301076,1909f56bfc062723c751e8b465ee728b)
Start importing Assets/Material_Textures/Daejojeon_3.07_Bake/Fnd_2.mat using Guid(e7036221d58d8f9468ea5028eb96a4a4) Importer(815301076,1909f56bfc062723c751e8b465ee728b)  -> (artifact id: '30df687310e6af3df99f34dc3fce7275') in 0.014009 seconds 
========================================================================
Received Import Request.
  Time since last request: 1.167938 seconds.
  path: Assets/Material_Textures/Daejojeon_3.07_Bake/Fnd_2 1.mat
  artifactKey: Guid(70d4007665db0374c8930acde89b6d83) Importer(815301076,1909f56bfc062723c751e8b465ee728b)
Start importing Assets/Material_Textures/Daejojeon_3.07_Bake/Fnd_2 1.mat using Guid(70d4007665db0374c8930acde89b6d83) Importer(815301076,1909f56bfc062723c751e8b465ee728b)  -> (artifact id: '382a74c57640145f86c9afacb627d756') in 0.013490 seconds 
========================================================================
Received Import Request.
  Time since last request: 6.665290 seconds.
  path: Assets/Material_Textures/Daejojeon_3.07_Bake/Fnd_Platform1.mat
  artifactKey: Guid(70d4007665db0374c8930acde89b6d83) Importer(815301076,1909f56bfc062723c751e8b465ee728b)
Start importing Assets/Material_Textures/Daejojeon_3.07_Bake/Fnd_Platform1.mat using Guid(70d4007665db0374c8930acde89b6d83) Importer(815301076,1909f56bfc062723c751e8b465ee728b)  -> (artifact id: '43ea6162e517e620d1a555ba9919bf3d') in 0.012816 seconds 
========================================================================
Received Import Request.
  Time since last request: 0.444244 seconds.
  path: Assets/Material_Textures/Daejojeon_3.07_Bake/Fnd_Platform1 1.mat
  artifactKey: Guid(3120f9329880c0b4ab0533255cb9c9ce) Importer(815301076,1909f56bfc062723c751e8b465ee728b)
Start importing Assets/Material_Textures/Daejojeon_3.07_Bake/Fnd_Platform1 1.mat using Guid(3120f9329880c0b4ab0533255cb9c9ce) Importer(815301076,1909f56bfc062723c751e8b465ee728b)  -> (artifact id: '2b050f7755d289227b863e531c80e255') in 0.014380 seconds 
========================================================================
Received Import Request.
  Time since last request: 2.687700 seconds.
  path: Assets/Material_Textures/Daejojeon_3.07_Bake/Fnd_Platform2.mat
  artifactKey: Guid(3120f9329880c0b4ab0533255cb9c9ce) Importer(815301076,1909f56bfc062723c751e8b465ee728b)
Start importing Assets/Material_Textures/Daejojeon_3.07_Bake/Fnd_Platform2.mat using Guid(3120f9329880c0b4ab0533255cb9c9ce) Importer(815301076,1909f56bfc062723c751e8b465ee728b)  -> (artifact id: '7dd2f4f22eb0ad684d4e45cd2d6fba75') in 0.013049 seconds 
========================================================================
Received Import Request.
  Time since last request: 0.723171 seconds.
  path: Assets/Material_Textures/Daejojeon_3.07_Bake/Fnd_Platform2 1.mat
  artifactKey: Guid(62e82493cd0f1ac48944aeef727e1291) Importer(815301076,1909f56bfc062723c751e8b465ee728b)
Start importing Assets/Material_Textures/Daejojeon_3.07_Bake/Fnd_Platform2 1.mat using Guid(62e82493cd0f1ac48944aeef727e1291) Importer(815301076,1909f56bfc062723c751e8b465ee728b)  -> (artifact id: '1d4470fe62e886311c8ae556022be0b1') in 0.013846 seconds 
========================================================================
Received Import Request.
  Time since last request: 3.702519 seconds.
  path: Assets/Material_Textures/Daejojeon_3.07_Bake/Fnd_GungnyeoRooms.mat
  artifactKey: Guid(62e82493cd0f1ac48944aeef727e1291) Importer(815301076,1909f56bfc062723c751e8b465ee728b)
Start importing Assets/Material_Textures/Daejojeon_3.07_Bake/Fnd_GungnyeoRooms.mat using Guid(62e82493cd0f1ac48944aeef727e1291) Importer(815301076,1909f56bfc062723c751e8b465ee728b)  -> (artifact id: 'e1cd98873bf063f956b9c40e4fbcd809') in 0.013358 seconds 
========================================================================
Received Import Request.
  Time since last request: 0.445259 seconds.
  path: Assets/Material_Textures/Daejojeon_3.07_Bake/Fnd_GungnyeoRooms 1.mat
  artifactKey: Guid(4541cacd7d98ffc428e74b74eb0ab27d) Importer(815301076,1909f56bfc062723c751e8b465ee728b)
Start importing Assets/Material_Textures/Daejojeon_3.07_Bake/Fnd_GungnyeoRooms 1.mat using Guid(4541cacd7d98ffc428e74b74eb0ab27d) Importer(815301076,1909f56bfc062723c751e8b465ee728b)  -> (artifact id: 'bb9eca7ba9de927c20dd908942973450') in 0.013298 seconds 
========================================================================
Received Import Request.
  Time since last request: 3.416877 seconds.
  path: Assets/Material_Textures/Daejojeon_3.07_Bake/Fnd_JungjeonRooms.mat
  artifactKey: Guid(4541cacd7d98ffc428e74b74eb0ab27d) Importer(815301076,1909f56bfc062723c751e8b465ee728b)
Start importing Assets/Material_Textures/Daejojeon_3.07_Bake/Fnd_JungjeonRooms.mat using Guid(4541cacd7d98ffc428e74b74eb0ab27d) Importer(815301076,1909f56bfc062723c751e8b465ee728b)  -> (artifact id: '1b23dde4990b91cf85ecc09d4023348f') in 0.013553 seconds 
========================================================================
Received Import Request.
  Time since last request: 0.701147 seconds.
  path: Assets/Material_Textures/Daejojeon_3.07_Bake/Fnd_JungjeonRooms 1.mat
  artifactKey: Guid(15d26057375169b4bb780668ef1a65e6) Importer(815301076,1909f56bfc062723c751e8b465ee728b)
Start importing Assets/Material_Textures/Daejojeon_3.07_Bake/Fnd_JungjeonRooms 1.mat using Guid(15d26057375169b4bb780668ef1a65e6) Importer(815301076,1909f56bfc062723c751e8b465ee728b)  -> (artifact id: '66eff553b3c70e8dc436a51ec663c1ad') in 0.013441 seconds 
========================================================================
Received Import Request.
  Time since last request: 4.626030 seconds.
  path: Assets/Material_Textures/Daejojeon_3.07_Bake/Fnd_DJJ_Far.mat
  artifactKey: Guid(15d26057375169b4bb780668ef1a65e6) Importer(815301076,1909f56bfc062723c751e8b465ee728b)
Start importing Assets/Material_Textures/Daejojeon_3.07_Bake/Fnd_DJJ_Far.mat using Guid(15d26057375169b4bb780668ef1a65e6) Importer(815301076,1909f56bfc062723c751e8b465ee728b)  -> (artifact id: '6c57f9c8dded9abdfba4488c45f9cb52') in 0.013513 seconds 
========================================================================
Received Import Request.
  Time since last request: 131.518336 seconds.
  path: Assets/Material_Textures/Daejojeon_3.07_Bake/Fnd_1.mat
  artifactKey: Guid(a15eafb7f425f5c4dace011d0433d3d8) Importer(815301076,1909f56bfc062723c751e8b465ee728b)
Start importing Assets/Material_Textures/Daejojeon_3.07_Bake/Fnd_1.mat using Guid(a15eafb7f425f5c4dace011d0433d3d8) Importer(815301076,1909f56bfc062723c751e8b465ee728b)  -> (artifact id: 'd5c4df48ba4952bf13e75b3f582d5cc2') in 0.240575 seconds 
========================================================================
Received Import Request.
  Time since last request: 0.000021 seconds.
  path: Assets/Material_Textures/Daejojeon_3.07_Bake/Fnd_JungjeonRooms.mat
  artifactKey: Guid(4541cacd7d98ffc428e74b74eb0ab27d) Importer(815301076,1909f56bfc062723c751e8b465ee728b)
Start importing Assets/Material_Textures/Daejojeon_3.07_Bake/Fnd_JungjeonRooms.mat using Guid(4541cacd7d98ffc428e74b74eb0ab27d) Importer(815301076,1909f56bfc062723c751e8b465ee728b)  -> (artifact id: '3a1d0cb09e06c072b89ff20ad4cd6deb') in 0.125302 seconds 
========================================================================
Received Import Request.
  Time since last request: 0.000027 seconds.
  path: Assets/Material_Textures/Daejojeon_3.07_Bake/Fnd_DJJ_Far.mat
  artifactKey: Guid(15d26057375169b4bb780668ef1a65e6) Importer(815301076,1909f56bfc062723c751e8b465ee728b)
Start importing Assets/Material_Textures/Daejojeon_3.07_Bake/Fnd_DJJ_Far.mat using Guid(15d26057375169b4bb780668ef1a65e6) Importer(815301076,1909f56bfc062723c751e8b465ee728b)  -> (artifact id: 'afd421b008b8fdf4d49a0b82cefbcb45') in 0.135702 seconds 
========================================================================
Received Import Request.
  Time since last request: 44.338324 seconds.
  path: Assets/Material_Textures/Daejojeon_3.07_Bake/Fnd_Screens.mat
  artifactKey: Guid(f926121687e6859448a707f83a0d0e32) Importer(815301076,1909f56bfc062723c751e8b465ee728b)
Start importing Assets/Material_Textures/Daejojeon_3.07_Bake/Fnd_Screens.mat using Guid(f926121687e6859448a707f83a0d0e32) Importer(815301076,1909f56bfc062723c751e8b465ee728b)  -> (artifact id: '8be357b7e8b6f511d4acc5515cb4d6ac') in 0.047933 seconds 
========================================================================
Received Import Request.
  Time since last request: 8.256479 seconds.
  path: Assets/Material_Textures/Daejojeon_3.07_Bake/Gatehouse.mat
  artifactKey: Guid(0c993f5a205e75c4f8082c6e36250eb6) Importer(815301076,1909f56bfc062723c751e8b465ee728b)
Start importing Assets/Material_Textures/Daejojeon_3.07_Bake/Gatehouse.mat using Guid(0c993f5a205e75c4f8082c6e36250eb6) Importer(815301076,1909f56bfc062723c751e8b465ee728b)  -> (artifact id: 'eb9b9063bf9cdfbf2206f37976b41308') in 0.011792 seconds 
========================================================================
Received Import Request.
  Time since last request: 296.724039 seconds.
  path: Assets/Prefabs/XR/Hands/_XR Origin_PrePhysics.prefab
  artifactKey: Guid(fb0bea042efca1b4c913e5853b4bf304) Importer(815301076,1909f56bfc062723c751e8b465ee728b)
Start importing Assets/Prefabs/XR/Hands/_XR Origin_PrePhysics.prefab using Guid(fb0bea042efca1b4c913e5853b4bf304) Importer(815301076,1909f56bfc062723c751e8b465ee728b)  -> (artifact id: 'afd5044c51064240264a32a66eeaeb33') in 0.103760 seconds 
========================================================================
Received Import Request.
  Time since last request: 0.000023 seconds.
  path: Assets/XR/XRGeneralSettings.asset
  artifactKey: Guid(f534fe9a36119b9459ee20e6159d4017) Importer(815301076,1909f56bfc062723c751e8b465ee728b)
Start importing Assets/XR/XRGeneralSettings.asset using Guid(f534fe9a36119b9459ee20e6159d4017) Importer(815301076,1909f56bfc062723c751e8b465ee728b)  -> (artifact id: '176d47b64170740d20c31d70e41e0c00') in 0.024522 seconds 
========================================================================
Received Import Request.
  Time since last request: 0.000022 seconds.
  path: Assets/Presets/AudioStreaming.preset
  artifactKey: Guid(86bcce7f5575b54408aa0f3a7d321039) Importer(815301076,1909f56bfc062723c751e8b465ee728b)
Start importing Assets/Presets/AudioStreaming.preset using Guid(86bcce7f5575b54408aa0f3a7d321039) Importer(815301076,1909f56bfc062723c751e8b465ee728b)  -> (artifact id: '36681d79c5d982f3f2d4944bb3a11c11') in 0.012710 seconds 
========================================================================
Received Import Request.
  Time since last request: 0.000021 seconds.
  path: Assets/Models/HyejinObjects/Box_and_Key/Box_Colliders.fbx
  artifactKey: Guid(7eb27e0c084006444a007da2eb15e309) Importer(815301076,1909f56bfc062723c751e8b465ee728b)
Start importing Assets/Models/HyejinObjects/Box_and_Key/Box_Colliders.fbx using Guid(7eb27e0c084006444a007da2eb15e309) Importer(815301076,1909f56bfc062723c751e8b465ee728b)  -> (artifact id: '61bf03de53169c1830f5be73429949a1') in 0.078418 seconds 
========================================================================
Received Import Request.
  Time since last request: 0.000023 seconds.
  path: Assets/Presets/AudioCompressedInMemory.preset
  artifactKey: Guid(2dd802e4d37c65149922028d3e973832) Importer(815301076,1909f56bfc062723c751e8b465ee728b)
Start importing Assets/Presets/AudioCompressedInMemory.preset using Guid(2dd802e4d37c65149922028d3e973832) Importer(815301076,1909f56bfc062723c751e8b465ee728b)  -> (artifact id: '11aa55593b29254b933979ccaab9d090') in 0.013343 seconds 
========================================================================
Received Import Request.
  Time since last request: 0.000020 seconds.
  path: Assets/Material_Shaders/ShaderTesting/Toonshader_Ned/Subgraphs/AddAdditionalLights.shadersubgraph
  artifactKey: Guid(b9ba00bfaa55c4db3940db505cb88dff) Importer(815301076,1909f56bfc062723c751e8b465ee728b)
Start importing Assets/Material_Shaders/ShaderTesting/Toonshader_Ned/Subgraphs/AddAdditionalLights.shadersubgraph using Guid(b9ba00bfaa55c4db3940db505cb88dff) Importer(815301076,1909f56bfc062723c751e8b465ee728b)  -> (artifact id: 'dc65e4bb9d9ce735f09139c01e347fae') in 0.006268 seconds 
========================================================================
Received Import Request.
  Time since last request: 0.000017 seconds.
  path: Assets/Presets/Defaults/AudioDecompressOnLoad.preset
  artifactKey: Guid(e7689051185d12f4298e1ebb2693a29f) Importer(815301076,1909f56bfc062723c751e8b465ee728b)
Start importing Assets/Presets/Defaults/AudioDecompressOnLoad.preset using Guid(e7689051185d12f4298e1ebb2693a29f) Importer(815301076,1909f56bfc062723c751e8b465ee728b)  -> (artifact id: '702fa2931fd9cb3879dc94393ed4fa59') in 0.012013 seconds 
========================================================================
Received Import Request.
  Time since last request: 0.000023 seconds.
  path: Assets/Material_Shaders/ShaderTesting/Toonshader_Ned/Subgraphs/AdjustSmoothness.shadersubgraph
  artifactKey: Guid(ed4843279fe8048d09341cb3be63acc8) Importer(815301076,1909f56bfc062723c751e8b465ee728b)
Start importing Assets/Material_Shaders/ShaderTesting/Toonshader_Ned/Subgraphs/AdjustSmoothness.shadersubgraph using Guid(ed4843279fe8048d09341cb3be63acc8) Importer(815301076,1909f56bfc062723c751e8b465ee728b)  -> (artifact id: '45bc6addc6175b8d43456401ce2c9d69') in 0.005008 seconds 
========================================================================
Received Import Request.
  Time since last request: 0.143341 seconds.
  path: Assets/Models/DaejojeonModels/Daejojeon_Colliders_Gamespace.fbx
  artifactKey: Guid(e9a0b7aa923360f45a1372d34fac37fb) Importer(815301076,1909f56bfc062723c751e8b465ee728b)
Start importing Assets/Models/DaejojeonModels/Daejojeon_Colliders_Gamespace.fbx using Guid(e9a0b7aa923360f45a1372d34fac37fb) Importer(815301076,1909f56bfc062723c751e8b465ee728b)  -> (artifact id: '69594e6c2aa9044a3b94ca56021829ee') in 0.132080 seconds 
========================================================================
Received Import Request.
  Time since last request: 0.000022 seconds.
  path: Assets/Models/DaejojeonModels/Daejojeon_Optimized_2.13.22.fbx
  artifactKey: Guid(9f0c11b6c591b5147b9152edaa716da2) Importer(815301076,1909f56bfc062723c751e8b465ee728b)
Start importing Assets/Models/DaejojeonModels/Daejojeon_Optimized_2.13.22.fbx using Guid(9f0c11b6c591b5147b9152edaa716da2) Importer(815301076,1909f56bfc062723c751e8b465ee728b)  -> (artifact id: '7870fa869d416f2623fe380f37bac1ad') in 0.409909 seconds 
Editor requested this worker to shutdown with reason: Scaling down because of idle timeout
AssetImportWorker is now disconnected from the server
Process exiting
Exiting without the bug reporter. Application will terminate with return code 0