Using pre-set license
Built from '2021.2/staging' branch; Version is '2021.2.9f1 (921b45a28ab6) revision 9575237'; Using compiler version '192829333'; Build Type 'Release'
OS: 'Windows 10  (10.0.19043) 64bit Core' Language: 'en' Physical Memory: 65460 MB
BatchMode: 1, IsHumanControllingUs: 0, StartBugReporterOnCrash: 0, Is64bit: 1, IsPro: 0

COMMAND LINE ARGUMENTS:
C:\Program Files\Unity\Hub\Editor\2021.2.9f1\Editor\Unity.exe
-adb2
-batchMode
-noUpm
-name
AssetImportWorker22
-projectPath
C:/Users/torne/Thesis/ChangdeokgungVR/GungnyeoGame
-logFile
Logs/AssetImportWorker22.log
-srvPort
63355
Successfully changed project path to: C:/Users/torne/Thesis/ChangdeokgungVR/GungnyeoGame
C:/Users/torne/Thesis/ChangdeokgungVR/GungnyeoGame
[UnityMemory] Configuration Parameters - Can be set up in boot.config
    "memorysetup-bucket-allocator-granularity=16"
    "memorysetup-bucket-allocator-bucket-count=8"
    "memorysetup-bucket-allocator-block-size=33554432"
    "memorysetup-bucket-allocator-block-count=8"
    "memorysetup-main-allocator-block-size=16777216"
    "memorysetup-thread-allocator-block-size=16777216"
    "memorysetup-gfx-main-allocator-block-size=16777216"
    "memorysetup-gfx-thread-allocator-block-size=16777216"
    "memorysetup-cache-allocator-block-size=4194304"
    "memorysetup-typetree-allocator-block-size=2097152"
    "memorysetup-profiler-bucket-allocator-granularity=16"
    "memorysetup-profiler-bucket-allocator-bucket-count=8"
    "memorysetup-profiler-bucket-allocator-block-size=33554432"
    "memorysetup-profiler-bucket-allocator-block-count=8"
    "memorysetup-profiler-allocator-block-size=16777216"
    "memorysetup-profiler-editor-allocator-block-size=1048576"
    "memorysetup-temp-allocator-size-main=16777216"
    "memorysetup-job-temp-allocator-block-size=2097152"
    "memorysetup-job-temp-allocator-block-size-background=1048576"
    "memorysetup-job-temp-allocator-reduction-small-platforms=262144"
    "memorysetup-temp-allocator-size-background-worker=32768"
    "memorysetup-temp-allocator-size-job-worker=262144"
    "memorysetup-temp-allocator-size-preload-manager=33554432"
    "memorysetup-temp-allocator-size-nav-mesh-worker=65536"
    "memorysetup-temp-allocator-size-audio-worker=65536"
    "memorysetup-temp-allocator-size-cloud-worker=32768"
    "memorysetup-temp-allocator-size-gi-baking-worker=262144"
    "memorysetup-temp-allocator-size-gfx=262144"
Refreshing native plugins compatible for Editor in 66.41 ms, found 10 plugins.
Preloading 1 native plugins for Editor in 0.84 ms.
Initialize engine version: 2021.2.9f1 (921b45a28ab6)
[Subsystems] Discovering subsystems at path C:/Program Files/Unity/Hub/Editor/2021.2.9f1/Editor/Data/Resources/UnitySubsystems
[Subsystems] Discovering subsystems at path C:/Users/torne/Thesis/ChangdeokgungVR/GungnyeoGame/Assets
GfxDevice: creating device client; threaded=0; jobified=0
Direct3D:
    Version:  Direct3D 11.0 [level 11.1]
    Renderer: NVIDIA GeForce RTX 3080 (ID=0x2216)
    Vendor:   NVIDIA
    VRAM:     10078 MB
    Driver:   30.0.14.7212
Initialize mono
Mono path[0] = 'C:/Program Files/Unity/Hub/Editor/2021.2.9f1/Editor/Data/Managed'
Mono path[1] = 'C:/Program Files/Unity/Hub/Editor/2021.2.9f1/Editor/Data/MonoBleedingEdge/lib/mono/unityjit-win32'
Mono config path = 'C:/Program Files/Unity/Hub/Editor/2021.2.9f1/Editor/Data/MonoBleedingEdge/etc'
Using monoOptions --debugger-agent=transport=dt_socket,embedding=1,server=y,suspend=n,address=127.0.0.1:56672
Begin MonoManager ReloadAssembly
Registering precompiled unity dll's ...
Register platform support module: C:/Program Files/Unity/Hub/Editor/2021.2.9f1/Editor/Data/PlaybackEngines/WindowsStandaloneSupport/UnityEditor.WindowsStandalone.Extensions.dll
Registered in 0.005888 seconds.
Native extension for WindowsStandalone target not found
Refreshing native plugins compatible for Editor in 57.85 ms, found 10 plugins.
Preloading 1 native plugins for Editor in 0.08 ms.
Mono: successfully reloaded assembly
- Completed reload, in  0.454 seconds
Domain Reload Profiling:
	ReloadAssembly (455ms)
		BeginReloadAssembly (56ms)
			ExecutionOrderSort (0ms)
			DisableScriptedObjects (0ms)
			BackupInstance (0ms)
			ReleaseScriptingObjects (0ms)
			CreateAndSetChildDomain (1ms)
		EndReloadAssembly (341ms)
			LoadAssemblies (53ms)
			RebuildTransferFunctionScriptingTraits (0ms)
			SetupTypeCache (69ms)
			ReleaseScriptCaches (0ms)
			RebuildScriptCaches (21ms)
			SetupLoadedEditorAssemblies (210ms)
				LogAssemblyErrors (0ms)
				InitializePlatformSupportModulesInManaged (13ms)
				SetLoadedEditorAssemblies (0ms)
				RefreshPlugins (58ms)
				BeforeProcessingInitializeOnLoad (1ms)
				ProcessInitializeOnLoadAttributes (106ms)
				ProcessInitializeOnLoadMethodAttributes (33ms)
				AfterProcessingInitializeOnLoad (0ms)
				EditorAssembliesLoaded (0ms)
			ExecutionOrderSort2 (0ms)
			AwakeInstancesAfterBackupRestoration (0ms)
Platform modules already initialized, skipping
Registering precompiled user dll's ...
Registered in 0.008882 seconds.
Begin MonoManager ReloadAssembly
Native extension for WindowsStandalone target not found
Refreshing native plugins compatible for Editor in 57.91 ms, found 10 plugins.
Preloading 1 native plugins for Editor in 0.07 ms.
Package Manager log level set to [2]
System.Reflection.TargetInvocationException: Exception has been thrown by the target of an invocation. ---> System.NullReferenceException: Object reference not set to an instance of an object
  at Unity.XR.Oculus.OculusLoader.AssetPathToAbsolutePath (System.String assetPath) [0x0003d] in C:\Users\torne\Thesis\ChangdeokgungVR\GungnyeoGame\Library\PackageCache\com.unity.xr.oculus@1.11.2\Runtime\OculusLoader.cs:250 
  at Unity.XR.Oculus.OculusLoader.EditorLoadOVRPlugin () [0x0007b] in C:\Users\torne\Thesis\ChangdeokgungVR\GungnyeoGame\Library\PackageCache\com.unity.xr.oculus@1.11.2\Runtime\OculusLoader.cs:235 
  at (wrapper managed-to-native) System.Reflection.RuntimeMethodInfo.InternalInvoke(System.Reflection.RuntimeMethodInfo,object,object[],System.Exception&)
  at System.Reflection.RuntimeMethodInfo.Invoke (System.Object obj, System.Reflection.BindingFlags invokeAttr, System.Reflection.Binder binder, System.Object[] parameters, System.Globalization.CultureInfo culture) [0x0006a] in <47ab72e0328040438980f9c23608e1ec>:0 
   --- End of inner exception stack trace ---
  at System.Reflection.RuntimeMethodInfo.Invoke (System.Object obj, System.Reflection.BindingFlags invokeAttr, System.Reflection.Binder binder, System.Object[] parameters, System.Globalization.CultureInfo culture) [0x00083] in <47ab72e0328040438980f9c23608e1ec>:0 
  at System.Reflection.MethodBase.Invoke (System.Object obj, System.Object[] parameters) [0x00000] in <47ab72e0328040438980f9c23608e1ec>:0 
  at UnityEditor.EditorAssemblies.ProcessInitializeOnLoadMethodAttributes () [0x000a5] in <091d339d138346aa90aa98b5607c9126>:0 
UnityEngine.StackTraceUtility:ExtractStackTrace ()
UnityEngine.DebugLogHandler:LogFormat (UnityEngine.LogType,UnityEngine.Object,string,object[])
UnityEngine.Logger:Log (UnityEngine.LogType,object)
UnityEngine.Debug:LogError (object)
UnityEditor.EditorAssemblies:ProcessInitializeOnLoadMethodAttributes ()

Mono: successfully reloaded assembly
- Completed reload, in  1.401 seconds
Domain Reload Profiling:
	ReloadAssembly (1402ms)
		BeginReloadAssembly (89ms)
			ExecutionOrderSort (0ms)
			DisableScriptedObjects (4ms)
			BackupInstance (0ms)
			ReleaseScriptingObjects (0ms)
			CreateAndSetChildDomain (17ms)
		EndReloadAssembly (1243ms)
			LoadAssemblies (66ms)
			RebuildTransferFunctionScriptingTraits (0ms)
			SetupTypeCache (176ms)
			ReleaseScriptCaches (1ms)
			RebuildScriptCaches (47ms)
			SetupLoadedEditorAssemblies (924ms)
				LogAssemblyErrors (0ms)
				InitializePlatformSupportModulesInManaged (9ms)
				SetLoadedEditorAssemblies (0ms)
				RefreshPlugins (58ms)
				BeforeProcessingInitializeOnLoad (93ms)
				ProcessInitializeOnLoadAttributes (695ms)
				ProcessInitializeOnLoadMethodAttributes (62ms)
				AfterProcessingInitializeOnLoad (6ms)
				EditorAssembliesLoaded (0ms)
			ExecutionOrderSort2 (0ms)
			AwakeInstancesAfterBackupRestoration (3ms)
Platform modules already initialized, skipping
========================================================================
Worker process is ready to serve import requests
Launched and connected shader compiler UnityShaderCompiler.exe after 0.05 seconds
Refreshing native plugins compatible for Editor in 1.19 ms, found 10 plugins.
Preloading 1 native plugins for Editor in 0.09 ms.
Unloading 5125 Unused Serialized files (Serialized files now loaded: 0)
Unloading 52 unused Assets / (439.5 KB). Loaded Objects now: 5569.
Memory consumption went from 219.4 MB to 218.9 MB.
Total: 4.836100 ms (FindLiveObjects: 0.395300 ms CreateObjectMapping: 0.250100 ms MarkObjects: 3.955600 ms  DeleteObjects: 0.234100 ms)

AssetImportParameters requested are different than current active one (requested -> active):
  custom:video-decoder-ogg-theora: a1e56fd34408186e4bbccfd4996cb3dc -> 
  custom:container-muxer-webm: aa71ff27fc2769a1b78a27578f13a17b -> 
  custom:container-demuxer-webm: 4f35f7cbe854078d1ac9338744f61a02 -> 
  custom:video-encoder-webm-vp8: eb34c28f22e8b96e1ab97ce403110664 -> 
  custom:video-codec-MediaFoundation-h265: e54d7ab0439102e2317fc1e4b246158d -> 
  custom:audio-encoder-webm-vorbis: bf7c407c2cedff20999df2af8eb42d56 -> 
  custom:framework-win-MediaFoundation: 216162199b28c13a410421893ffa2e32 -> 
  custom:container-demuxer-ogg: 62fdf1f143b41e24485cea50d1cbac27 -> 
  custom:video-decoder-webm-vp8: 9c59270c3fd7afecdb556c50c9e8de78 -> 
  custom:audio-decoder-ogg-vorbis: bf7c407c2cedff20999df2af8eb42d56 -> 
========================================================================
Received Import Request.
  Time since last request: 565950.050706 seconds.
  path: Assets/Material_Textures/Daejojeon_3.07_Bake/Fnd_Screens.mat
  artifactKey: Guid(f926121687e6859448a707f83a0d0e32) Importer(815301076,1909f56bfc062723c751e8b465ee728b)
Start importing Assets/Material_Textures/Daejojeon_3.07_Bake/Fnd_Screens.mat using Guid(f926121687e6859448a707f83a0d0e32) Importer(815301076,1909f56bfc062723c751e8b465ee728b)  -> (artifact id: '208b9f68dc2332c95847a507dff9b0bc') in 0.400214 seconds 
========================================================================
Received Import Request.
  Time since last request: 40.440788 seconds.
  path: Assets/Material_Textures/Daejojeon_3.07_Bake/Fnd_Screens 1.mat
  artifactKey: Guid(0c993f5a205e75c4f8082c6e36250eb6) Importer(815301076,1909f56bfc062723c751e8b465ee728b)
Start importing Assets/Material_Textures/Daejojeon_3.07_Bake/Fnd_Screens 1.mat using Guid(0c993f5a205e75c4f8082c6e36250eb6) Importer(815301076,1909f56bfc062723c751e8b465ee728b)  -> (artifact id: 'fc5ecd22d475d553810ff8b811ec2499') in 0.049636 seconds 
========================================================================
Received Import Request.
  Time since last request: 2.040909 seconds.
  path: Assets/Material_Textures/Daejojeon_3.07_Bake/Gatehouse.mat
  artifactKey: Guid(0c993f5a205e75c4f8082c6e36250eb6) Importer(815301076,1909f56bfc062723c751e8b465ee728b)
Start importing Assets/Material_Textures/Daejojeon_3.07_Bake/Gatehouse.mat using Guid(0c993f5a205e75c4f8082c6e36250eb6) Importer(815301076,1909f56bfc062723c751e8b465ee728b)  -> (artifact id: '7fe9e363e54f9517ff0d2d6c8cd11965') in 0.046025 seconds 
========================================================================
Received Import Request.
  Time since last request: 6.160692 seconds.
  path: Assets/Material_Textures/Daejojeon_3.07_Bake/Gatehouse 1.mat
  artifactKey: Guid(8e8e8148fb0afa846882642659308203) Importer(815301076,1909f56bfc062723c751e8b465ee728b)
Start importing Assets/Material_Textures/Daejojeon_3.07_Bake/Gatehouse 1.mat using Guid(8e8e8148fb0afa846882642659308203) Importer(815301076,1909f56bfc062723c751e8b465ee728b)  -> (artifact id: 'd6375c9761f9dd806ade215e18250af9') in 0.015443 seconds 
========================================================================
Received Import Request.
  Time since last request: 2.739687 seconds.
  path: Assets/Material_Textures/Daejojeon_3.07_Bake/GungnyeoRooms.mat
  artifactKey: Guid(8e8e8148fb0afa846882642659308203) Importer(815301076,1909f56bfc062723c751e8b465ee728b)
Start importing Assets/Material_Textures/Daejojeon_3.07_Bake/GungnyeoRooms.mat using Guid(8e8e8148fb0afa846882642659308203) Importer(815301076,1909f56bfc062723c751e8b465ee728b)  -> (artifact id: 'd509a411bb662e1fa7b5c2a006c6b777') in 0.013351 seconds 
========================================================================
Received Import Request.
  Time since last request: 0.609844 seconds.
  path: Assets/Material_Textures/Daejojeon_3.07_Bake/GungnyeoRooms 1.mat
  artifactKey: Guid(59e5c426e75745c47b9abb2fdcf37f08) Importer(815301076,1909f56bfc062723c751e8b465ee728b)
Start importing Assets/Material_Textures/Daejojeon_3.07_Bake/GungnyeoRooms 1.mat using Guid(59e5c426e75745c47b9abb2fdcf37f08) Importer(815301076,1909f56bfc062723c751e8b465ee728b)  -> (artifact id: '8bfd71971216d1ec4adf9e52eb90d02e') in 0.012970 seconds 
========================================================================
Received Import Request.
  Time since last request: 9.855668 seconds.
  path: Assets/Material_Textures/Daejojeon_3.07_Bake/KitchenArea.mat
  artifactKey: Guid(59e5c426e75745c47b9abb2fdcf37f08) Importer(815301076,1909f56bfc062723c751e8b465ee728b)
Start importing Assets/Material_Textures/Daejojeon_3.07_Bake/KitchenArea.mat using Guid(59e5c426e75745c47b9abb2fdcf37f08) Importer(815301076,1909f56bfc062723c751e8b465ee728b)  -> (artifact id: '7b47a66a8e173d2139c58e06e47c00ee') in 0.012499 seconds 
========================================================================
Received Import Request.
  Time since last request: 0.401542 seconds.
  path: Assets/Material_Textures/Daejojeon_3.07_Bake/KitchenArea 1.mat
  artifactKey: Guid(dc1ecc020b83b1b4b8523ccfa8ac18ab) Importer(815301076,1909f56bfc062723c751e8b465ee728b)
Start importing Assets/Material_Textures/Daejojeon_3.07_Bake/KitchenArea 1.mat using Guid(dc1ecc020b83b1b4b8523ccfa8ac18ab) Importer(815301076,1909f56bfc062723c751e8b465ee728b)  -> (artifact id: 'f6af262c58a2404e223aeb7c1b8047df') in 0.013676 seconds 
========================================================================
Received Import Request.
  Time since last request: 6.546215 seconds.
  path: Assets/Material_Textures/Daejojeon_3.07_Bake/Outer_Far.mat
  artifactKey: Guid(dc1ecc020b83b1b4b8523ccfa8ac18ab) Importer(815301076,1909f56bfc062723c751e8b465ee728b)
Start importing Assets/Material_Textures/Daejojeon_3.07_Bake/Outer_Far.mat using Guid(dc1ecc020b83b1b4b8523ccfa8ac18ab) Importer(815301076,1909f56bfc062723c751e8b465ee728b)  -> (artifact id: 'c042b6c199c6216009aa8adad9a81489') in 0.011837 seconds 
========================================================================
Received Import Request.
  Time since last request: 0.452104 seconds.
  path: Assets/Material_Textures/Daejojeon_3.07_Bake/Outer_Far 1.mat
  artifactKey: Guid(3bab9b5323c66884b97093842951373f) Importer(815301076,1909f56bfc062723c751e8b465ee728b)
Start importing Assets/Material_Textures/Daejojeon_3.07_Bake/Outer_Far 1.mat using Guid(3bab9b5323c66884b97093842951373f) Importer(815301076,1909f56bfc062723c751e8b465ee728b)  -> (artifact id: '16f2c3c0e748049f74f8cf85ea0269e4') in 0.013525 seconds 
========================================================================
Received Import Request.
  Time since last request: 5.834437 seconds.
  path: Assets/Material_Textures/Daejojeon_3.07_Bake/Outer_GateFar.mat
  artifactKey: Guid(3bab9b5323c66884b97093842951373f) Importer(815301076,1909f56bfc062723c751e8b465ee728b)
Start importing Assets/Material_Textures/Daejojeon_3.07_Bake/Outer_GateFar.mat using Guid(3bab9b5323c66884b97093842951373f) Importer(815301076,1909f56bfc062723c751e8b465ee728b)  -> (artifact id: '2f0556e90dc6fa15441915cfe8b15bae') in 0.013524 seconds 
========================================================================
Received Import Request.
  Time since last request: 0.481626 seconds.
  path: Assets/Material_Textures/Daejojeon_3.07_Bake/Outer_GateFar 1.mat
  artifactKey: Guid(840946adeb7f56f48958b7b954ae84e9) Importer(815301076,1909f56bfc062723c751e8b465ee728b)
Start importing Assets/Material_Textures/Daejojeon_3.07_Bake/Outer_GateFar 1.mat using Guid(840946adeb7f56f48958b7b954ae84e9) Importer(815301076,1909f56bfc062723c751e8b465ee728b)  -> (artifact id: 'cb584fd2c157a7c14c25f102e74390bd') in 0.013334 seconds 
========================================================================
Received Import Request.
  Time since last request: 2.918719 seconds.
  path: Assets/Material_Textures/Daejojeon_3.07_Bake/Outer_GateNear.mat
  artifactKey: Guid(840946adeb7f56f48958b7b954ae84e9) Importer(815301076,1909f56bfc062723c751e8b465ee728b)
Start importing Assets/Material_Textures/Daejojeon_3.07_Bake/Outer_GateNear.mat using Guid(840946adeb7f56f48958b7b954ae84e9) Importer(815301076,1909f56bfc062723c751e8b465ee728b)  -> (artifact id: '124d5f1d9f92923db5d87ba6dae3fbdd') in 0.014310 seconds 
========================================================================
Received Import Request.
  Time since last request: 0.769344 seconds.
  path: Assets/Material_Textures/Daejojeon_3.07_Bake/Outer_GateNear 1.mat
  artifactKey: Guid(25a7b504bb8d14847989b806a345dd8f) Importer(815301076,1909f56bfc062723c751e8b465ee728b)
Start importing Assets/Material_Textures/Daejojeon_3.07_Bake/Outer_GateNear 1.mat using Guid(25a7b504bb8d14847989b806a345dd8f) Importer(815301076,1909f56bfc062723c751e8b465ee728b)  -> (artifact id: '0fd4830fe730751530c1c185388c98ce') in 0.013057 seconds 
========================================================================
Received Import Request.
  Time since last request: 3.616523 seconds.
  path: Assets/Material_Textures/Daejojeon_3.07_Bake/SanggungRooms.mat
  artifactKey: Guid(25a7b504bb8d14847989b806a345dd8f) Importer(815301076,1909f56bfc062723c751e8b465ee728b)
Start importing Assets/Material_Textures/Daejojeon_3.07_Bake/SanggungRooms.mat using Guid(25a7b504bb8d14847989b806a345dd8f) Importer(815301076,1909f56bfc062723c751e8b465ee728b)  -> (artifact id: 'e518fff03080d2ca4e48f7120d601157') in 0.012039 seconds 
========================================================================
Received Import Request.
  Time since last request: 0.325888 seconds.
  path: Assets/Material_Textures/Daejojeon_3.07_Bake/SanggungRooms 1.mat
  artifactKey: Guid(ce2ef69bc9154a64186fabe0cbd1c38b) Importer(815301076,1909f56bfc062723c751e8b465ee728b)
Start importing Assets/Material_Textures/Daejojeon_3.07_Bake/SanggungRooms 1.mat using Guid(ce2ef69bc9154a64186fabe0cbd1c38b) Importer(815301076,1909f56bfc062723c751e8b465ee728b)  -> (artifact id: '83d561579a65f5a4c91ded6585d48258') in 0.012430 seconds 
========================================================================
Received Import Request.
  Time since last request: 2.966058 seconds.
  path: Assets/Material_Textures/Daejojeon_3.07_Bake/ScreensKitchen.mat
  artifactKey: Guid(ce2ef69bc9154a64186fabe0cbd1c38b) Importer(815301076,1909f56bfc062723c751e8b465ee728b)
Start importing Assets/Material_Textures/Daejojeon_3.07_Bake/ScreensKitchen.mat using Guid(ce2ef69bc9154a64186fabe0cbd1c38b) Importer(815301076,1909f56bfc062723c751e8b465ee728b)  -> (artifact id: '0ddcd9a847680114030cb4ccdc2896de') in 0.013066 seconds 
========================================================================
Received Import Request.
  Time since last request: 0.852300 seconds.
  path: Assets/Material_Textures/Daejojeon_3.07_Bake/ScreensKitchen 1.mat
  artifactKey: Guid(a30f2b6a7eccc67429aa78edcc672f9c) Importer(815301076,1909f56bfc062723c751e8b465ee728b)
Start importing Assets/Material_Textures/Daejojeon_3.07_Bake/ScreensKitchen 1.mat using Guid(a30f2b6a7eccc67429aa78edcc672f9c) Importer(815301076,1909f56bfc062723c751e8b465ee728b)  -> (artifact id: 'bcbcec0f01b13365e02d24a77f297e2e') in 0.014536 seconds 
========================================================================
Received Import Request.
  Time since last request: 2.244297 seconds.
  path: Assets/Material_Textures/Daejojeon_3.07_Bake/Storage.mat
  artifactKey: Guid(a30f2b6a7eccc67429aa78edcc672f9c) Importer(815301076,1909f56bfc062723c751e8b465ee728b)
Start importing Assets/Material_Textures/Daejojeon_3.07_Bake/Storage.mat using Guid(a30f2b6a7eccc67429aa78edcc672f9c) Importer(815301076,1909f56bfc062723c751e8b465ee728b)  -> (artifact id: 'fba3bc42fec350f42dbc7565e7eb9c70') in 0.012609 seconds 
========================================================================
Received Import Request.
  Time since last request: 131.254717 seconds.
  path: Assets/Material_Textures/Daejojeon_3.07_Bake
  artifactKey: Guid(d6072886599954c4db9719b117baf5d3) Importer(815301076,1909f56bfc062723c751e8b465ee728b)
Start importing Assets/Material_Textures/Daejojeon_3.07_Bake using Guid(d6072886599954c4db9719b117baf5d3) Importer(815301076,1909f56bfc062723c751e8b465ee728b)  -> (artifact id: '1b5b8d3878500d5798c5f1972dbe4be7') in 0.006947 seconds 
========================================================================
Received Import Request.
  Time since last request: 124.534689 seconds.
  path: Assets/Models/DaejojeonModels/In Progress/2.1.22_Testing_DaejojeonSample.fbx
  artifactKey: Guid(252f1a1f72cbb2f49944c6dc1c6c8d08) Importer(815301076,1909f56bfc062723c751e8b465ee728b)
Start importing Assets/Models/DaejojeonModels/In Progress/2.1.22_Testing_DaejojeonSample.fbx using Guid(252f1a1f72cbb2f49944c6dc1c6c8d08) Importer(815301076,1909f56bfc062723c751e8b465ee728b)  -> (artifact id: 'd38a07df3edf08cf1f27a345223d7ed6') in 0.202709 seconds 
========================================================================
Received Import Request.
  Time since last request: 0.000023 seconds.
  path: Assets/AddressableAssetsData/AddressableAssetSettings.asset
  artifactKey: Guid(47bcf8482dc7a3b46b89951152e4993e) Importer(815301076,1909f56bfc062723c751e8b465ee728b)
Start importing Assets/AddressableAssetsData/AddressableAssetSettings.asset using Guid(47bcf8482dc7a3b46b89951152e4993e) Importer(815301076,1909f56bfc062723c751e8b465ee728b)  -> (artifact id: 'af8f5dd54143a87f7308b805d486f217') in 0.013133 seconds 
========================================================================
Received Import Request.
  Time since last request: 0.000024 seconds.
  path: Assets/Prefabs/XR/Hands/PhysicsHands_Testing/_XR_Player_2.5.22_PhysicsBased.prefab
  artifactKey: Guid(2bb6f7d8f8367fb47b09a76d3343fdec) Importer(815301076,1909f56bfc062723c751e8b465ee728b)
Start importing Assets/Prefabs/XR/Hands/PhysicsHands_Testing/_XR_Player_2.5.22_PhysicsBased.prefab using Guid(2bb6f7d8f8367fb47b09a76d3343fdec) Importer(815301076,1909f56bfc062723c751e8b465ee728b)  -> (artifact id: '6d8dd184e5900d54d885a777559f9fd3') in 0.062958 seconds 
========================================================================
Received Import Request.
  Time since last request: 0.000020 seconds.
  path: Assets/Models/HandModels/Gungnyeo_HandModeling_2.22.22.fbx
  artifactKey: Guid(8211b36fc7010fe46b95caa0694dfc9c) Importer(815301076,1909f56bfc062723c751e8b465ee728b)
Start importing Assets/Models/HandModels/Gungnyeo_HandModeling_2.22.22.fbx using Guid(8211b36fc7010fe46b95caa0694dfc9c) Importer(815301076,1909f56bfc062723c751e8b465ee728b)  -> (artifact id: '4dad77a11549644a4891b31889edafff') in 0.067209 seconds 
========================================================================
Received Import Request.
  Time since last request: 0.081866 seconds.
  path: Assets/Models/DaejojeonModels/Daejojeon_3.07.22_BakingTest.fbx
  artifactKey: Guid(66f1c94b60d7cb44f928ec5020d66eed) Importer(815301076,1909f56bfc062723c751e8b465ee728b)
Start importing Assets/Models/DaejojeonModels/Daejojeon_3.07.22_BakingTest.fbx using Guid(66f1c94b60d7cb44f928ec5020d66eed) Importer(815301076,1909f56bfc062723c751e8b465ee728b)  -> (artifact id: '22e3d1c19ec71002fd0f5d097559fce6') in 0.364822 seconds 
========================================================================
Received Import Request.
  Time since last request: 34.988430 seconds.
  path: Assets/Materials_Basic/Placeholders/Smp_DoubleNormal.mat
  artifactKey: Guid(57844cbcb257c624cad66c7ae934879a) Importer(815301076,1909f56bfc062723c751e8b465ee728b)
Start importing Assets/Materials_Basic/Placeholders/Smp_DoubleNormal.mat using Guid(57844cbcb257c624cad66c7ae934879a) Importer(815301076,1909f56bfc062723c751e8b465ee728b)  -> (artifact id: 'dcb97b27bd988e52a6286c7ccc675158') in 0.013496 seconds 
========================================================================
Received Import Request.
  Time since last request: 436.426671 seconds.
  path: Assets/ModelAnimations/_Grip.mask
  artifactKey: Guid(e33396081b6820f45a4d637fb32d9a6a) Importer(815301076,1909f56bfc062723c751e8b465ee728b)
Start importing Assets/ModelAnimations/_Grip.mask using Guid(e33396081b6820f45a4d637fb32d9a6a) Importer(815301076,1909f56bfc062723c751e8b465ee728b)  -> (artifact id: 'e256becc200e6673d14ea45d88881ff3') in 0.008429 seconds 
========================================================================
Received Import Request.
  Time since last request: 0.000020 seconds.
  path: Assets/ModelAnimations/G_Grip.mask
  artifactKey: Guid(80516763424a69f49aa161aaa971448f) Importer(815301076,1909f56bfc062723c751e8b465ee728b)
Start importing Assets/ModelAnimations/G_Grip.mask using Guid(80516763424a69f49aa161aaa971448f) Importer(815301076,1909f56bfc062723c751e8b465ee728b)  -> (artifact id: '888416b415f48a77a2ca1c27956dbcd1') in 0.011037 seconds 
========================================================================
Received Import Request.
  Time since last request: 0.000017 seconds.
  path: Assets/ModelAnimations/G_Trigger.mask
  artifactKey: Guid(d44ceda290ab6084ab77b5922bd5f492) Importer(815301076,1909f56bfc062723c751e8b465ee728b)
Start importing Assets/ModelAnimations/G_Trigger.mask using Guid(d44ceda290ab6084ab77b5922bd5f492) Importer(815301076,1909f56bfc062723c751e8b465ee728b)  -> (artifact id: '028911bc193d2cd58c9f359522eb1f9b') in 0.009248 seconds 
========================================================================
Received Import Request.
  Time since last request: 0.302532 seconds.
  path: Assets/Models/DaejojeonModels/Daejojeon_3.07.22_corridor2.fbx
  artifactKey: Guid(570c186de17156240b840184c2abeb36) Importer(815301076,1909f56bfc062723c751e8b465ee728b)
Start importing Assets/Models/DaejojeonModels/Daejojeon_3.07.22_corridor2.fbx using Guid(570c186de17156240b840184c2abeb36) Importer(815301076,1909f56bfc062723c751e8b465ee728b)  -> (artifact id: 'b339e0e59670d657ffae992f427d5a00') in 0.037331 seconds 
========================================================================
Received Import Request.
  Time since last request: 0.000018 seconds.
  path: Assets/Models/DaejojeonModels/Whitebox_Background_2.20.22.fbx
  artifactKey: Guid(3b520b291b0950a4184fb04cf3bffc8d) Importer(815301076,1909f56bfc062723c751e8b465ee728b)
Start importing Assets/Models/DaejojeonModels/Whitebox_Background_2.20.22.fbx using Guid(3b520b291b0950a4184fb04cf3bffc8d) Importer(815301076,1909f56bfc062723c751e8b465ee728b)  -> (artifact id: '4eaea9c9cf2fc629ce5f1e15b69c9335') in 0.302146 seconds 
========================================================================
Received Import Request.
  Time since last request: 0.341663 seconds.
  path: Assets/Models/Furniture/Box_Lock_and_Key_Baked_4.07.fbx
  artifactKey: Guid(1862839d840466b48a9c223ac8a7ee73) Importer(815301076,1909f56bfc062723c751e8b465ee728b)
Start importing Assets/Models/Furniture/Box_Lock_and_Key_Baked_4.07.fbx using Guid(1862839d840466b48a9c223ac8a7ee73) Importer(815301076,1909f56bfc062723c751e8b465ee728b)  -> (artifact id: '9ff31b0f57ffd011848e9d3bb8461e6e') in 0.080462 seconds 
========================================================================
Received Import Request.
  Time since last request: 0.000023 seconds.
  path: Assets/Models/Furniture/GungnyeoRooms_Room2_3.9.22.fbx
  artifactKey: Guid(0f4509776039526418ec429e3c06a30a) Importer(815301076,1909f56bfc062723c751e8b465ee728b)
Start importing Assets/Models/Furniture/GungnyeoRooms_Room2_3.9.22.fbx using Guid(0f4509776039526418ec429e3c06a30a) Importer(815301076,1909f56bfc062723c751e8b465ee728b)  -> (artifact id: '02b667296e287f5e54999046c07de875') in 0.195030 seconds 
========================================================================
Received Import Request.
  Time since last request: 0.000025 seconds.
  path: Assets/Models/Furniture/GungnyeoRooms_Room3_3.9.22.fbx
  artifactKey: Guid(1a8a4bee83c6d494cbcb5c0480d859eb) Importer(815301076,1909f56bfc062723c751e8b465ee728b)
Start importing Assets/Models/Furniture/GungnyeoRooms_Room3_3.9.22.fbx using Guid(1a8a4bee83c6d494cbcb5c0480d859eb) Importer(815301076,1909f56bfc062723c751e8b465ee728b)  -> (artifact id: 'e4135b446c63f47afc0fce764c7d6363') in 0.198293 seconds 
========================================================================
Received Import Request.
  Time since last request: 0.000018 seconds.
  path: Assets/Models/Furniture/GungnyeoRoom_Grabbables_v1_3.9.22.fbx
  artifactKey: Guid(905501ee914163240970fb59818e6aef) Importer(815301076,1909f56bfc062723c751e8b465ee728b)
Start importing Assets/Models/Furniture/GungnyeoRoom_Grabbables_v1_3.9.22.fbx using Guid(905501ee914163240970fb59818e6aef) Importer(815301076,1909f56bfc062723c751e8b465ee728b)  -> (artifact id: 'cbde170e9ddf0b031cc2eac8d10049c0') in 0.173709 seconds 
========================================================================
Received Import Request.
  Time since last request: 0.000020 seconds.
  path: Assets/Models/Furniture/GungnyeoRooms_Room1_3.9.22.fbx
  artifactKey: Guid(1a1041d253fcb454bb8891765c316950) Importer(815301076,1909f56bfc062723c751e8b465ee728b)
Start importing Assets/Models/Furniture/GungnyeoRooms_Room1_3.9.22.fbx using Guid(1a1041d253fcb454bb8891765c316950) Importer(815301076,1909f56bfc062723c751e8b465ee728b)  -> (artifact id: '8881b5eae10accb95cf48c7b3b4d9f33') in 0.168321 seconds 
========================================================================
Received Import Request.
  Time since last request: 3.764221 seconds.
  path: Assets/Models/Furniture/Furniture.prefab
  artifactKey: Guid(8021ce1f52b3be643ab0a7ff383d7659) Importer(815301076,1909f56bfc062723c751e8b465ee728b)
Start importing Assets/Models/Furniture/Furniture.prefab using Guid(8021ce1f52b3be643ab0a7ff383d7659) Importer(815301076,1909f56bfc062723c751e8b465ee728b) Tried select unknown importer for id '-2' '00000000000000000000000000000000'
 -> (artifact id: '74c14ff31f7439ca347469002bc84bd3') in 0.355020 seconds 
========================================================================
Received Import Request.
  Time since last request: 13.290440 seconds.
  path: Assets/Models/Furniture/April_Furniture.prefab
  artifactKey: Guid(1a502239bd83a0b42811285c996f908a) Importer(815301076,1909f56bfc062723c751e8b465ee728b)
Start importing Assets/Models/Furniture/April_Furniture.prefab using Guid(1a502239bd83a0b42811285c996f908a) Importer(815301076,1909f56bfc062723c751e8b465ee728b) Tried select unknown importer for id '-2' '00000000000000000000000000000000'
 -> (artifact id: '6208cf97df250a170b417bb1b4ef8b61') in 0.240785 seconds 
========================================================================
Received Import Request.
  Time since last request: 277.021556 seconds.
  path: Assets/Models/Furniture/04.29.22 all furniture_unbaked.fbx
  artifactKey: Guid(546a298c064155940984f0ccf8b6ac97) Importer(815301076,1909f56bfc062723c751e8b465ee728b)
Start importing Assets/Models/Furniture/04.29.22 all furniture_unbaked.fbx using Guid(546a298c064155940984f0ccf8b6ac97) Importer(815301076,1909f56bfc062723c751e8b465ee728b)  -> (artifact id: 'cf07e79e00d66233edd926e39827e364') in 1.296197 seconds 
========================================================================
Received Import Request.
  Time since last request: 74.162672 seconds.
  path: Assets/Models/Furniture
  artifactKey: Guid(5c13d0e850b00024681106ec40a1e9fc) Importer(815301076,1909f56bfc062723c751e8b465ee728b)
Start importing Assets/Models/Furniture using Guid(5c13d0e850b00024681106ec40a1e9fc) Importer(815301076,1909f56bfc062723c751e8b465ee728b)  -> (artifact id: '23dc4be5543efbad18054b747b143e98') in 0.002897 seconds 
========================================================================
Received Import Request.
  Time since last request: 4.737232 seconds.
  path: Assets/Models/Furniture/Old
  artifactKey: Guid(f921148ad53b59a4a8d3c7715ebedf17) Importer(815301076,1909f56bfc062723c751e8b465ee728b)
Start importing Assets/Models/Furniture/Old using Guid(f921148ad53b59a4a8d3c7715ebedf17) Importer(815301076,1909f56bfc062723c751e8b465ee728b)  -> (artifact id: 'a93c7cfd540c12279e398fd6d4fa335c') in 0.006694 seconds 
========================================================================
Received Import Request.
  Time since last request: 57.845373 seconds.
  path: Assets/Material_Textures/Daejojeon_3.07_Bake/Corridor1.mat
  artifactKey: Guid(c096e1737ec976f45b1bd699308f411d) Importer(815301076,1909f56bfc062723c751e8b465ee728b)
Start importing Assets/Material_Textures/Daejojeon_3.07_Bake/Corridor1.mat using Guid(c096e1737ec976f45b1bd699308f411d) Importer(815301076,1909f56bfc062723c751e8b465ee728b)  -> (artifact id: 'a7c17ef6b85c315cc957000f189f79ac') in 0.254698 seconds 
========================================================================
Received Import Request.
  Time since last request: 0.000021 seconds.
  path: Assets/Material_Textures/Daejojeon_3.07_Bake/SanggungRooms.mat
  artifactKey: Guid(25a7b504bb8d14847989b806a345dd8f) Importer(815301076,1909f56bfc062723c751e8b465ee728b)
Start importing Assets/Material_Textures/Daejojeon_3.07_Bake/SanggungRooms.mat using Guid(25a7b504bb8d14847989b806a345dd8f) Importer(815301076,1909f56bfc062723c751e8b465ee728b)  -> (artifact id: 'fc0c0cdcba266204f790ee9c711032a5') in 0.147611 seconds 
========================================================================
Received Import Request.
  Time since last request: 0.000026 seconds.
  path: Assets/Material_Textures/Daejojeon_3.07_Bake/DJJ_GungnyeoRooms.mat
  artifactKey: Guid(7e7ff9af63b34d6498adce4f69b83bf0) Importer(815301076,1909f56bfc062723c751e8b465ee728b)
Start importing Assets/Material_Textures/Daejojeon_3.07_Bake/DJJ_GungnyeoRooms.mat using Guid(7e7ff9af63b34d6498adce4f69b83bf0) Importer(815301076,1909f56bfc062723c751e8b465ee728b)  -> (artifact id: '391023febe2dfced9e6a1f2bbe8862ff') in 0.175629 seconds 
========================================================================
Received Import Request.
  Time since last request: 0.000023 seconds.
  path: Assets/Material_Textures/Daejojeon_3.07_Bake/Fnd_1.mat
  artifactKey: Guid(a15eafb7f425f5c4dace011d0433d3d8) Importer(815301076,1909f56bfc062723c751e8b465ee728b)
Start importing Assets/Material_Textures/Daejojeon_3.07_Bake/Fnd_1.mat using Guid(a15eafb7f425f5c4dace011d0433d3d8) Importer(815301076,1909f56bfc062723c751e8b465ee728b)  -> (artifact id: '2bb7ad6df3a742de2e0c82c6e187e93c') in 0.135534 seconds 
========================================================================
Received Import Request.
  Time since last request: 0.000021 seconds.
  path: Assets/Material_Textures/Daejojeon_3.07_Bake/DJJ_PlayCorridor.mat
  artifactKey: Guid(4e837692cdcee7349b091a315166b564) Importer(815301076,1909f56bfc062723c751e8b465ee728b)
Start importing Assets/Material_Textures/Daejojeon_3.07_Bake/DJJ_PlayCorridor.mat using Guid(4e837692cdcee7349b091a315166b564) Importer(815301076,1909f56bfc062723c751e8b465ee728b)  -> (artifact id: 'de62312d9c0347de3d7a608d0a0a62e9') in 0.147561 seconds 
========================================================================
Received Import Request.
  Time since last request: 0.000024 seconds.
  path: Assets/Material_Textures/Daejojeon_3.07_Bake/DJJ_GreatHallFar.mat
  artifactKey: Guid(7e0bdb5f954f7b8458a819f9254e5445) Importer(815301076,1909f56bfc062723c751e8b465ee728b)
Start importing Assets/Material_Textures/Daejojeon_3.07_Bake/DJJ_GreatHallFar.mat using Guid(7e0bdb5f954f7b8458a819f9254e5445) Importer(815301076,1909f56bfc062723c751e8b465ee728b)  -> (artifact id: '771681fbd8e1394bef3c7cb54a1f1a19') in 0.130638 seconds 
========================================================================
Received Import Request.
  Time since last request: 0.000019 seconds.
  path: Assets/Material_Textures/Daejojeon_3.07_Bake/Fnd_GungnyeoRooms.mat
  artifactKey: Guid(62e82493cd0f1ac48944aeef727e1291) Importer(815301076,1909f56bfc062723c751e8b465ee728b)
Start importing Assets/Material_Textures/Daejojeon_3.07_Bake/Fnd_GungnyeoRooms.mat using Guid(62e82493cd0f1ac48944aeef727e1291) Importer(815301076,1909f56bfc062723c751e8b465ee728b)  -> (artifact id: 'f0fd0001f1dd6f71c2c048634919ce95') in 0.129325 seconds 
========================================================================
Received Import Request.
  Time since last request: 0.000020 seconds.
  path: Assets/Material_Textures/Daejojeon_3.07_Bake/DJJ_SmallRooms 1.mat
  artifactKey: Guid(92f701b83d1c7484c917bee77287856f) Importer(815301076,1909f56bfc062723c751e8b465ee728b)
Start importing Assets/Material_Textures/Daejojeon_3.07_Bake/DJJ_SmallRooms 1.mat using Guid(92f701b83d1c7484c917bee77287856f) Importer(815301076,1909f56bfc062723c751e8b465ee728b)  -> (artifact id: 'b2981144428cd84a431a6f8ebc6d51ec') in 0.130330 seconds 
========================================================================
Received Import Request.
  Time since last request: 0.000026 seconds.
  path: Assets/Material_Textures/Daejojeon_3.07_Bake/DaejojeonCeilings.mat
  artifactKey: Guid(7d4d38f240101d9489f374c4f303a103) Importer(815301076,1909f56bfc062723c751e8b465ee728b)
Start importing Assets/Material_Textures/Daejojeon_3.07_Bake/DaejojeonCeilings.mat using Guid(7d4d38f240101d9489f374c4f303a103) Importer(815301076,1909f56bfc062723c751e8b465ee728b)  -> (artifact id: '61756b3d18c4690995be24f574e189e4') in 0.140131 seconds 
========================================================================
Received Import Request.
  Time since last request: 0.000022 seconds.
  path: Assets/Material_Textures/Daejojeon_3.07_Bake/DJJ_KingsRoom.mat
  artifactKey: Guid(f7a06d15beb13034ea2b7c39ac94c8bd) Importer(815301076,1909f56bfc062723c751e8b465ee728b)
Start importing Assets/Material_Textures/Daejojeon_3.07_Bake/DJJ_KingsRoom.mat using Guid(f7a06d15beb13034ea2b7c39ac94c8bd) Importer(815301076,1909f56bfc062723c751e8b465ee728b)  -> (artifact id: 'bd602341dd8408d27b8e9c1b67d96432') in 0.128794 seconds 
========================================================================
Received Import Request.
  Time since last request: 0.000022 seconds.
  path: Assets/Material_Textures/Daejojeon_3.07_Bake/DJJ_Jungjeon.mat
  artifactKey: Guid(44558955bb218ea4a81a67df82aca6da) Importer(815301076,1909f56bfc062723c751e8b465ee728b)
Start importing Assets/Material_Textures/Daejojeon_3.07_Bake/DJJ_Jungjeon.mat using Guid(44558955bb218ea4a81a67df82aca6da) Importer(815301076,1909f56bfc062723c751e8b465ee728b)  -> (artifact id: '92f797a783a444e8123ccff55f377df8') in 0.129191 seconds 
========================================================================
Received Import Request.
  Time since last request: 0.000025 seconds.
  path: Assets/Material_Textures/Daejojeon_3.07_Bake/DJJ_FrontCorridor.mat
  artifactKey: Guid(a01cd97de515edf49b48ecf23267590e) Importer(815301076,1909f56bfc062723c751e8b465ee728b)
Start importing Assets/Material_Textures/Daejojeon_3.07_Bake/DJJ_FrontCorridor.mat using Guid(a01cd97de515edf49b48ecf23267590e) Importer(815301076,1909f56bfc062723c751e8b465ee728b)  -> (artifact id: '14917c894fefae7bbf52c2219ea5f5fe') in 0.127230 seconds 
========================================================================
Received Import Request.
  Time since last request: 0.000020 seconds.
  path: Assets/Material_Textures/Daejojeon_3.07_Bake/Fnd_2.mat
  artifactKey: Guid(e7036221d58d8f9468ea5028eb96a4a4) Importer(815301076,1909f56bfc062723c751e8b465ee728b)
Start importing Assets/Material_Textures/Daejojeon_3.07_Bake/Fnd_2.mat using Guid(e7036221d58d8f9468ea5028eb96a4a4) Importer(815301076,1909f56bfc062723c751e8b465ee728b)  -> (artifact id: 'c326c5195d29207d70990ecdf764c64d') in 0.134477 seconds 
========================================================================
Received Import Request.
  Time since last request: 0.000026 seconds.
  path: Assets/Material_Textures/Daejojeon_3.07_Bake/Gatehouse.mat
  artifactKey: Guid(0c993f5a205e75c4f8082c6e36250eb6) Importer(815301076,1909f56bfc062723c751e8b465ee728b)
Start importing Assets/Material_Textures/Daejojeon_3.07_Bake/Gatehouse.mat using Guid(0c993f5a205e75c4f8082c6e36250eb6) Importer(815301076,1909f56bfc062723c751e8b465ee728b)  -> (artifact id: '993386a3dce80e47f681beb0313e36e7') in 0.129021 seconds 
========================================================================
Received Import Request.
  Time since last request: 1.866608 seconds.
  path: Assets/Material_Textures/GungnyeoRooms_3.10_Bake/GungnyeoRoom_1.mat
  artifactKey: Guid(574769f2b459cf9478456f3ac2e46da0) Importer(815301076,1909f56bfc062723c751e8b465ee728b)
Start importing Assets/Material_Textures/GungnyeoRooms_3.10_Bake/GungnyeoRoom_1.mat using Guid(574769f2b459cf9478456f3ac2e46da0) Importer(815301076,1909f56bfc062723c751e8b465ee728b)  -> (artifact id: 'd82f81eff99ec511bba145a090e6e613') in 0.046800 seconds 
Editor requested this worker to shutdown with reason: Scaling down because of idle timeout
AssetImportWorker is now disconnected from the server
Process exiting
Exiting without the bug reporter. Application will terminate with return code 0