Using pre-set license
Built from '2021.2/staging' branch; Version is '2021.2.9f1 (921b45a28ab6) revision 9575237'; Using compiler version '192829333'; Build Type 'Release'
OS: 'Windows 10  (10.0.19043) 64bit Core' Language: 'en' Physical Memory: 65460 MB
BatchMode: 1, IsHumanControllingUs: 0, StartBugReporterOnCrash: 0, Is64bit: 1, IsPro: 0

COMMAND LINE ARGUMENTS:
C:\Program Files\Unity\Hub\Editor\2021.2.9f1\Editor\Unity.exe
-adb2
-batchMode
-noUpm
-name
AssetImportWorker18
-projectPath
C:/Users/torne/Thesis/ChangdeokgungVR/GungnyeoGame
-logFile
Logs/AssetImportWorker18.log
-srvPort
63355
Successfully changed project path to: C:/Users/torne/Thesis/ChangdeokgungVR/GungnyeoGame
C:/Users/torne/Thesis/ChangdeokgungVR/GungnyeoGame
[UnityMemory] Configuration Parameters - Can be set up in boot.config
    "memorysetup-bucket-allocator-granularity=16"
    "memorysetup-bucket-allocator-bucket-count=8"
    "memorysetup-bucket-allocator-block-size=33554432"
    "memorysetup-bucket-allocator-block-count=8"
    "memorysetup-main-allocator-block-size=16777216"
    "memorysetup-thread-allocator-block-size=16777216"
    "memorysetup-gfx-main-allocator-block-size=16777216"
    "memorysetup-gfx-thread-allocator-block-size=16777216"
    "memorysetup-cache-allocator-block-size=4194304"
    "memorysetup-typetree-allocator-block-size=2097152"
    "memorysetup-profiler-bucket-allocator-granularity=16"
    "memorysetup-profiler-bucket-allocator-bucket-count=8"
    "memorysetup-profiler-bucket-allocator-block-size=33554432"
    "memorysetup-profiler-bucket-allocator-block-count=8"
    "memorysetup-profiler-allocator-block-size=16777216"
    "memorysetup-profiler-editor-allocator-block-size=1048576"
    "memorysetup-temp-allocator-size-main=16777216"
    "memorysetup-job-temp-allocator-block-size=2097152"
    "memorysetup-job-temp-allocator-block-size-background=1048576"
    "memorysetup-job-temp-allocator-reduction-small-platforms=262144"
    "memorysetup-temp-allocator-size-background-worker=32768"
    "memorysetup-temp-allocator-size-job-worker=262144"
    "memorysetup-temp-allocator-size-preload-manager=33554432"
    "memorysetup-temp-allocator-size-nav-mesh-worker=65536"
    "memorysetup-temp-allocator-size-audio-worker=65536"
    "memorysetup-temp-allocator-size-cloud-worker=32768"
    "memorysetup-temp-allocator-size-gi-baking-worker=262144"
    "memorysetup-temp-allocator-size-gfx=262144"
Refreshing native plugins compatible for Editor in 70.74 ms, found 10 plugins.
Preloading 1 native plugins for Editor in 0.88 ms.
Initialize engine version: 2021.2.9f1 (921b45a28ab6)
[Subsystems] Discovering subsystems at path C:/Program Files/Unity/Hub/Editor/2021.2.9f1/Editor/Data/Resources/UnitySubsystems
[Subsystems] Discovering subsystems at path C:/Users/torne/Thesis/ChangdeokgungVR/GungnyeoGame/Assets
GfxDevice: creating device client; threaded=0; jobified=0
Direct3D:
    Version:  Direct3D 11.0 [level 11.1]
    Renderer: NVIDIA GeForce RTX 3080 (ID=0x2216)
    Vendor:   NVIDIA
    VRAM:     10078 MB
    Driver:   30.0.14.7212
Initialize mono
Mono path[0] = 'C:/Program Files/Unity/Hub/Editor/2021.2.9f1/Editor/Data/Managed'
Mono path[1] = 'C:/Program Files/Unity/Hub/Editor/2021.2.9f1/Editor/Data/MonoBleedingEdge/lib/mono/unityjit-win32'
Mono config path = 'C:/Program Files/Unity/Hub/Editor/2021.2.9f1/Editor/Data/MonoBleedingEdge/etc'
Using monoOptions --debugger-agent=transport=dt_socket,embedding=1,server=y,suspend=n,address=127.0.0.1:56188
Begin MonoManager ReloadAssembly
Registering precompiled unity dll's ...
Register platform support module: C:/Program Files/Unity/Hub/Editor/2021.2.9f1/Editor/Data/PlaybackEngines/WindowsStandaloneSupport/UnityEditor.WindowsStandalone.Extensions.dll
Registered in 0.005796 seconds.
Native extension for WindowsStandalone target not found
Refreshing native plugins compatible for Editor in 59.13 ms, found 10 plugins.
Preloading 1 native plugins for Editor in 0.07 ms.
Mono: successfully reloaded assembly
- Completed reload, in  0.465 seconds
Domain Reload Profiling:
	ReloadAssembly (465ms)
		BeginReloadAssembly (55ms)
			ExecutionOrderSort (0ms)
			DisableScriptedObjects (0ms)
			BackupInstance (0ms)
			ReleaseScriptingObjects (0ms)
			CreateAndSetChildDomain (1ms)
		EndReloadAssembly (350ms)
			LoadAssemblies (53ms)
			RebuildTransferFunctionScriptingTraits (0ms)
			SetupTypeCache (72ms)
			ReleaseScriptCaches (0ms)
			RebuildScriptCaches (21ms)
			SetupLoadedEditorAssemblies (215ms)
				LogAssemblyErrors (0ms)
				InitializePlatformSupportModulesInManaged (13ms)
				SetLoadedEditorAssemblies (0ms)
				RefreshPlugins (59ms)
				BeforeProcessingInitializeOnLoad (1ms)
				ProcessInitializeOnLoadAttributes (109ms)
				ProcessInitializeOnLoadMethodAttributes (33ms)
				AfterProcessingInitializeOnLoad (0ms)
				EditorAssembliesLoaded (0ms)
			ExecutionOrderSort2 (0ms)
			AwakeInstancesAfterBackupRestoration (0ms)
Platform modules already initialized, skipping
Registering precompiled user dll's ...
Registered in 0.008158 seconds.
Begin MonoManager ReloadAssembly
Native extension for WindowsStandalone target not found
Refreshing native plugins compatible for Editor in 60.70 ms, found 10 plugins.
Preloading 1 native plugins for Editor in 0.07 ms.
Package Manager log level set to [2]
System.Reflection.TargetInvocationException: Exception has been thrown by the target of an invocation. ---> System.NullReferenceException: Object reference not set to an instance of an object
  at Unity.XR.Oculus.OculusLoader.AssetPathToAbsolutePath (System.String assetPath) [0x0003d] in C:\Users\torne\Thesis\ChangdeokgungVR\GungnyeoGame\Library\PackageCache\com.unity.xr.oculus@1.11.2\Runtime\OculusLoader.cs:250 
  at Unity.XR.Oculus.OculusLoader.EditorLoadOVRPlugin () [0x0007b] in C:\Users\torne\Thesis\ChangdeokgungVR\GungnyeoGame\Library\PackageCache\com.unity.xr.oculus@1.11.2\Runtime\OculusLoader.cs:235 
  at (wrapper managed-to-native) System.Reflection.RuntimeMethodInfo.InternalInvoke(System.Reflection.RuntimeMethodInfo,object,object[],System.Exception&)
  at System.Reflection.RuntimeMethodInfo.Invoke (System.Object obj, System.Reflection.BindingFlags invokeAttr, System.Reflection.Binder binder, System.Object[] parameters, System.Globalization.CultureInfo culture) [0x0006a] in <47ab72e0328040438980f9c23608e1ec>:0 
   --- End of inner exception stack trace ---
  at System.Reflection.RuntimeMethodInfo.Invoke (System.Object obj, System.Reflection.BindingFlags invokeAttr, System.Reflection.Binder binder, System.Object[] parameters, System.Globalization.CultureInfo culture) [0x00083] in <47ab72e0328040438980f9c23608e1ec>:0 
  at System.Reflection.MethodBase.Invoke (System.Object obj, System.Object[] parameters) [0x00000] in <47ab72e0328040438980f9c23608e1ec>:0 
  at UnityEditor.EditorAssemblies.ProcessInitializeOnLoadMethodAttributes () [0x000a5] in <091d339d138346aa90aa98b5607c9126>:0 
UnityEngine.StackTraceUtility:ExtractStackTrace ()
UnityEngine.DebugLogHandler:LogFormat (UnityEngine.LogType,UnityEngine.Object,string,object[])
UnityEngine.Logger:Log (UnityEngine.LogType,object)
UnityEngine.Debug:LogError (object)
UnityEditor.EditorAssemblies:ProcessInitializeOnLoadMethodAttributes ()

Mono: successfully reloaded assembly
- Completed reload, in  1.435 seconds
Domain Reload Profiling:
	ReloadAssembly (1436ms)
		BeginReloadAssembly (89ms)
			ExecutionOrderSort (0ms)
			DisableScriptedObjects (5ms)
			BackupInstance (0ms)
			ReleaseScriptingObjects (0ms)
			CreateAndSetChildDomain (20ms)
		EndReloadAssembly (1275ms)
			LoadAssemblies (64ms)
			RebuildTransferFunctionScriptingTraits (0ms)
			SetupTypeCache (187ms)
			ReleaseScriptCaches (1ms)
			RebuildScriptCaches (51ms)
			SetupLoadedEditorAssemblies (937ms)
				LogAssemblyErrors (0ms)
				InitializePlatformSupportModulesInManaged (9ms)
				SetLoadedEditorAssemblies (0ms)
				RefreshPlugins (61ms)
				BeforeProcessingInitializeOnLoad (94ms)
				ProcessInitializeOnLoadAttributes (703ms)
				ProcessInitializeOnLoadMethodAttributes (63ms)
				AfterProcessingInitializeOnLoad (6ms)
				EditorAssembliesLoaded (0ms)
			ExecutionOrderSort2 (0ms)
			AwakeInstancesAfterBackupRestoration (4ms)
Platform modules already initialized, skipping
========================================================================
Worker process is ready to serve import requests
Launched and connected shader compiler UnityShaderCompiler.exe after 0.05 seconds
Refreshing native plugins compatible for Editor in 1.86 ms, found 10 plugins.
Preloading 1 native plugins for Editor in 0.11 ms.
Unloading 5125 Unused Serialized files (Serialized files now loaded: 0)
Unloading 52 unused Assets / (439.4 KB). Loaded Objects now: 5569.
Memory consumption went from 219.4 MB to 218.9 MB.
Total: 6.354900 ms (FindLiveObjects: 0.690000 ms CreateObjectMapping: 0.384300 ms MarkObjects: 4.989700 ms  DeleteObjects: 0.289800 ms)

AssetImportParameters requested are different than current active one (requested -> active):
  custom:video-decoder-ogg-theora: a1e56fd34408186e4bbccfd4996cb3dc -> 
  custom:container-muxer-webm: aa71ff27fc2769a1b78a27578f13a17b -> 
  custom:container-demuxer-webm: 4f35f7cbe854078d1ac9338744f61a02 -> 
  custom:video-encoder-webm-vp8: eb34c28f22e8b96e1ab97ce403110664 -> 
  custom:video-codec-MediaFoundation-h265: e54d7ab0439102e2317fc1e4b246158d -> 
  custom:audio-encoder-webm-vorbis: bf7c407c2cedff20999df2af8eb42d56 -> 
  custom:framework-win-MediaFoundation: 216162199b28c13a410421893ffa2e32 -> 
  custom:container-demuxer-ogg: 62fdf1f143b41e24485cea50d1cbac27 -> 
  custom:video-decoder-webm-vp8: 9c59270c3fd7afecdb556c50c9e8de78 -> 
  custom:audio-decoder-ogg-vorbis: bf7c407c2cedff20999df2af8eb42d56 -> 
========================================================================
Received Import Request.
  Time since last request: 565690.154536 seconds.
  path: Assets/Material_Textures/Daejojeon_3.07_Bake/DJJ_FrontCorridor.mat
  artifactKey: Guid(a01cd97de515edf49b48ecf23267590e) Importer(815301076,1909f56bfc062723c751e8b465ee728b)
Start importing Assets/Material_Textures/Daejojeon_3.07_Bake/DJJ_FrontCorridor.mat using Guid(a01cd97de515edf49b48ecf23267590e) Importer(815301076,1909f56bfc062723c751e8b465ee728b)  -> (artifact id: '847809b617bd21c9681b34bf6773d4c0') in 0.544391 seconds 
========================================================================
Received Import Request.
  Time since last request: 4.790351 seconds.
  path: Assets/Material_Textures/Daejojeon_3.07_Bake/DJJ_FrontCorridor.mat
  artifactKey: Guid(a01cd97de515edf49b48ecf23267590e) Importer(815301076,1909f56bfc062723c751e8b465ee728b)
Start importing Assets/Material_Textures/Daejojeon_3.07_Bake/DJJ_FrontCorridor.mat using Guid(a01cd97de515edf49b48ecf23267590e) Importer(815301076,1909f56bfc062723c751e8b465ee728b)  -> (artifact id: 'c3e5f68d7ff175e0905a9f900372c7e8') in 0.164841 seconds 
========================================================================
Received Import Request.
  Time since last request: 0.000026 seconds.
  path: Assets/Material_Textures/Daejojeon_3.07_Bake/DJJ_KingsCorridor.mat
  artifactKey: Guid(0ac52fd4319c5944096fc509539f22a6) Importer(815301076,1909f56bfc062723c751e8b465ee728b)
Start importing Assets/Material_Textures/Daejojeon_3.07_Bake/DJJ_KingsCorridor.mat using Guid(0ac52fd4319c5944096fc509539f22a6) Importer(815301076,1909f56bfc062723c751e8b465ee728b)  -> (artifact id: 'f719f994d5fdcb527ecfde250507150e') in 0.136544 seconds 
========================================================================
Received Import Request.
  Time since last request: 10.874454 seconds.
  path: Assets/Material_Textures/Daejojeon_3.07_Bake/DJJ_FrontCorridor.mat
  artifactKey: Guid(a01cd97de515edf49b48ecf23267590e) Importer(815301076,1909f56bfc062723c751e8b465ee728b)
Start importing Assets/Material_Textures/Daejojeon_3.07_Bake/DJJ_FrontCorridor.mat using Guid(a01cd97de515edf49b48ecf23267590e) Importer(815301076,1909f56bfc062723c751e8b465ee728b)  -> (artifact id: 'b6b83b550564f5e6f375ad502cfbab04') in 0.161943 seconds 
========================================================================
Received Import Request.
  Time since last request: 0.000027 seconds.
  path: Assets/Material_Textures/Daejojeon_3.07_Bake/DJJ_KingsCorridor.mat
  artifactKey: Guid(0ac52fd4319c5944096fc509539f22a6) Importer(815301076,1909f56bfc062723c751e8b465ee728b)
Start importing Assets/Material_Textures/Daejojeon_3.07_Bake/DJJ_KingsCorridor.mat using Guid(0ac52fd4319c5944096fc509539f22a6) Importer(815301076,1909f56bfc062723c751e8b465ee728b)  -> (artifact id: '1d7405f0857968483fdfbb4352a919c8') in 0.138350 seconds 
========================================================================
Received Import Request.
  Time since last request: 10.428975 seconds.
  path: Assets/Material_Textures/Daejojeon_3.07_Bake/DJJ_FrontCorridor.mat
  artifactKey: Guid(a01cd97de515edf49b48ecf23267590e) Importer(815301076,1909f56bfc062723c751e8b465ee728b)
Start importing Assets/Material_Textures/Daejojeon_3.07_Bake/DJJ_FrontCorridor.mat using Guid(a01cd97de515edf49b48ecf23267590e) Importer(815301076,1909f56bfc062723c751e8b465ee728b)  -> (artifact id: '96352765c8cde0586b56069d75795dba') in 0.155614 seconds 
========================================================================
Received Import Request.
  Time since last request: 0.000021 seconds.
  path: Assets/Material_Textures/Daejojeon_3.07_Bake/DJJ_KingsRoom.mat
  artifactKey: Guid(f7a06d15beb13034ea2b7c39ac94c8bd) Importer(815301076,1909f56bfc062723c751e8b465ee728b)
Start importing Assets/Material_Textures/Daejojeon_3.07_Bake/DJJ_KingsRoom.mat using Guid(f7a06d15beb13034ea2b7c39ac94c8bd) Importer(815301076,1909f56bfc062723c751e8b465ee728b)  -> (artifact id: '18449f473a6eb93f4aea9c33d63a59b3') in 0.140101 seconds 
========================================================================
Received Import Request.
  Time since last request: 17.050721 seconds.
  path: Assets/Material_Textures/Daejojeon_3.07_Bake/DJJ_FrontCorridor.mat
  artifactKey: Guid(a01cd97de515edf49b48ecf23267590e) Importer(815301076,1909f56bfc062723c751e8b465ee728b)
Start importing Assets/Material_Textures/Daejojeon_3.07_Bake/DJJ_FrontCorridor.mat using Guid(a01cd97de515edf49b48ecf23267590e) Importer(815301076,1909f56bfc062723c751e8b465ee728b)  -> (artifact id: 'c0f95c9c74279ba210417522ce358f19') in 0.160840 seconds 
========================================================================
Received Import Request.
  Time since last request: 0.000031 seconds.
  path: Assets/Material_Textures/Daejojeon_3.07_Bake/DJJ_KingsCorridor.mat
  artifactKey: Guid(0ac52fd4319c5944096fc509539f22a6) Importer(815301076,1909f56bfc062723c751e8b465ee728b)
Start importing Assets/Material_Textures/Daejojeon_3.07_Bake/DJJ_KingsCorridor.mat using Guid(0ac52fd4319c5944096fc509539f22a6) Importer(815301076,1909f56bfc062723c751e8b465ee728b)  -> (artifact id: '285b97abab1ee195a57bcbd87e36d002') in 0.132329 seconds 
========================================================================
Received Import Request.
  Time since last request: 210.929584 seconds.
  path: Assets/Material_Textures/Daejojeon_3.07_Bake/Fnd_2.mat
  artifactKey: Guid(e7036221d58d8f9468ea5028eb96a4a4) Importer(815301076,1909f56bfc062723c751e8b465ee728b)
Start importing Assets/Material_Textures/Daejojeon_3.07_Bake/Fnd_2.mat using Guid(e7036221d58d8f9468ea5028eb96a4a4) Importer(815301076,1909f56bfc062723c751e8b465ee728b)  -> (artifact id: 'd710046ca0476e5bae3a9a6d4b62465b') in 0.159881 seconds 
========================================================================
Received Import Request.
  Time since last request: 0.000029 seconds.
  path: Assets/Material_Textures/Daejojeon_3.07_Bake/Fnd_Platform1.mat
  artifactKey: Guid(70d4007665db0374c8930acde89b6d83) Importer(815301076,1909f56bfc062723c751e8b465ee728b)
Start importing Assets/Material_Textures/Daejojeon_3.07_Bake/Fnd_Platform1.mat using Guid(70d4007665db0374c8930acde89b6d83) Importer(815301076,1909f56bfc062723c751e8b465ee728b)  -> (artifact id: '0384c44ad5c03375785d6a06d54a8dc7') in 0.141119 seconds 
========================================================================
Received Import Request.
  Time since last request: 0.000024 seconds.
  path: Assets/Material_Textures/Daejojeon_3.07_Bake/Fnd_GungnyeoRooms.mat
  artifactKey: Guid(62e82493cd0f1ac48944aeef727e1291) Importer(815301076,1909f56bfc062723c751e8b465ee728b)
Start importing Assets/Material_Textures/Daejojeon_3.07_Bake/Fnd_GungnyeoRooms.mat using Guid(62e82493cd0f1ac48944aeef727e1291) Importer(815301076,1909f56bfc062723c751e8b465ee728b)  -> (artifact id: '2a1b65ba85ba5fb26bfadf4653cfa4ac') in 0.126078 seconds 
========================================================================
Received Import Request.
  Time since last request: 0.000023 seconds.
  path: Assets/Material_Textures/Daejojeon_3.07_Bake/Fnd_Platform1 1.mat
  artifactKey: Guid(f926121687e6859448a707f83a0d0e32) Importer(815301076,1909f56bfc062723c751e8b465ee728b)
Start importing Assets/Material_Textures/Daejojeon_3.07_Bake/Fnd_Platform1 1.mat using Guid(f926121687e6859448a707f83a0d0e32) Importer(815301076,1909f56bfc062723c751e8b465ee728b)  -> (artifact id: 'c6d282d4739104c5785ce3d4dd59c0cc') in 0.130284 seconds 
Editor requested this worker to shutdown with reason: Scaling down because of idle timeout
AssetImportWorker is now disconnected from the server
Process exiting
Exiting without the bug reporter. Application will terminate with return code 0