Using pre-set license
Built from '2021.2/staging' branch; Version is '2021.2.9f1 (921b45a28ab6) revision 9575237'; Using compiler version '192829333'; Build Type 'Release'
OS: 'Windows 10  (10.0.19043) 64bit Core' Language: 'en' Physical Memory: 65460 MB
BatchMode: 1, IsHumanControllingUs: 0, StartBugReporterOnCrash: 0, Is64bit: 1, IsPro: 0

COMMAND LINE ARGUMENTS:
C:\Program Files\Unity\Hub\Editor\2021.2.9f1\Editor\Unity.exe
-adb2
-batchMode
-noUpm
-name
AssetImportWorker4
-projectPath
C:/Users/torne/Thesis/ChangdeokgungVR/GungnyeoGame
-logFile
Logs/AssetImportWorker4.log
-srvPort
52490
Successfully changed project path to: C:/Users/torne/Thesis/ChangdeokgungVR/GungnyeoGame
C:/Users/torne/Thesis/ChangdeokgungVR/GungnyeoGame
[UnityMemory] Configuration Parameters - Can be set up in boot.config
    "memorysetup-bucket-allocator-granularity=16"
    "memorysetup-bucket-allocator-bucket-count=8"
    "memorysetup-bucket-allocator-block-size=33554432"
    "memorysetup-bucket-allocator-block-count=8"
    "memorysetup-main-allocator-block-size=16777216"
    "memorysetup-thread-allocator-block-size=16777216"
    "memorysetup-gfx-main-allocator-block-size=16777216"
    "memorysetup-gfx-thread-allocator-block-size=16777216"
    "memorysetup-cache-allocator-block-size=4194304"
    "memorysetup-typetree-allocator-block-size=2097152"
    "memorysetup-profiler-bucket-allocator-granularity=16"
    "memorysetup-profiler-bucket-allocator-bucket-count=8"
    "memorysetup-profiler-bucket-allocator-block-size=33554432"
    "memorysetup-profiler-bucket-allocator-block-count=8"
    "memorysetup-profiler-allocator-block-size=16777216"
    "memorysetup-profiler-editor-allocator-block-size=1048576"
    "memorysetup-temp-allocator-size-main=16777216"
    "memorysetup-job-temp-allocator-block-size=2097152"
    "memorysetup-job-temp-allocator-block-size-background=1048576"
    "memorysetup-job-temp-allocator-reduction-small-platforms=262144"
    "memorysetup-temp-allocator-size-background-worker=32768"
    "memorysetup-temp-allocator-size-job-worker=262144"
    "memorysetup-temp-allocator-size-preload-manager=33554432"
    "memorysetup-temp-allocator-size-nav-mesh-worker=65536"
    "memorysetup-temp-allocator-size-audio-worker=65536"
    "memorysetup-temp-allocator-size-cloud-worker=32768"
    "memorysetup-temp-allocator-size-gi-baking-worker=262144"
    "memorysetup-temp-allocator-size-gfx=262144"
Refreshing native plugins compatible for Editor in 79.15 ms, found 10 plugins.
Preloading 1 native plugins for Editor in 0.94 ms.
Initialize engine version: 2021.2.9f1 (921b45a28ab6)
[Subsystems] Discovering subsystems at path C:/Program Files/Unity/Hub/Editor/2021.2.9f1/Editor/Data/Resources/UnitySubsystems
[Subsystems] Discovering subsystems at path C:/Users/torne/Thesis/ChangdeokgungVR/GungnyeoGame/Assets
GfxDevice: creating device client; threaded=0; jobified=0
Direct3D:
    Version:  Direct3D 11.0 [level 11.1]
    Renderer: NVIDIA GeForce RTX 3080 (ID=0x2216)
    Vendor:   NVIDIA
    VRAM:     10078 MB
    Driver:   30.0.14.7212
Initialize mono
Mono path[0] = 'C:/Program Files/Unity/Hub/Editor/2021.2.9f1/Editor/Data/Managed'
Mono path[1] = 'C:/Program Files/Unity/Hub/Editor/2021.2.9f1/Editor/Data/MonoBleedingEdge/lib/mono/unityjit-win32'
Mono config path = 'C:/Program Files/Unity/Hub/Editor/2021.2.9f1/Editor/Data/MonoBleedingEdge/etc'
Using monoOptions --debugger-agent=transport=dt_socket,embedding=1,server=y,suspend=n,address=127.0.0.1:56916
Begin MonoManager ReloadAssembly
Registering precompiled unity dll's ...
Register platform support module: C:/Program Files/Unity/Hub/Editor/2021.2.9f1/Editor/Data/PlaybackEngines/WindowsStandaloneSupport/UnityEditor.WindowsStandalone.Extensions.dll
Registered in 0.009166 seconds.
Native extension for WindowsStandalone target not found
Refreshing native plugins compatible for Editor in 67.46 ms, found 10 plugins.
Preloading 1 native plugins for Editor in 0.06 ms.
Mono: successfully reloaded assembly
- Completed reload, in  0.555 seconds
Domain Reload Profiling:
	ReloadAssembly (556ms)
		BeginReloadAssembly (71ms)
			ExecutionOrderSort (0ms)
			DisableScriptedObjects (0ms)
			BackupInstance (0ms)
			ReleaseScriptingObjects (0ms)
			CreateAndSetChildDomain (1ms)
		EndReloadAssembly (408ms)
			LoadAssemblies (68ms)
			RebuildTransferFunctionScriptingTraits (0ms)
			SetupTypeCache (89ms)
			ReleaseScriptCaches (0ms)
			RebuildScriptCaches (26ms)
			SetupLoadedEditorAssemblies (238ms)
				LogAssemblyErrors (0ms)
				InitializePlatformSupportModulesInManaged (13ms)
				SetLoadedEditorAssemblies (0ms)
				RefreshPlugins (68ms)
				BeforeProcessingInitializeOnLoad (1ms)
				ProcessInitializeOnLoadAttributes (119ms)
				ProcessInitializeOnLoadMethodAttributes (37ms)
				AfterProcessingInitializeOnLoad (0ms)
				EditorAssembliesLoaded (0ms)
			ExecutionOrderSort2 (0ms)
			AwakeInstancesAfterBackupRestoration (0ms)
Platform modules already initialized, skipping
Registering precompiled user dll's ...
Registered in 0.010941 seconds.
Begin MonoManager ReloadAssembly
Native extension for WindowsStandalone target not found
Refreshing native plugins compatible for Editor in 78.93 ms, found 10 plugins.
Preloading 1 native plugins for Editor in 0.07 ms.
Package Manager log level set to [2]
System.Reflection.TargetInvocationException: Exception has been thrown by the target of an invocation. ---> System.NullReferenceException: Object reference not set to an instance of an object
  at Unity.XR.Oculus.OculusLoader.AssetPathToAbsolutePath (System.String assetPath) [0x0003d] in C:\Users\torne\Thesis\ChangdeokgungVR\GungnyeoGame\Library\PackageCache\com.unity.xr.oculus@1.11.2\Runtime\OculusLoader.cs:250 
  at Unity.XR.Oculus.OculusLoader.EditorLoadOVRPlugin () [0x0007b] in C:\Users\torne\Thesis\ChangdeokgungVR\GungnyeoGame\Library\PackageCache\com.unity.xr.oculus@1.11.2\Runtime\OculusLoader.cs:235 
  at (wrapper managed-to-native) System.Reflection.RuntimeMethodInfo.InternalInvoke(System.Reflection.RuntimeMethodInfo,object,object[],System.Exception&)
  at System.Reflection.RuntimeMethodInfo.Invoke (System.Object obj, System.Reflection.BindingFlags invokeAttr, System.Reflection.Binder binder, System.Object[] parameters, System.Globalization.CultureInfo culture) [0x0006a] in <47ab72e0328040438980f9c23608e1ec>:0 
   --- End of inner exception stack trace ---
  at System.Reflection.RuntimeMethodInfo.Invoke (System.Object obj, System.Reflection.BindingFlags invokeAttr, System.Reflection.Binder binder, System.Object[] parameters, System.Globalization.CultureInfo culture) [0x00083] in <47ab72e0328040438980f9c23608e1ec>:0 
  at System.Reflection.MethodBase.Invoke (System.Object obj, System.Object[] parameters) [0x00000] in <47ab72e0328040438980f9c23608e1ec>:0 
  at UnityEditor.EditorAssemblies.ProcessInitializeOnLoadMethodAttributes () [0x000a5] in <091d339d138346aa90aa98b5607c9126>:0 
UnityEngine.StackTraceUtility:ExtractStackTrace ()
UnityEngine.DebugLogHandler:LogFormat (UnityEngine.LogType,UnityEngine.Object,string,object[])
UnityEngine.Logger:Log (UnityEngine.LogType,object)
UnityEngine.Debug:LogError (object)
UnityEditor.EditorAssemblies:ProcessInitializeOnLoadMethodAttributes ()

Mono: successfully reloaded assembly
- Completed reload, in  1.728 seconds
Domain Reload Profiling:
	ReloadAssembly (1729ms)
		BeginReloadAssembly (106ms)
			ExecutionOrderSort (0ms)
			DisableScriptedObjects (5ms)
			BackupInstance (0ms)
			ReleaseScriptingObjects (0ms)
			CreateAndSetChildDomain (22ms)
		EndReloadAssembly (1531ms)
			LoadAssemblies (92ms)
			RebuildTransferFunctionScriptingTraits (0ms)
			SetupTypeCache (214ms)
			ReleaseScriptCaches (1ms)
			RebuildScriptCaches (60ms)
			SetupLoadedEditorAssemblies (1125ms)
				LogAssemblyErrors (0ms)
				InitializePlatformSupportModulesInManaged (11ms)
				SetLoadedEditorAssemblies (0ms)
				RefreshPlugins (79ms)
				BeforeProcessingInitializeOnLoad (105ms)
				ProcessInitializeOnLoadAttributes (841ms)
				ProcessInitializeOnLoadMethodAttributes (79ms)
				AfterProcessingInitializeOnLoad (9ms)
				EditorAssembliesLoaded (0ms)
			ExecutionOrderSort2 (0ms)
			AwakeInstancesAfterBackupRestoration (5ms)
Platform modules already initialized, skipping
========================================================================
Worker process is ready to serve import requests
Launched and connected shader compiler UnityShaderCompiler.exe after 0.04 seconds
Refreshing native plugins compatible for Editor in 1.29 ms, found 10 plugins.
Preloading 1 native plugins for Editor in 0.09 ms.
Unloading 5124 Unused Serialized files (Serialized files now loaded: 0)
Unloading 52 unused Assets / (432.3 KB). Loaded Objects now: 5568.
Memory consumption went from 219.0 MB to 218.6 MB.
Total: 5.675300 ms (FindLiveObjects: 0.464900 ms CreateObjectMapping: 0.342600 ms MarkObjects: 4.592500 ms  DeleteObjects: 0.274400 ms)

AssetImportParameters requested are different than current active one (requested -> active):
  custom:video-decoder-ogg-theora: a1e56fd34408186e4bbccfd4996cb3dc -> 
  custom:container-muxer-webm: aa71ff27fc2769a1b78a27578f13a17b -> 
  custom:container-demuxer-webm: 4f35f7cbe854078d1ac9338744f61a02 -> 
  custom:video-encoder-webm-vp8: eb34c28f22e8b96e1ab97ce403110664 -> 
  custom:video-codec-MediaFoundation-h265: e54d7ab0439102e2317fc1e4b246158d -> 
  custom:audio-encoder-webm-vorbis: bf7c407c2cedff20999df2af8eb42d56 -> 
  custom:framework-win-MediaFoundation: 216162199b28c13a410421893ffa2e32 -> 
  custom:container-demuxer-ogg: 62fdf1f143b41e24485cea50d1cbac27 -> 
  custom:video-decoder-webm-vp8: 9c59270c3fd7afecdb556c50c9e8de78 -> 
  custom:audio-decoder-ogg-vorbis: bf7c407c2cedff20999df2af8eb42d56 -> 
========================================================================
Received Import Request.
  Time since last request: 22187.892990 seconds.
  path: Assets/Material_Shaders/Placeholders/Screens_Green 1.mat
  artifactKey: Guid(16bb0f55bae693d419fe59db45808af0) Importer(815301076,1909f56bfc062723c751e8b465ee728b)
Start importing Assets/Material_Shaders/Placeholders/Screens_Green 1.mat using Guid(16bb0f55bae693d419fe59db45808af0) Importer(815301076,1909f56bfc062723c751e8b465ee728b)  -> (artifact id: 'fe7dae9c87ce8d53bb114aeaffafb529') in 0.190413 seconds 
========================================================================
Received Import Request.
  Time since last request: 314.275003 seconds.
  path: Assets/Models/Furniture/Box_Lock_and_Key_Baked_4.07.fbx
  artifactKey: Guid(1862839d840466b48a9c223ac8a7ee73) Importer(815301076,1909f56bfc062723c751e8b465ee728b)
Start importing Assets/Models/Furniture/Box_Lock_and_Key_Baked_4.07.fbx using Guid(1862839d840466b48a9c223ac8a7ee73) Importer(815301076,1909f56bfc062723c751e8b465ee728b)  -> (artifact id: 'f1a28788c64e1c9e90995fd7373b8bde') in 0.132940 seconds 
========================================================================
Received Import Request.
  Time since last request: 4912.563931 seconds.
  path: Assets/Models/HandModels/Gungnyeo_HandModeling_2.22.22.fbx
  artifactKey: Guid(8211b36fc7010fe46b95caa0694dfc9c) Importer(815301076,1909f56bfc062723c751e8b465ee728b)
Start importing Assets/Models/HandModels/Gungnyeo_HandModeling_2.22.22.fbx using Guid(8211b36fc7010fe46b95caa0694dfc9c) Importer(815301076,1909f56bfc062723c751e8b465ee728b)  -> (artifact id: '67d30ed5011821816c63a0d5c0920b20') in 0.135659 seconds 
========================================================================
Received Import Request.
  Time since last request: 0.000031 seconds.
  path: Assets/AddressableAssetsData/AssetGroups/Schemas/Localization-String-Tables-Korean (ko)_BundledAssetGroupSchema.asset
  artifactKey: Guid(58eaf255eb3ed3445b90213a4d8ef78c) Importer(815301076,1909f56bfc062723c751e8b465ee728b)
Start importing Assets/AddressableAssetsData/AssetGroups/Schemas/Localization-String-Tables-Korean (ko)_BundledAssetGroupSchema.asset using Guid(58eaf255eb3ed3445b90213a4d8ef78c) Importer(815301076,1909f56bfc062723c751e8b465ee728b)  -> (artifact id: '74a0ae79f8bd4404ce65be95f73d8dbb') in 0.007064 seconds 
========================================================================
Received Import Request.
  Time since last request: 0.000030 seconds.
  path: Assets/AddressableAssetsData/AssetGroups/Schemas/Localization-String-Tables-English (en)_ContentUpdateGroupSchema.asset
  artifactKey: Guid(4fec95e73806da945852c9282ae9b561) Importer(815301076,1909f56bfc062723c751e8b465ee728b)
Start importing Assets/AddressableAssetsData/AssetGroups/Schemas/Localization-String-Tables-English (en)_ContentUpdateGroupSchema.asset using Guid(4fec95e73806da945852c9282ae9b561) Importer(815301076,1909f56bfc062723c751e8b465ee728b)  -> (artifact id: 'd7c33ef0bbf82e762615fffe875040ac') in 0.005740 seconds 
========================================================================
Received Import Request.
  Time since last request: 0.000019 seconds.
  path: Assets/AddressableAssetsData/AssetGroups/Schemas/Localization-String-Tables-Korean (ko)_ContentUpdateGroupSchema.asset
  artifactKey: Guid(967bfd50da0b18d4aaba81f50ce05324) Importer(815301076,1909f56bfc062723c751e8b465ee728b)
Start importing Assets/AddressableAssetsData/AssetGroups/Schemas/Localization-String-Tables-Korean (ko)_ContentUpdateGroupSchema.asset using Guid(967bfd50da0b18d4aaba81f50ce05324) Importer(815301076,1909f56bfc062723c751e8b465ee728b)  -> (artifact id: '71b43c52a752bd97d0f40c2cc3749b34') in 0.004974 seconds 
========================================================================
Received Import Request.
  Time since last request: 0.000016 seconds.
  path: Assets/Models/DaejojeonModels/In Progress/ModelingBase_WhiteboxReady_2.5.22.fbx
  artifactKey: Guid(65575a6cc9e8e7e43a3884617cf5d7e8) Importer(815301076,1909f56bfc062723c751e8b465ee728b)
Start importing Assets/Models/DaejojeonModels/In Progress/ModelingBase_WhiteboxReady_2.5.22.fbx using Guid(65575a6cc9e8e7e43a3884617cf5d7e8) Importer(815301076,1909f56bfc062723c751e8b465ee728b)  -> (artifact id: '281a61acd66e01eb5354b6a58f000a64') in 0.442102 seconds 
========================================================================
Received Import Request.
  Time since last request: 0.000035 seconds.
  path: Assets/AddressableAssetsData/AssetGroups/Schemas/Localization-Locales_ContentUpdateGroupSchema.asset
  artifactKey: Guid(879d69e0602d03949b9cced52a50717b) Importer(815301076,1909f56bfc062723c751e8b465ee728b)
Start importing Assets/AddressableAssetsData/AssetGroups/Schemas/Localization-Locales_ContentUpdateGroupSchema.asset using Guid(879d69e0602d03949b9cced52a50717b) Importer(815301076,1909f56bfc062723c751e8b465ee728b)  -> (artifact id: '0ee4a9dc22fe402914ca6a7138dc7b03') in 0.006052 seconds 
========================================================================
Received Import Request.
  Time since last request: 0.000031 seconds.
  path: Assets/Models/DaejojeonModels/In Progress/ModelingBase_FirstComplete_2.7.22.fbx
  artifactKey: Guid(d0a34ef7acfcd944db0bf38ce9344ff2) Importer(815301076,1909f56bfc062723c751e8b465ee728b)
Start importing Assets/Models/DaejojeonModels/In Progress/ModelingBase_FirstComplete_2.7.22.fbx using Guid(d0a34ef7acfcd944db0bf38ce9344ff2) Importer(815301076,1909f56bfc062723c751e8b465ee728b)  -> (artifact id: '3a062352f24ecb6ab2f1527d051bcc11') in 2.327579 seconds 
========================================================================
Received Import Request.
  Time since last request: 4.980754 seconds.
  path: Assets/Models/DaejojeonModels/Screens_OptimizePartial_2.13.fbx
  artifactKey: Guid(07fc126d8495e9d438014c8e181c5655) Importer(815301076,1909f56bfc062723c751e8b465ee728b)
Start importing Assets/Models/DaejojeonModels/Screens_OptimizePartial_2.13.fbx using Guid(07fc126d8495e9d438014c8e181c5655) Importer(815301076,1909f56bfc062723c751e8b465ee728b)  -> (artifact id: '23ea5fc35f11df816f5d86ae6a2a2617') in 1.357743 seconds 
========================================================================
Received Import Request.
  Time since last request: 8.290058 seconds.
  path: Assets/ModelAnimations
  artifactKey: Guid(1ee8035c83d42cb4abfdb0a30e2fd5b3) Importer(815301076,1909f56bfc062723c751e8b465ee728b)
Start importing Assets/ModelAnimations using Guid(1ee8035c83d42cb4abfdb0a30e2fd5b3) Importer(815301076,1909f56bfc062723c751e8b465ee728b)  -> (artifact id: 'd32504088c4d2757088927d57db8573d') in 0.004394 seconds 
========================================================================
Received Import Request.
  Time since last request: 10.517454 seconds.
  path: Assets/ModelAnimations/LockOpen.anim
  artifactKey: Guid(093992ff1d95f3b4083a428cdbaec831) Importer(815301076,1909f56bfc062723c751e8b465ee728b)
Start importing Assets/ModelAnimations/LockOpen.anim using Guid(093992ff1d95f3b4083a428cdbaec831) Importer(815301076,1909f56bfc062723c751e8b465ee728b)  -> (artifact id: 'f5aaeaa7b30bdc79f4158034e6f7d6ab') in 0.004479 seconds 
========================================================================
Received Import Request.
  Time since last request: 152.368841 seconds.
  path: Assets/ModelAnimations/짐글쇠.controller
  artifactKey: Guid(5e2dd60e6a752914d94a2de02d98d45c) Importer(815301076,1909f56bfc062723c751e8b465ee728b)
Start importing Assets/ModelAnimations/짐글쇠.controller using Guid(5e2dd60e6a752914d94a2de02d98d45c) Importer(815301076,1909f56bfc062723c751e8b465ee728b)  -> (artifact id: 'b536bc4873d1d7d93c4debeb4ec1052b') in 0.004331 seconds 
========================================================================
Received Import Request.
  Time since last request: 22.316118 seconds.
  path: Assets/ModelAnimations/짐글쇠.controller
  artifactKey: Guid(5e2dd60e6a752914d94a2de02d98d45c) Importer(815301076,1909f56bfc062723c751e8b465ee728b)
Start importing Assets/ModelAnimations/짐글쇠.controller using Guid(5e2dd60e6a752914d94a2de02d98d45c) Importer(815301076,1909f56bfc062723c751e8b465ee728b)  -> (artifact id: '32a6ed8bfe64663e302aef972458eea4') in 0.002264 seconds 
========================================================================
Received Prepare
Registering precompiled user dll's ...
Registered in 0.007341 seconds.
Begin MonoManager ReloadAssembly
Native extension for WindowsStandalone target not found
Refreshing native plugins compatible for Editor in 0.99 ms, found 10 plugins.
Preloading 1 native plugins for Editor in 0.07 ms.
System.Reflection.TargetInvocationException: Exception has been thrown by the target of an invocation. ---> System.NullReferenceException: Object reference not set to an instance of an object
  at Unity.XR.Oculus.OculusLoader.AssetPathToAbsolutePath (System.String assetPath) [0x0003d] in C:\Users\torne\Thesis\ChangdeokgungVR\GungnyeoGame\Library\PackageCache\com.unity.xr.oculus@1.11.2\Runtime\OculusLoader.cs:250 
  at Unity.XR.Oculus.OculusLoader.EditorLoadOVRPlugin () [0x0007b] in C:\Users\torne\Thesis\ChangdeokgungVR\GungnyeoGame\Library\PackageCache\com.unity.xr.oculus@1.11.2\Runtime\OculusLoader.cs:235 
  at (wrapper managed-to-native) System.Reflection.RuntimeMethodInfo.InternalInvoke(System.Reflection.RuntimeMethodInfo,object,object[],System.Exception&)
  at System.Reflection.RuntimeMethodInfo.Invoke (System.Object obj, System.Reflection.BindingFlags invokeAttr, System.Reflection.Binder binder, System.Object[] parameters, System.Globalization.CultureInfo culture) [0x0006a] in <47ab72e0328040438980f9c23608e1ec>:0 
   --- End of inner exception stack trace ---
  at System.Reflection.RuntimeMethodInfo.Invoke (System.Object obj, System.Reflection.BindingFlags invokeAttr, System.Reflection.Binder binder, System.Object[] parameters, System.Globalization.CultureInfo culture) [0x00083] in <47ab72e0328040438980f9c23608e1ec>:0 
  at System.Reflection.MethodBase.Invoke (System.Object obj, System.Object[] parameters) [0x00000] in <47ab72e0328040438980f9c23608e1ec>:0 
  at UnityEditor.EditorAssemblies.ProcessInitializeOnLoadMethodAttributes () [0x000a5] in <091d339d138346aa90aa98b5607c9126>:0 
UnityEngine.StackTraceUtility:ExtractStackTrace ()
UnityEngine.DebugLogHandler:LogFormat (UnityEngine.LogType,UnityEngine.Object,string,object[])
UnityEngine.Logger:Log (UnityEngine.LogType,object)
UnityEngine.Debug:LogError (object)
UnityEditor.EditorAssemblies:ProcessInitializeOnLoadMethodAttributes ()

Mono: successfully reloaded assembly
- Completed reload, in  1.002 seconds
Domain Reload Profiling:
	ReloadAssembly (1002ms)
		BeginReloadAssembly (124ms)
			ExecutionOrderSort (0ms)
			DisableScriptedObjects (6ms)
			BackupInstance (0ms)
			ReleaseScriptingObjects (0ms)
			CreateAndSetChildDomain (40ms)
		EndReloadAssembly (813ms)
			LoadAssemblies (58ms)
			RebuildTransferFunctionScriptingTraits (0ms)
			SetupTypeCache (162ms)
			ReleaseScriptCaches (2ms)
			RebuildScriptCaches (38ms)
			SetupLoadedEditorAssemblies (448ms)
				LogAssemblyErrors (0ms)
				InitializePlatformSupportModulesInManaged (9ms)
				SetLoadedEditorAssemblies (0ms)
				RefreshPlugins (1ms)
				BeforeProcessingInitializeOnLoad (68ms)
				ProcessInitializeOnLoadAttributes (305ms)
				ProcessInitializeOnLoadMethodAttributes (59ms)
				AfterProcessingInitializeOnLoad (6ms)
				EditorAssembliesLoaded (0ms)
			ExecutionOrderSort2 (0ms)
			AwakeInstancesAfterBackupRestoration (35ms)
Platform modules already initialized, skipping
Switching build target platform(19) subTarget(0) extendedPlatform(0) -> platform(13) subTarget(0) extendedPlatform(0)
Refreshing native plugins compatible for Editor in 1.21 ms, found 10 plugins.
Preloading 1 native plugins for Editor in 0.08 ms.
Unloading 4944 Unused Serialized files (Serialized files now loaded: 0)
Unloading 42 unused Assets / (25.6 KB). Loaded Objects now: 5674.
Memory consumption went from 241.6 MB to 241.5 MB.
Total: 4.651800 ms (FindLiveObjects: 0.426500 ms CreateObjectMapping: 0.283600 ms MarkObjects: 3.909500 ms  DeleteObjects: 0.031300 ms)

AssetImportParameters requested are different than current active one (requested -> active):
  custom:video-decoder-ogg-theora: a1e56fd34408186e4bbccfd4996cb3dc -> 
  custom:container-muxer-webm: aa71ff27fc2769a1b78a27578f13a17b -> 
  custom:container-demuxer-webm: 4f35f7cbe854078d1ac9338744f61a02 -> 
  custom:video-encoder-webm-vp8: eb34c28f22e8b96e1ab97ce403110664 -> 
  custom:video-codec-MediaFoundation-h265: e54d7ab0439102e2317fc1e4b246158d -> 
  custom:audio-encoder-webm-vorbis: bf7c407c2cedff20999df2af8eb42d56 -> 
  custom:framework-win-MediaFoundation: 216162199b28c13a410421893ffa2e32 -> 
  custom:container-demuxer-ogg: 62fdf1f143b41e24485cea50d1cbac27 -> 
  custom:video-decoder-webm-vp8: 9c59270c3fd7afecdb556c50c9e8de78 -> 
  custom:audio-decoder-ogg-vorbis: bf7c407c2cedff20999df2af8eb42d56 -> 
