Using pre-set license
Built from '2021.2/staging' branch; Version is '2021.2.9f1 (921b45a28ab6) revision 9575237'; Using compiler version '192829333'; Build Type 'Release'
OS: 'Windows 10  (10.0.19043) 64bit Core' Language: 'en' Physical Memory: 65460 MB
BatchMode: 1, IsHumanControllingUs: 0, StartBugReporterOnCrash: 0, Is64bit: 1, IsPro: 0

COMMAND LINE ARGUMENTS:
C:\Program Files\Unity\Hub\Editor\2021.2.9f1\Editor\Unity.exe
-adb2
-batchMode
-noUpm
-name
AssetImportWorker29
-projectPath
C:/Users/torne/Thesis/ChangdeokgungVR/GungnyeoGame
-logFile
Logs/AssetImportWorker29.log
-srvPort
63355
Successfully changed project path to: C:/Users/torne/Thesis/ChangdeokgungVR/GungnyeoGame
C:/Users/torne/Thesis/ChangdeokgungVR/GungnyeoGame
[UnityMemory] Configuration Parameters - Can be set up in boot.config
    "memorysetup-bucket-allocator-granularity=16"
    "memorysetup-bucket-allocator-bucket-count=8"
    "memorysetup-bucket-allocator-block-size=33554432"
    "memorysetup-bucket-allocator-block-count=8"
    "memorysetup-main-allocator-block-size=16777216"
    "memorysetup-thread-allocator-block-size=16777216"
    "memorysetup-gfx-main-allocator-block-size=16777216"
    "memorysetup-gfx-thread-allocator-block-size=16777216"
    "memorysetup-cache-allocator-block-size=4194304"
    "memorysetup-typetree-allocator-block-size=2097152"
    "memorysetup-profiler-bucket-allocator-granularity=16"
    "memorysetup-profiler-bucket-allocator-bucket-count=8"
    "memorysetup-profiler-bucket-allocator-block-size=33554432"
    "memorysetup-profiler-bucket-allocator-block-count=8"
    "memorysetup-profiler-allocator-block-size=16777216"
    "memorysetup-profiler-editor-allocator-block-size=1048576"
    "memorysetup-temp-allocator-size-main=16777216"
    "memorysetup-job-temp-allocator-block-size=2097152"
    "memorysetup-job-temp-allocator-block-size-background=1048576"
    "memorysetup-job-temp-allocator-reduction-small-platforms=262144"
    "memorysetup-temp-allocator-size-background-worker=32768"
    "memorysetup-temp-allocator-size-job-worker=262144"
    "memorysetup-temp-allocator-size-preload-manager=33554432"
    "memorysetup-temp-allocator-size-nav-mesh-worker=65536"
    "memorysetup-temp-allocator-size-audio-worker=65536"
    "memorysetup-temp-allocator-size-cloud-worker=32768"
    "memorysetup-temp-allocator-size-gi-baking-worker=262144"
    "memorysetup-temp-allocator-size-gfx=262144"
Refreshing native plugins compatible for Editor in 72.93 ms, found 10 plugins.
Preloading 1 native plugins for Editor in 0.85 ms.
Initialize engine version: 2021.2.9f1 (921b45a28ab6)
[Subsystems] Discovering subsystems at path C:/Program Files/Unity/Hub/Editor/2021.2.9f1/Editor/Data/Resources/UnitySubsystems
[Subsystems] Discovering subsystems at path C:/Users/torne/Thesis/ChangdeokgungVR/GungnyeoGame/Assets
GfxDevice: creating device client; threaded=0; jobified=0
Direct3D:
    Version:  Direct3D 11.0 [level 11.1]
    Renderer: NVIDIA GeForce RTX 3080 (ID=0x2216)
    Vendor:   NVIDIA
    VRAM:     10078 MB
    Driver:   30.0.14.7212
Initialize mono
Mono path[0] = 'C:/Program Files/Unity/Hub/Editor/2021.2.9f1/Editor/Data/Managed'
Mono path[1] = 'C:/Program Files/Unity/Hub/Editor/2021.2.9f1/Editor/Data/MonoBleedingEdge/lib/mono/unityjit-win32'
Mono config path = 'C:/Program Files/Unity/Hub/Editor/2021.2.9f1/Editor/Data/MonoBleedingEdge/etc'
Using monoOptions --debugger-agent=transport=dt_socket,embedding=1,server=y,suspend=n,address=127.0.0.1:56564
Begin MonoManager ReloadAssembly
Registering precompiled unity dll's ...
Register platform support module: C:/Program Files/Unity/Hub/Editor/2021.2.9f1/Editor/Data/PlaybackEngines/WindowsStandaloneSupport/UnityEditor.WindowsStandalone.Extensions.dll
Registered in 0.008306 seconds.
Native extension for WindowsStandalone target not found
Refreshing native plugins compatible for Editor in 55.82 ms, found 10 plugins.
Preloading 1 native plugins for Editor in 0.07 ms.
Mono: successfully reloaded assembly
- Completed reload, in  0.529 seconds
Domain Reload Profiling:
	ReloadAssembly (530ms)
		BeginReloadAssembly (84ms)
			ExecutionOrderSort (0ms)
			DisableScriptedObjects (0ms)
			BackupInstance (0ms)
			ReleaseScriptingObjects (0ms)
			CreateAndSetChildDomain (1ms)
		EndReloadAssembly (378ms)
			LoadAssemblies (81ms)
			RebuildTransferFunctionScriptingTraits (0ms)
			SetupTypeCache (82ms)
			ReleaseScriptCaches (0ms)
			RebuildScriptCaches (22ms)
			SetupLoadedEditorAssemblies (221ms)
				LogAssemblyErrors (0ms)
				InitializePlatformSupportModulesInManaged (13ms)
				SetLoadedEditorAssemblies (0ms)
				RefreshPlugins (56ms)
				BeforeProcessingInitializeOnLoad (1ms)
				ProcessInitializeOnLoadAttributes (114ms)
				ProcessInitializeOnLoadMethodAttributes (37ms)
				AfterProcessingInitializeOnLoad (0ms)
				EditorAssembliesLoaded (0ms)
			ExecutionOrderSort2 (0ms)
			AwakeInstancesAfterBackupRestoration (0ms)
Platform modules already initialized, skipping
Registering precompiled user dll's ...
Registered in 0.012132 seconds.
Begin MonoManager ReloadAssembly
Native extension for WindowsStandalone target not found
Refreshing native plugins compatible for Editor in 54.39 ms, found 10 plugins.
Preloading 1 native plugins for Editor in 0.06 ms.
Package Manager log level set to [2]
System.Reflection.TargetInvocationException: Exception has been thrown by the target of an invocation. ---> System.NullReferenceException: Object reference not set to an instance of an object
  at Unity.XR.Oculus.OculusLoader.AssetPathToAbsolutePath (System.String assetPath) [0x0003d] in C:\Users\torne\Thesis\ChangdeokgungVR\GungnyeoGame\Library\PackageCache\com.unity.xr.oculus@1.11.2\Runtime\OculusLoader.cs:250 
  at Unity.XR.Oculus.OculusLoader.EditorLoadOVRPlugin () [0x0007b] in C:\Users\torne\Thesis\ChangdeokgungVR\GungnyeoGame\Library\PackageCache\com.unity.xr.oculus@1.11.2\Runtime\OculusLoader.cs:235 
  at (wrapper managed-to-native) System.Reflection.RuntimeMethodInfo.InternalInvoke(System.Reflection.RuntimeMethodInfo,object,object[],System.Exception&)
  at System.Reflection.RuntimeMethodInfo.Invoke (System.Object obj, System.Reflection.BindingFlags invokeAttr, System.Reflection.Binder binder, System.Object[] parameters, System.Globalization.CultureInfo culture) [0x0006a] in <47ab72e0328040438980f9c23608e1ec>:0 
   --- End of inner exception stack trace ---
  at System.Reflection.RuntimeMethodInfo.Invoke (System.Object obj, System.Reflection.BindingFlags invokeAttr, System.Reflection.Binder binder, System.Object[] parameters, System.Globalization.CultureInfo culture) [0x00083] in <47ab72e0328040438980f9c23608e1ec>:0 
  at System.Reflection.MethodBase.Invoke (System.Object obj, System.Object[] parameters) [0x00000] in <47ab72e0328040438980f9c23608e1ec>:0 
  at UnityEditor.EditorAssemblies.ProcessInitializeOnLoadMethodAttributes () [0x000a5] in <091d339d138346aa90aa98b5607c9126>:0 
UnityEngine.StackTraceUtility:ExtractStackTrace ()
UnityEngine.DebugLogHandler:LogFormat (UnityEngine.LogType,UnityEngine.Object,string,object[])
UnityEngine.Logger:Log (UnityEngine.LogType,object)
UnityEngine.Debug:LogError (object)
UnityEditor.EditorAssemblies:ProcessInitializeOnLoadMethodAttributes ()

Mono: successfully reloaded assembly
- Completed reload, in  1.521 seconds
Domain Reload Profiling:
	ReloadAssembly (1521ms)
		BeginReloadAssembly (93ms)
			ExecutionOrderSort (0ms)
			DisableScriptedObjects (5ms)
			BackupInstance (0ms)
			ReleaseScriptingObjects (0ms)
			CreateAndSetChildDomain (19ms)
		EndReloadAssembly (1351ms)
			LoadAssemblies (74ms)
			RebuildTransferFunctionScriptingTraits (0ms)
			SetupTypeCache (197ms)
			ReleaseScriptCaches (1ms)
			RebuildScriptCaches (54ms)
			SetupLoadedEditorAssemblies (981ms)
				LogAssemblyErrors (0ms)
				InitializePlatformSupportModulesInManaged (8ms)
				SetLoadedEditorAssemblies (0ms)
				RefreshPlugins (54ms)
				BeforeProcessingInitializeOnLoad (102ms)
				ProcessInitializeOnLoadAttributes (743ms)
				ProcessInitializeOnLoadMethodAttributes (65ms)
				AfterProcessingInitializeOnLoad (8ms)
				EditorAssembliesLoaded (0ms)
			ExecutionOrderSort2 (0ms)
			AwakeInstancesAfterBackupRestoration (4ms)
Platform modules already initialized, skipping
========================================================================
Worker process is ready to serve import requests
Launched and connected shader compiler UnityShaderCompiler.exe after 0.09 seconds
Refreshing native plugins compatible for Editor in 1.15 ms, found 10 plugins.
Preloading 1 native plugins for Editor in 0.09 ms.
Unloading 5125 Unused Serialized files (Serialized files now loaded: 0)
Unloading 52 unused Assets / (439.4 KB). Loaded Objects now: 5569.
Memory consumption went from 219.4 MB to 219.0 MB.
Total: 4.347400 ms (FindLiveObjects: 0.402300 ms CreateObjectMapping: 0.147100 ms MarkObjects: 3.521600 ms  DeleteObjects: 0.275800 ms)

AssetImportParameters requested are different than current active one (requested -> active):
  custom:video-decoder-ogg-theora: a1e56fd34408186e4bbccfd4996cb3dc -> 
  custom:container-muxer-webm: aa71ff27fc2769a1b78a27578f13a17b -> 
  custom:container-demuxer-webm: 4f35f7cbe854078d1ac9338744f61a02 -> 
  custom:video-encoder-webm-vp8: eb34c28f22e8b96e1ab97ce403110664 -> 
  custom:video-codec-MediaFoundation-h265: e54d7ab0439102e2317fc1e4b246158d -> 
  custom:audio-encoder-webm-vorbis: bf7c407c2cedff20999df2af8eb42d56 -> 
  custom:framework-win-MediaFoundation: 216162199b28c13a410421893ffa2e32 -> 
  custom:container-demuxer-ogg: 62fdf1f143b41e24485cea50d1cbac27 -> 
  custom:video-decoder-webm-vp8: 9c59270c3fd7afecdb556c50c9e8de78 -> 
  custom:audio-decoder-ogg-vorbis: bf7c407c2cedff20999df2af8eb42d56 -> 
========================================================================
Received Import Request.
  Time since last request: 567257.417188 seconds.
  path: Assets/Material_Shaders/red brown.mat
  artifactKey: Guid(2c5f907f0624a30408463be7030320c5) Importer(815301076,1909f56bfc062723c751e8b465ee728b)
Start importing Assets/Material_Shaders/red brown.mat using Guid(2c5f907f0624a30408463be7030320c5) Importer(815301076,1909f56bfc062723c751e8b465ee728b)  -> (artifact id: 'a9c72e350370f96d74901b607a4a0a26') in 0.174344 seconds 
========================================================================
Received Import Request.
  Time since last request: 45.084064 seconds.
  path: Assets/Material_Shaders/h_dark brown.mat
  artifactKey: Guid(3fec7f1cbee9fcf4d849c6cb9b87b502) Importer(815301076,1909f56bfc062723c751e8b465ee728b)
Start importing Assets/Material_Shaders/h_dark brown.mat using Guid(3fec7f1cbee9fcf4d849c6cb9b87b502) Importer(815301076,1909f56bfc062723c751e8b465ee728b)  -> (artifact id: 'dae34ecb0aed27d5916c766fbe7d83f5') in 0.014272 seconds 
========================================================================
Received Import Request.
  Time since last request: 12.440478 seconds.
  path: Assets/Material_Shaders/h_ivory.mat
  artifactKey: Guid(37aedd659e221ca4ea2c4b16ec74b498) Importer(815301076,1909f56bfc062723c751e8b465ee728b)
Start importing Assets/Material_Shaders/h_ivory.mat using Guid(37aedd659e221ca4ea2c4b16ec74b498) Importer(815301076,1909f56bfc062723c751e8b465ee728b)  -> (artifact id: '9ae44e6bbc69b7c846d69918768d3615') in 0.027563 seconds 
========================================================================
Received Import Request.
  Time since last request: 34.763591 seconds.
  path: Assets/Material_Shaders/h_deep yellow.mat
  artifactKey: Guid(ba4781072d79df547bf60cdf2b1ed67f) Importer(815301076,1909f56bfc062723c751e8b465ee728b)
Start importing Assets/Material_Shaders/h_deep yellow.mat using Guid(ba4781072d79df547bf60cdf2b1ed67f) Importer(815301076,1909f56bfc062723c751e8b465ee728b)  -> (artifact id: '660e616ed7dc4d5f15a51047ecb6c670') in 0.017398 seconds 
========================================================================
Received Import Request.
  Time since last request: 19.109868 seconds.
  path: Assets/Material_Shaders/h_pink.mat
  artifactKey: Guid(de119e9efa3481e418bc10437cf14880) Importer(815301076,1909f56bfc062723c751e8b465ee728b)
Start importing Assets/Material_Shaders/h_pink.mat using Guid(de119e9efa3481e418bc10437cf14880) Importer(815301076,1909f56bfc062723c751e8b465ee728b)  -> (artifact id: 'e66dfc00daea0d6daec7fdeedebc884e') in 0.014399 seconds 
========================================================================
Received Import Request.
  Time since last request: 10.014826 seconds.
  path: Assets/Material_Shaders/h_cyan.mat
  artifactKey: Guid(83ecb3a610e26744b827af14200f51f1) Importer(815301076,1909f56bfc062723c751e8b465ee728b)
Start importing Assets/Material_Shaders/h_cyan.mat using Guid(83ecb3a610e26744b827af14200f51f1) Importer(815301076,1909f56bfc062723c751e8b465ee728b)  -> (artifact id: '3a56c9ba828fd7e03a84b8bdd960bc0d') in 0.013074 seconds 
========================================================================
Received Import Request.
  Time since last request: 15.129977 seconds.
  path: Assets/Material_Shaders/h_red_flower.mat
  artifactKey: Guid(669efb5901b1c9b45808af93de376bbe) Importer(815301076,1909f56bfc062723c751e8b465ee728b)
Start importing Assets/Material_Shaders/h_red_flower.mat using Guid(669efb5901b1c9b45808af93de376bbe) Importer(815301076,1909f56bfc062723c751e8b465ee728b)  -> (artifact id: 'baf352bdb9683412ed5e36293fff5534') in 0.012980 seconds 
========================================================================
Received Import Request.
  Time since last request: 24.181359 seconds.
  path: Assets/Material_Shaders/h_deep green.mat
  artifactKey: Guid(d4850993ed52eca4a86af57474fea805) Importer(815301076,1909f56bfc062723c751e8b465ee728b)
Start importing Assets/Material_Shaders/h_deep green.mat using Guid(d4850993ed52eca4a86af57474fea805) Importer(815301076,1909f56bfc062723c751e8b465ee728b)  -> (artifact id: 'fbc56f625f3bdefcf8a0347192a49e09') in 0.011671 seconds 
========================================================================
Received Import Request.
  Time since last request: 59.646096 seconds.
  path: Assets/Material_Shaders/h_neungsohwa_orange.mat
  artifactKey: Guid(ac839026f4624fb4a91b078722fbd3ec) Importer(815301076,1909f56bfc062723c751e8b465ee728b)
Start importing Assets/Material_Shaders/h_neungsohwa_orange.mat using Guid(ac839026f4624fb4a91b078722fbd3ec) Importer(815301076,1909f56bfc062723c751e8b465ee728b)  -> (artifact id: '842bd44d61c19411cd5227794850d72d') in 0.017421 seconds 
========================================================================
Received Import Request.
  Time since last request: 0.000018 seconds.
  path: Assets/Material_Shaders/h_neungsohwa_white.mat
  artifactKey: Guid(fb91603b5ace4464faceebaff365ce9a) Importer(815301076,1909f56bfc062723c751e8b465ee728b)
Start importing Assets/Material_Shaders/h_neungsohwa_white.mat using Guid(fb91603b5ace4464faceebaff365ce9a) Importer(815301076,1909f56bfc062723c751e8b465ee728b)  -> (artifact id: '443fc4000c77b683052f1d624cc11246') in 0.018724 seconds 
Editor requested this worker to shutdown with reason: Scaling down because of idle timeout
AssetImportWorker is now disconnected from the server
Process exiting
Exiting without the bug reporter. Application will terminate with return code 0