Using pre-set license
Built from '2021.2/staging' branch; Version is '2021.2.9f1 (921b45a28ab6) revision 9575237'; Using compiler version '192829333'; Build Type 'Release'
OS: 'Windows 10  (10.0.19043) 64bit Core' Language: 'en' Physical Memory: 65460 MB
BatchMode: 1, IsHumanControllingUs: 0, StartBugReporterOnCrash: 0, Is64bit: 1, IsPro: 0

COMMAND LINE ARGUMENTS:
C:\Program Files\Unity\Hub\Editor\2021.2.9f1\Editor\Unity.exe
-adb2
-batchMode
-noUpm
-name
AssetImportWorker35
-projectPath
C:/Users/torne/Thesis/ChangdeokgungVR/GungnyeoGame
-logFile
Logs/AssetImportWorker35.log
-srvPort
63355
Successfully changed project path to: C:/Users/torne/Thesis/ChangdeokgungVR/GungnyeoGame
C:/Users/torne/Thesis/ChangdeokgungVR/GungnyeoGame
[UnityMemory] Configuration Parameters - Can be set up in boot.config
    "memorysetup-bucket-allocator-granularity=16"
    "memorysetup-bucket-allocator-bucket-count=8"
    "memorysetup-bucket-allocator-block-size=33554432"
    "memorysetup-bucket-allocator-block-count=8"
    "memorysetup-main-allocator-block-size=16777216"
    "memorysetup-thread-allocator-block-size=16777216"
    "memorysetup-gfx-main-allocator-block-size=16777216"
    "memorysetup-gfx-thread-allocator-block-size=16777216"
    "memorysetup-cache-allocator-block-size=4194304"
    "memorysetup-typetree-allocator-block-size=2097152"
    "memorysetup-profiler-bucket-allocator-granularity=16"
    "memorysetup-profiler-bucket-allocator-bucket-count=8"
    "memorysetup-profiler-bucket-allocator-block-size=33554432"
    "memorysetup-profiler-bucket-allocator-block-count=8"
    "memorysetup-profiler-allocator-block-size=16777216"
    "memorysetup-profiler-editor-allocator-block-size=1048576"
    "memorysetup-temp-allocator-size-main=16777216"
    "memorysetup-job-temp-allocator-block-size=2097152"
    "memorysetup-job-temp-allocator-block-size-background=1048576"
    "memorysetup-job-temp-allocator-reduction-small-platforms=262144"
    "memorysetup-temp-allocator-size-background-worker=32768"
    "memorysetup-temp-allocator-size-job-worker=262144"
    "memorysetup-temp-allocator-size-preload-manager=33554432"
    "memorysetup-temp-allocator-size-nav-mesh-worker=65536"
    "memorysetup-temp-allocator-size-audio-worker=65536"
    "memorysetup-temp-allocator-size-cloud-worker=32768"
    "memorysetup-temp-allocator-size-gi-baking-worker=262144"
    "memorysetup-temp-allocator-size-gfx=262144"
Refreshing native plugins compatible for Editor in 63.36 ms, found 10 plugins.
Preloading 1 native plugins for Editor in 0.66 ms.
Initialize engine version: 2021.2.9f1 (921b45a28ab6)
[Subsystems] Discovering subsystems at path C:/Program Files/Unity/Hub/Editor/2021.2.9f1/Editor/Data/Resources/UnitySubsystems
[Subsystems] Discovering subsystems at path C:/Users/torne/Thesis/ChangdeokgungVR/GungnyeoGame/Assets
GfxDevice: creating device client; threaded=0; jobified=0
Direct3D:
    Version:  Direct3D 11.0 [level 11.1]
    Renderer: NVIDIA GeForce RTX 3080 (ID=0x2216)
    Vendor:   NVIDIA
    VRAM:     10078 MB
    Driver:   30.0.14.7212
Initialize mono
Mono path[0] = 'C:/Program Files/Unity/Hub/Editor/2021.2.9f1/Editor/Data/Managed'
Mono path[1] = 'C:/Program Files/Unity/Hub/Editor/2021.2.9f1/Editor/Data/MonoBleedingEdge/lib/mono/unityjit-win32'
Mono config path = 'C:/Program Files/Unity/Hub/Editor/2021.2.9f1/Editor/Data/MonoBleedingEdge/etc'
Using monoOptions --debugger-agent=transport=dt_socket,embedding=1,server=y,suspend=n,address=127.0.0.1:56888
Begin MonoManager ReloadAssembly
Registering precompiled unity dll's ...
Register platform support module: C:/Program Files/Unity/Hub/Editor/2021.2.9f1/Editor/Data/PlaybackEngines/WindowsStandaloneSupport/UnityEditor.WindowsStandalone.Extensions.dll
Registered in 0.005116 seconds.
Native extension for WindowsStandalone target not found
Refreshing native plugins compatible for Editor in 53.06 ms, found 10 plugins.
Preloading 1 native plugins for Editor in 0.06 ms.
Mono: successfully reloaded assembly
- Completed reload, in  0.423 seconds
Domain Reload Profiling:
	ReloadAssembly (423ms)
		BeginReloadAssembly (50ms)
			ExecutionOrderSort (0ms)
			DisableScriptedObjects (0ms)
			BackupInstance (0ms)
			ReleaseScriptingObjects (0ms)
			CreateAndSetChildDomain (1ms)
		EndReloadAssembly (316ms)
			LoadAssemblies (48ms)
			RebuildTransferFunctionScriptingTraits (0ms)
			SetupTypeCache (62ms)
			ReleaseScriptCaches (0ms)
			RebuildScriptCaches (19ms)
			SetupLoadedEditorAssemblies (197ms)
				LogAssemblyErrors (0ms)
				InitializePlatformSupportModulesInManaged (12ms)
				SetLoadedEditorAssemblies (0ms)
				RefreshPlugins (53ms)
				BeforeProcessingInitializeOnLoad (1ms)
				ProcessInitializeOnLoadAttributes (100ms)
				ProcessInitializeOnLoadMethodAttributes (30ms)
				AfterProcessingInitializeOnLoad (0ms)
				EditorAssembliesLoaded (0ms)
			ExecutionOrderSort2 (0ms)
			AwakeInstancesAfterBackupRestoration (0ms)
Platform modules already initialized, skipping
Registering precompiled user dll's ...
Registered in 0.007639 seconds.
Begin MonoManager ReloadAssembly
Native extension for WindowsStandalone target not found
Refreshing native plugins compatible for Editor in 57.33 ms, found 10 plugins.
Preloading 1 native plugins for Editor in 0.06 ms.
Package Manager log level set to [2]
System.Reflection.TargetInvocationException: Exception has been thrown by the target of an invocation. ---> System.NullReferenceException: Object reference not set to an instance of an object
  at Unity.XR.Oculus.OculusLoader.AssetPathToAbsolutePath (System.String assetPath) [0x0003d] in C:\Users\torne\Thesis\ChangdeokgungVR\GungnyeoGame\Library\PackageCache\com.unity.xr.oculus@1.11.2\Runtime\OculusLoader.cs:250 
  at Unity.XR.Oculus.OculusLoader.EditorLoadOVRPlugin () [0x0007b] in C:\Users\torne\Thesis\ChangdeokgungVR\GungnyeoGame\Library\PackageCache\com.unity.xr.oculus@1.11.2\Runtime\OculusLoader.cs:235 
  at (wrapper managed-to-native) System.Reflection.RuntimeMethodInfo.InternalInvoke(System.Reflection.RuntimeMethodInfo,object,object[],System.Exception&)
  at System.Reflection.RuntimeMethodInfo.Invoke (System.Object obj, System.Reflection.BindingFlags invokeAttr, System.Reflection.Binder binder, System.Object[] parameters, System.Globalization.CultureInfo culture) [0x0006a] in <47ab72e0328040438980f9c23608e1ec>:0 
   --- End of inner exception stack trace ---
  at System.Reflection.RuntimeMethodInfo.Invoke (System.Object obj, System.Reflection.BindingFlags invokeAttr, System.Reflection.Binder binder, System.Object[] parameters, System.Globalization.CultureInfo culture) [0x00083] in <47ab72e0328040438980f9c23608e1ec>:0 
  at System.Reflection.MethodBase.Invoke (System.Object obj, System.Object[] parameters) [0x00000] in <47ab72e0328040438980f9c23608e1ec>:0 
  at UnityEditor.EditorAssemblies.ProcessInitializeOnLoadMethodAttributes () [0x000a5] in <091d339d138346aa90aa98b5607c9126>:0 
UnityEngine.StackTraceUtility:ExtractStackTrace ()
UnityEngine.DebugLogHandler:LogFormat (UnityEngine.LogType,UnityEngine.Object,string,object[])
UnityEngine.Logger:Log (UnityEngine.LogType,object)
UnityEngine.Debug:LogError (object)
UnityEditor.EditorAssemblies:ProcessInitializeOnLoadMethodAttributes ()

Mono: successfully reloaded assembly
- Completed reload, in  1.357 seconds
Domain Reload Profiling:
	ReloadAssembly (1358ms)
		BeginReloadAssembly (85ms)
			ExecutionOrderSort (0ms)
			DisableScriptedObjects (5ms)
			BackupInstance (0ms)
			ReleaseScriptingObjects (0ms)
			CreateAndSetChildDomain (18ms)
		EndReloadAssembly (1200ms)
			LoadAssemblies (65ms)
			RebuildTransferFunctionScriptingTraits (0ms)
			SetupTypeCache (179ms)
			ReleaseScriptCaches (1ms)
			RebuildScriptCaches (48ms)
			SetupLoadedEditorAssemblies (871ms)
				LogAssemblyErrors (0ms)
				InitializePlatformSupportModulesInManaged (9ms)
				SetLoadedEditorAssemblies (0ms)
				RefreshPlugins (57ms)
				BeforeProcessingInitializeOnLoad (87ms)
				ProcessInitializeOnLoadAttributes (653ms)
				ProcessInitializeOnLoadMethodAttributes (58ms)
				AfterProcessingInitializeOnLoad (6ms)
				EditorAssembliesLoaded (0ms)
			ExecutionOrderSort2 (0ms)
			AwakeInstancesAfterBackupRestoration (3ms)
Platform modules already initialized, skipping
========================================================================
Worker process is ready to serve import requests
Launched and connected shader compiler UnityShaderCompiler.exe after 0.05 seconds
Refreshing native plugins compatible for Editor in 1.07 ms, found 10 plugins.
Preloading 1 native plugins for Editor in 0.08 ms.
Unloading 5125 Unused Serialized files (Serialized files now loaded: 0)
Unloading 52 unused Assets / (439.4 KB). Loaded Objects now: 5569.
Memory consumption went from 219.4 MB to 219.0 MB.
Total: 4.474600 ms (FindLiveObjects: 0.388600 ms CreateObjectMapping: 0.258600 ms MarkObjects: 3.623700 ms  DeleteObjects: 0.203000 ms)

AssetImportParameters requested are different than current active one (requested -> active):
  custom:video-decoder-ogg-theora: a1e56fd34408186e4bbccfd4996cb3dc -> 
  custom:container-muxer-webm: aa71ff27fc2769a1b78a27578f13a17b -> 
  custom:container-demuxer-webm: 4f35f7cbe854078d1ac9338744f61a02 -> 
  custom:video-encoder-webm-vp8: eb34c28f22e8b96e1ab97ce403110664 -> 
  custom:video-codec-MediaFoundation-h265: e54d7ab0439102e2317fc1e4b246158d -> 
  custom:audio-encoder-webm-vorbis: bf7c407c2cedff20999df2af8eb42d56 -> 
  custom:framework-win-MediaFoundation: 216162199b28c13a410421893ffa2e32 -> 
  custom:container-demuxer-ogg: 62fdf1f143b41e24485cea50d1cbac27 -> 
  custom:video-decoder-webm-vp8: 9c59270c3fd7afecdb556c50c9e8de78 -> 
  custom:audio-decoder-ogg-vorbis: bf7c407c2cedff20999df2af8eb42d56 -> 
========================================================================
Received Import Request.
  Time since last request: 567492.162587 seconds.
  path: Assets/Material_Shaders/h_white 1.mat
  artifactKey: Guid(9c579b87aaa866146b85fb2d41bce270) Importer(815301076,1909f56bfc062723c751e8b465ee728b)
Start importing Assets/Material_Shaders/h_white 1.mat using Guid(9c579b87aaa866146b85fb2d41bce270) Importer(815301076,1909f56bfc062723c751e8b465ee728b)  -> (artifact id: '60cb9e23408fd0bc2f6ea491d29af5b4') in 0.178139 seconds 
========================================================================
Received Import Request.
  Time since last request: 1.835437 seconds.
  path: Assets/Material_Shaders/h_brown.mat
  artifactKey: Guid(9c579b87aaa866146b85fb2d41bce270) Importer(815301076,1909f56bfc062723c751e8b465ee728b)
Start importing Assets/Material_Shaders/h_brown.mat using Guid(9c579b87aaa866146b85fb2d41bce270) Importer(815301076,1909f56bfc062723c751e8b465ee728b)  -> (artifact id: 'bb4ea3feb037f8cadb55c8c8e8efdc55') in 0.018919 seconds 
========================================================================
Received Import Request.
  Time since last request: 14.836775 seconds.
  path: Assets/Material_Shaders/h_brown 1.mat
  artifactKey: Guid(a01225e8474807e43aa7eecf53687202) Importer(815301076,1909f56bfc062723c751e8b465ee728b)
Start importing Assets/Material_Shaders/h_brown 1.mat using Guid(a01225e8474807e43aa7eecf53687202) Importer(815301076,1909f56bfc062723c751e8b465ee728b)  -> (artifact id: '02bf10b0b1602ae3fa0569d258e459aa') in 0.014709 seconds 
========================================================================
Received Import Request.
  Time since last request: 3.389625 seconds.
  path: Assets/Material_Shaders/h_carmel brown.mat
  artifactKey: Guid(a01225e8474807e43aa7eecf53687202) Importer(815301076,1909f56bfc062723c751e8b465ee728b)
Start importing Assets/Material_Shaders/h_carmel brown.mat using Guid(a01225e8474807e43aa7eecf53687202) Importer(815301076,1909f56bfc062723c751e8b465ee728b)  -> (artifact id: 'f03d02e3d33170f60e3225c5e751fbb4') in 0.012538 seconds 
========================================================================
Received Import Request.
  Time since last request: 11.548723 seconds.
  path: Assets/Material_Shaders/h_carmel brown 1.mat
  artifactKey: Guid(5fc7ee1c8489dcf48b4ab8089ed8c440) Importer(815301076,1909f56bfc062723c751e8b465ee728b)
Start importing Assets/Material_Shaders/h_carmel brown 1.mat using Guid(5fc7ee1c8489dcf48b4ab8089ed8c440) Importer(815301076,1909f56bfc062723c751e8b465ee728b)  -> (artifact id: '842923da817a33744972ebeedf17b887') in 0.013932 seconds 
========================================================================
Received Import Request.
  Time since last request: 2.719533 seconds.
  path: Assets/Material_Shaders/h_deep red.mat
  artifactKey: Guid(5fc7ee1c8489dcf48b4ab8089ed8c440) Importer(815301076,1909f56bfc062723c751e8b465ee728b)
Start importing Assets/Material_Shaders/h_deep red.mat using Guid(5fc7ee1c8489dcf48b4ab8089ed8c440) Importer(815301076,1909f56bfc062723c751e8b465ee728b)  -> (artifact id: 'c65bb98f45305d3e375538912a9e997f') in 0.015102 seconds 
========================================================================
Received Import Request.
  Time since last request: 9.347980 seconds.
  path: Assets/Material_Shaders/h_deep red 1.mat
  artifactKey: Guid(15ac60a297730de48bbfc975be362582) Importer(815301076,1909f56bfc062723c751e8b465ee728b)
Start importing Assets/Material_Shaders/h_deep red 1.mat using Guid(15ac60a297730de48bbfc975be362582) Importer(815301076,1909f56bfc062723c751e8b465ee728b)  -> (artifact id: 'e318d1b5c0599e8d8bfaf7fc3cbac06b') in 0.017231 seconds 
========================================================================
Received Import Request.
  Time since last request: 2.724046 seconds.
  path: Assets/Material_Shaders/h_black.mat
  artifactKey: Guid(15ac60a297730de48bbfc975be362582) Importer(815301076,1909f56bfc062723c751e8b465ee728b)
Start importing Assets/Material_Shaders/h_black.mat using Guid(15ac60a297730de48bbfc975be362582) Importer(815301076,1909f56bfc062723c751e8b465ee728b)  -> (artifact id: '33d59f55bb975a8f53f89be1ac0a5898') in 0.013720 seconds 
========================================================================
Received Import Request.
  Time since last request: 81.034933 seconds.
  path: Assets/Material_Shaders/h_black 1.mat
  artifactKey: Guid(372917bbfb838cc4d957c991dffd58c4) Importer(815301076,1909f56bfc062723c751e8b465ee728b)
Start importing Assets/Material_Shaders/h_black 1.mat using Guid(372917bbfb838cc4d957c991dffd58c4) Importer(815301076,1909f56bfc062723c751e8b465ee728b)  -> (artifact id: 'f660897b3673279b447e0cf1c2464754') in 0.017873 seconds 
========================================================================
Received Import Request.
  Time since last request: 2.822845 seconds.
  path: Assets/Material_Shaders/h_orange.mat
  artifactKey: Guid(372917bbfb838cc4d957c991dffd58c4) Importer(815301076,1909f56bfc062723c751e8b465ee728b)
Start importing Assets/Material_Shaders/h_orange.mat using Guid(372917bbfb838cc4d957c991dffd58c4) Importer(815301076,1909f56bfc062723c751e8b465ee728b)  -> (artifact id: '79ac1e79d8aa28fe8a44c46022135d99') in 0.012479 seconds 
========================================================================
Received Import Request.
  Time since last request: 15.649261 seconds.
  path: Assets/Material_Shaders/h_black 1.mat
  artifactKey: Guid(afd21f3a2800dae4c8c89edf59d49b59) Importer(815301076,1909f56bfc062723c751e8b465ee728b)
Start importing Assets/Material_Shaders/h_black 1.mat using Guid(afd21f3a2800dae4c8c89edf59d49b59) Importer(815301076,1909f56bfc062723c751e8b465ee728b)  -> (artifact id: 'ae0b9bc22e0413091b0c30053dc01fc1') in 0.010684 seconds 
========================================================================
Received Import Request.
  Time since last request: 2.185355 seconds.
  path: Assets/Material_Shaders/h_green.mat
  artifactKey: Guid(afd21f3a2800dae4c8c89edf59d49b59) Importer(815301076,1909f56bfc062723c751e8b465ee728b)
Start importing Assets/Material_Shaders/h_green.mat using Guid(afd21f3a2800dae4c8c89edf59d49b59) Importer(815301076,1909f56bfc062723c751e8b465ee728b)  -> (artifact id: '58c8c72c8916964e294c80e6e6e5bd91') in 0.013929 seconds 
========================================================================
Received Import Request.
  Time since last request: 6.683012 seconds.
  path: Assets/Material_Shaders/h_green 1.mat
  artifactKey: Guid(e0d5ac7553ff49c46afabb7b72d1cbb3) Importer(815301076,1909f56bfc062723c751e8b465ee728b)
Start importing Assets/Material_Shaders/h_green 1.mat using Guid(e0d5ac7553ff49c46afabb7b72d1cbb3) Importer(815301076,1909f56bfc062723c751e8b465ee728b)  -> (artifact id: 'dda684f505a4c6e0126d5ba7bb20f062') in 0.016505 seconds 
========================================================================
Received Import Request.
  Time since last request: 4.077704 seconds.
  path: Assets/Material_Shaders/h_yellow.mat
  artifactKey: Guid(e0d5ac7553ff49c46afabb7b72d1cbb3) Importer(815301076,1909f56bfc062723c751e8b465ee728b)
Start importing Assets/Material_Shaders/h_yellow.mat using Guid(e0d5ac7553ff49c46afabb7b72d1cbb3) Importer(815301076,1909f56bfc062723c751e8b465ee728b)  -> (artifact id: '6ba29980d290e339843ec00ba0167cab') in 0.014819 seconds 
========================================================================
Received Import Request.
  Time since last request: 15.815859 seconds.
  path: Assets/Material_Shaders/h_metal 1.mat
  artifactKey: Guid(d6a189b8ecdab754782c107a60bbc2fb) Importer(815301076,1909f56bfc062723c751e8b465ee728b)
Start importing Assets/Material_Shaders/h_metal 1.mat using Guid(d6a189b8ecdab754782c107a60bbc2fb) Importer(815301076,1909f56bfc062723c751e8b465ee728b)  -> (artifact id: '62844bd144a33edc6d57e0b09511d511') in 0.013965 seconds 
========================================================================
Received Import Request.
  Time since last request: 6.267577 seconds.
  path: Assets/Material_Shaders/h_neungsohwa_GREEN 1.mat
  artifactKey: Guid(64bf81cdc330a9342962746b05501f78) Importer(815301076,1909f56bfc062723c751e8b465ee728b)
Start importing Assets/Material_Shaders/h_neungsohwa_GREEN 1.mat using Guid(64bf81cdc330a9342962746b05501f78) Importer(815301076,1909f56bfc062723c751e8b465ee728b)  -> (artifact id: 'a3eff4fb33bb6d0a126caa0b10f037f3') in 0.012340 seconds 
========================================================================
Received Import Request.
  Time since last request: 3.047201 seconds.
  path: Assets/Material_Shaders/h_blue.mat
  artifactKey: Guid(64bf81cdc330a9342962746b05501f78) Importer(815301076,1909f56bfc062723c751e8b465ee728b)
Start importing Assets/Material_Shaders/h_blue.mat using Guid(64bf81cdc330a9342962746b05501f78) Importer(815301076,1909f56bfc062723c751e8b465ee728b)  -> (artifact id: 'dfc6509a45df162383cbe90418a683c1') in 0.013657 seconds 
========================================================================
Received Import Request.
  Time since last request: 10.196846 seconds.
  path: Assets/Material_Shaders/h_blue.mat
  artifactKey: Guid(64bf81cdc330a9342962746b05501f78) Importer(815301076,1909f56bfc062723c751e8b465ee728b)
Start importing Assets/Material_Shaders/h_blue.mat using Guid(64bf81cdc330a9342962746b05501f78) Importer(815301076,1909f56bfc062723c751e8b465ee728b)  -> (artifact id: '7ded37e4f144a877ac64035e892d7244') in 0.013656 seconds 
========================================================================
Received Import Request.
  Time since last request: 2.202103 seconds.
  path: Assets/Material_Shaders/h_grey.mat
  artifactKey: Guid(9dcd55e9a5dc11b44886dfc8c9b20d68) Importer(815301076,1909f56bfc062723c751e8b465ee728b)
Start importing Assets/Material_Shaders/h_grey.mat using Guid(9dcd55e9a5dc11b44886dfc8c9b20d68) Importer(815301076,1909f56bfc062723c751e8b465ee728b)  -> (artifact id: '82668def8636a643ed00876c22fdfd33') in 0.015253 seconds 
========================================================================
Received Import Request.
  Time since last request: 5.608440 seconds.
  path: Assets/Material_Shaders/h_grey 1.mat
  artifactKey: Guid(b780d4da3e8fef04082e2517d6355404) Importer(815301076,1909f56bfc062723c751e8b465ee728b)
Start importing Assets/Material_Shaders/h_grey 1.mat using Guid(b780d4da3e8fef04082e2517d6355404) Importer(815301076,1909f56bfc062723c751e8b465ee728b)  -> (artifact id: '46e2f715ea7769820cfe554baecbec56') in 0.016943 seconds 
========================================================================
Received Import Request.
  Time since last request: 2.900059 seconds.
  path: Assets/Material_Shaders/h_lightgreen.mat
  artifactKey: Guid(b780d4da3e8fef04082e2517d6355404) Importer(815301076,1909f56bfc062723c751e8b465ee728b)
Start importing Assets/Material_Shaders/h_lightgreen.mat using Guid(b780d4da3e8fef04082e2517d6355404) Importer(815301076,1909f56bfc062723c751e8b465ee728b)  -> (artifact id: 'b1d896cdb3f7989ec839ef3bef5f7d05') in 0.013885 seconds 
========================================================================
Received Import Request.
  Time since last request: 2.512222 seconds.
  path: Assets/Material_Shaders/h_light green.mat
  artifactKey: Guid(b780d4da3e8fef04082e2517d6355404) Importer(815301076,1909f56bfc062723c751e8b465ee728b)
Start importing Assets/Material_Shaders/h_light green.mat using Guid(b780d4da3e8fef04082e2517d6355404) Importer(815301076,1909f56bfc062723c751e8b465ee728b)  -> (artifact id: 'e411296082886a0809e3379ce50c0a22') in 0.014527 seconds 
========================================================================
Received Import Request.
  Time since last request: 19.453687 seconds.
  path: Assets/Material_Shaders/h_light green 1.mat
  artifactKey: Guid(d2f11bf164477684fbef9f17ec359d64) Importer(815301076,1909f56bfc062723c751e8b465ee728b)
Start importing Assets/Material_Shaders/h_light green 1.mat using Guid(d2f11bf164477684fbef9f17ec359d64) Importer(815301076,1909f56bfc062723c751e8b465ee728b)  -> (artifact id: '9e47edb07f695c22deee1ae8aa50a8a4') in 0.014214 seconds 
========================================================================
Received Import Request.
  Time since last request: 2.331570 seconds.
  path: Assets/Material_Shaders/h_purple.mat
  artifactKey: Guid(d2f11bf164477684fbef9f17ec359d64) Importer(815301076,1909f56bfc062723c751e8b465ee728b)
Start importing Assets/Material_Shaders/h_purple.mat using Guid(d2f11bf164477684fbef9f17ec359d64) Importer(815301076,1909f56bfc062723c751e8b465ee728b)  -> (artifact id: 'ba562c989571df0772f6113cdef2c8b0') in 0.015040 seconds 
========================================================================
Received Import Request.
  Time since last request: 5.438331 seconds.
  path: Assets/Material_Shaders/h_purple 1.mat
  artifactKey: Guid(d29f5739fcd22cf4ca88f449c053e553) Importer(815301076,1909f56bfc062723c751e8b465ee728b)
Start importing Assets/Material_Shaders/h_purple 1.mat using Guid(d29f5739fcd22cf4ca88f449c053e553) Importer(815301076,1909f56bfc062723c751e8b465ee728b)  -> (artifact id: 'e9a68cf1896da8a5c36965bdcd33142b') in 0.014249 seconds 
========================================================================
Received Import Request.
  Time since last request: 2.627045 seconds.
  path: Assets/Material_Shaders/h_light blue.mat
  artifactKey: Guid(d29f5739fcd22cf4ca88f449c053e553) Importer(815301076,1909f56bfc062723c751e8b465ee728b)
Start importing Assets/Material_Shaders/h_light blue.mat using Guid(d29f5739fcd22cf4ca88f449c053e553) Importer(815301076,1909f56bfc062723c751e8b465ee728b)  -> (artifact id: 'd75f6f9a5bf85ade05762664f13e8a8a') in 0.013018 seconds 
========================================================================
Received Import Request.
  Time since last request: 20.100024 seconds.
  path: Assets/Material_Shaders/h_cyan 1.mat
  artifactKey: Guid(e100278b71b2c7e4d811fbf2f679bef8) Importer(815301076,1909f56bfc062723c751e8b465ee728b)
Start importing Assets/Material_Shaders/h_cyan 1.mat using Guid(e100278b71b2c7e4d811fbf2f679bef8) Importer(815301076,1909f56bfc062723c751e8b465ee728b)  -> (artifact id: '19ac215c6db92775db61c7fb3b31e46b') in 0.013811 seconds 
========================================================================
Received Import Request.
  Time since last request: 3.038824 seconds.
  path: Assets/Material_Shaders/h_cyan2.mat
  artifactKey: Guid(e100278b71b2c7e4d811fbf2f679bef8) Importer(815301076,1909f56bfc062723c751e8b465ee728b)
Start importing Assets/Material_Shaders/h_cyan2.mat using Guid(e100278b71b2c7e4d811fbf2f679bef8) Importer(815301076,1909f56bfc062723c751e8b465ee728b)  -> (artifact id: 'cfe8fd954f911f0e2c14816f66bc502f') in 0.013455 seconds 
========================================================================
Received Import Request.
  Time since last request: 10.705485 seconds.
  path: Assets/Material_Shaders/h_cyan2.mat
  artifactKey: Guid(e100278b71b2c7e4d811fbf2f679bef8) Importer(815301076,1909f56bfc062723c751e8b465ee728b)
Start importing Assets/Material_Shaders/h_cyan2.mat using Guid(e100278b71b2c7e4d811fbf2f679bef8) Importer(815301076,1909f56bfc062723c751e8b465ee728b)  -> (artifact id: '9a88afbcde4536879cfd30665c66cdae') in 0.013658 seconds 
========================================================================
Received Import Request.
  Time since last request: 2.326568 seconds.
  path: Assets/Material_Shaders/h_red.mat
  artifactKey: Guid(b6e07161bc136e74d8989e590ea20f66) Importer(815301076,1909f56bfc062723c751e8b465ee728b)
Start importing Assets/Material_Shaders/h_red.mat using Guid(b6e07161bc136e74d8989e590ea20f66) Importer(815301076,1909f56bfc062723c751e8b465ee728b)  -> (artifact id: '24dc048392581b71372c468b2be59df2') in 0.013928 seconds 
========================================================================
Received Import Request.
  Time since last request: 21.865364 seconds.
  path: Assets/Material_Shaders/h_metal 1.mat
  artifactKey: Guid(01ff776cbaabba64e900f3b408a5ced2) Importer(815301076,1909f56bfc062723c751e8b465ee728b)
Start importing Assets/Material_Shaders/h_metal 1.mat using Guid(01ff776cbaabba64e900f3b408a5ced2) Importer(815301076,1909f56bfc062723c751e8b465ee728b)  -> (artifact id: '4cb09da874c43f8062afe73314b0fb34') in 0.014591 seconds 
========================================================================
Received Import Request.
  Time since last request: 2.352700 seconds.
  path: Assets/Material_Shaders/h_mirror.mat
  artifactKey: Guid(01ff776cbaabba64e900f3b408a5ced2) Importer(815301076,1909f56bfc062723c751e8b465ee728b)
Start importing Assets/Material_Shaders/h_mirror.mat using Guid(01ff776cbaabba64e900f3b408a5ced2) Importer(815301076,1909f56bfc062723c751e8b465ee728b)  -> (artifact id: '2153125f6a3a2a7c9395bcef77595da8') in 0.018948 seconds 
========================================================================
Received Import Request.
  Time since last request: 239.514133 seconds.
  path: Assets/Models/Furniture/04.29.22 all furniture_unbaked.fbx
  artifactKey: Guid(546a298c064155940984f0ccf8b6ac97) Importer(815301076,1909f56bfc062723c751e8b465ee728b)
Start importing Assets/Models/Furniture/04.29.22 all furniture_unbaked.fbx using Guid(546a298c064155940984f0ccf8b6ac97) Importer(815301076,1909f56bfc062723c751e8b465ee728b)  -> (artifact id: '4144ceaceadcf51b2d57ebd7748e067b') in 1.177108 seconds 
========================================================================
Received Import Request.
  Time since last request: 197.349851 seconds.
  path: Assets/Material_Shaders/h_black.mat
  artifactKey: Guid(15ac60a297730de48bbfc975be362582) Importer(815301076,1909f56bfc062723c751e8b465ee728b)
Start importing Assets/Material_Shaders/h_black.mat using Guid(15ac60a297730de48bbfc975be362582) Importer(815301076,1909f56bfc062723c751e8b465ee728b)  -> (artifact id: '9e1ca0284f338a343eeb3d0b98e6441a') in 0.016326 seconds 
========================================================================
Received Import Request.
  Time since last request: 0.000019 seconds.
  path: Assets/Material_Shaders/h_brown.mat
  artifactKey: Guid(9c579b87aaa866146b85fb2d41bce270) Importer(815301076,1909f56bfc062723c751e8b465ee728b)
Start importing Assets/Material_Shaders/h_brown.mat using Guid(9c579b87aaa866146b85fb2d41bce270) Importer(815301076,1909f56bfc062723c751e8b465ee728b)  -> (artifact id: '2856f9c77424676619019cde8b13ec3c') in 0.017528 seconds 
========================================================================
Received Import Request.
  Time since last request: 0.000025 seconds.
  path: Assets/Material_Shaders/h_light green.mat
  artifactKey: Guid(b780d4da3e8fef04082e2517d6355404) Importer(815301076,1909f56bfc062723c751e8b465ee728b)
Start importing Assets/Material_Shaders/h_light green.mat using Guid(b780d4da3e8fef04082e2517d6355404) Importer(815301076,1909f56bfc062723c751e8b465ee728b)  -> (artifact id: 'a99b06be9392e4110b499e5223fabd26') in 0.015836 seconds 
========================================================================
Received Import Request.
  Time since last request: 0.000021 seconds.
  path: Assets/Material_Shaders/h_deep green.mat
  artifactKey: Guid(d4850993ed52eca4a86af57474fea805) Importer(815301076,1909f56bfc062723c751e8b465ee728b)
Start importing Assets/Material_Shaders/h_deep green.mat using Guid(d4850993ed52eca4a86af57474fea805) Importer(815301076,1909f56bfc062723c751e8b465ee728b)  -> (artifact id: 'f38ca3933102bdbe2b3d1158bfbb17ef') in 0.017518 seconds 
========================================================================
Received Import Request.
  Time since last request: 0.000023 seconds.
  path: Assets/Material_Shaders/h_cyan.mat
  artifactKey: Guid(83ecb3a610e26744b827af14200f51f1) Importer(815301076,1909f56bfc062723c751e8b465ee728b)
Start importing Assets/Material_Shaders/h_cyan.mat using Guid(83ecb3a610e26744b827af14200f51f1) Importer(815301076,1909f56bfc062723c751e8b465ee728b)  -> (artifact id: 'a122d4d495a585fd001a1156bbb6942e') in 0.016649 seconds 
========================================================================
Received Import Request.
  Time since last request: 0.000023 seconds.
  path: Assets/Material_Shaders/h_cyan2.mat
  artifactKey: Guid(e100278b71b2c7e4d811fbf2f679bef8) Importer(815301076,1909f56bfc062723c751e8b465ee728b)
Start importing Assets/Material_Shaders/h_cyan2.mat using Guid(e100278b71b2c7e4d811fbf2f679bef8) Importer(815301076,1909f56bfc062723c751e8b465ee728b)  -> (artifact id: '7d500af33474b39b665c7805124ad724') in 0.016032 seconds 
========================================================================
Received Import Request.
  Time since last request: 0.000019 seconds.
  path: Assets/Material_Shaders/h_pink.mat
  artifactKey: Guid(de119e9efa3481e418bc10437cf14880) Importer(815301076,1909f56bfc062723c751e8b465ee728b)
Start importing Assets/Material_Shaders/h_pink.mat using Guid(de119e9efa3481e418bc10437cf14880) Importer(815301076,1909f56bfc062723c751e8b465ee728b)  -> (artifact id: '8f67cb24af52cb493117710f7994917e') in 0.014536 seconds 
========================================================================
Received Import Request.
  Time since last request: 0.000018 seconds.
  path: Assets/Material_Shaders/h_green.mat
  artifactKey: Guid(afd21f3a2800dae4c8c89edf59d49b59) Importer(815301076,1909f56bfc062723c751e8b465ee728b)
Start importing Assets/Material_Shaders/h_green.mat using Guid(afd21f3a2800dae4c8c89edf59d49b59) Importer(815301076,1909f56bfc062723c751e8b465ee728b)  -> (artifact id: 'cfb4e56be81469025eb42e583583b5c1') in 0.015783 seconds 
========================================================================
Received Import Request.
  Time since last request: 0.000032 seconds.
  path: Assets/Material_Shaders/h_ivory.mat
  artifactKey: Guid(37aedd659e221ca4ea2c4b16ec74b498) Importer(815301076,1909f56bfc062723c751e8b465ee728b)
Start importing Assets/Material_Shaders/h_ivory.mat using Guid(37aedd659e221ca4ea2c4b16ec74b498) Importer(815301076,1909f56bfc062723c751e8b465ee728b)  -> (artifact id: 'c4043b74bd25dc175bdd64aad00ace86') in 0.014059 seconds 
========================================================================
Received Import Request.
  Time since last request: 0.000020 seconds.
  path: Assets/Material_Shaders/h_deep yellow.mat
  artifactKey: Guid(ba4781072d79df547bf60cdf2b1ed67f) Importer(815301076,1909f56bfc062723c751e8b465ee728b)
Start importing Assets/Material_Shaders/h_deep yellow.mat using Guid(ba4781072d79df547bf60cdf2b1ed67f) Importer(815301076,1909f56bfc062723c751e8b465ee728b)  -> (artifact id: '7f9d8b7ad53a8b63875b2c9a466149c2') in 0.012887 seconds 
========================================================================
Received Import Request.
  Time since last request: 0.000017 seconds.
  path: Assets/Material_Shaders/h_metal.mat
  artifactKey: Guid(b8ff2d7528df2e34996a31d9be05596f) Importer(815301076,1909f56bfc062723c751e8b465ee728b)
Start importing Assets/Material_Shaders/h_metal.mat using Guid(b8ff2d7528df2e34996a31d9be05596f) Importer(815301076,1909f56bfc062723c751e8b465ee728b)  -> (artifact id: '4eef97671f877fb83d718eb419320327') in 0.015428 seconds 
========================================================================
Received Import Request.
  Time since last request: 0.000018 seconds.
  path: Assets/Material_Shaders/h_red brown.mat
  artifactKey: Guid(2c5f907f0624a30408463be7030320c5) Importer(815301076,1909f56bfc062723c751e8b465ee728b)
Start importing Assets/Material_Shaders/h_red brown.mat using Guid(2c5f907f0624a30408463be7030320c5) Importer(815301076,1909f56bfc062723c751e8b465ee728b)  -> (artifact id: '6c83343d102755e436c101c9b60b5f9b') in 0.017096 seconds 
========================================================================
Received Import Request.
  Time since last request: 0.000017 seconds.
  path: Assets/Material_Shaders/h_orange.mat
  artifactKey: Guid(372917bbfb838cc4d957c991dffd58c4) Importer(815301076,1909f56bfc062723c751e8b465ee728b)
Start importing Assets/Material_Shaders/h_orange.mat using Guid(372917bbfb838cc4d957c991dffd58c4) Importer(815301076,1909f56bfc062723c751e8b465ee728b)  -> (artifact id: 'eeca61226a130133650f53494f61c22e') in 0.016926 seconds 
========================================================================
Received Import Request.
  Time since last request: 0.000018 seconds.
  path: Assets/Material_Shaders/h_neungsohwa_orange.mat
  artifactKey: Guid(ac839026f4624fb4a91b078722fbd3ec) Importer(815301076,1909f56bfc062723c751e8b465ee728b)
Start importing Assets/Material_Shaders/h_neungsohwa_orange.mat using Guid(ac839026f4624fb4a91b078722fbd3ec) Importer(815301076,1909f56bfc062723c751e8b465ee728b)  -> (artifact id: 'a78cd9b0bbf2db8d079f72707dbadb8d') in 0.014771 seconds 
Editor requested this worker to shutdown with reason: Scaling down because of idle timeout
AssetImportWorker is now disconnected from the server
Process exiting
Exiting without the bug reporter. Application will terminate with return code 0