Using pre-set license
Built from '2021.2/staging' branch; Version is '2021.2.9f1 (921b45a28ab6) revision 9575237'; Using compiler version '192829333'; Build Type 'Release'
OS: 'Windows 10  (10.0.19043) 64bit Core' Language: 'en' Physical Memory: 65460 MB
BatchMode: 1, IsHumanControllingUs: 0, StartBugReporterOnCrash: 0, Is64bit: 1, IsPro: 0

COMMAND LINE ARGUMENTS:
C:\Program Files\Unity\Hub\Editor\2021.2.9f1\Editor\Unity.exe
-adb2
-batchMode
-noUpm
-name
AssetImportWorker4
-projectPath
C:/Users/torne/Thesis/ChangdeokgungVR/GungnyeoGame
-logFile
Logs/AssetImportWorker4.log
-srvPort
63355
Successfully changed project path to: C:/Users/torne/Thesis/ChangdeokgungVR/GungnyeoGame
C:/Users/torne/Thesis/ChangdeokgungVR/GungnyeoGame
[UnityMemory] Configuration Parameters - Can be set up in boot.config
    "memorysetup-bucket-allocator-granularity=16"
    "memorysetup-bucket-allocator-bucket-count=8"
    "memorysetup-bucket-allocator-block-size=33554432"
    "memorysetup-bucket-allocator-block-count=8"
    "memorysetup-main-allocator-block-size=16777216"
    "memorysetup-thread-allocator-block-size=16777216"
    "memorysetup-gfx-main-allocator-block-size=16777216"
    "memorysetup-gfx-thread-allocator-block-size=16777216"
    "memorysetup-cache-allocator-block-size=4194304"
    "memorysetup-typetree-allocator-block-size=2097152"
    "memorysetup-profiler-bucket-allocator-granularity=16"
    "memorysetup-profiler-bucket-allocator-bucket-count=8"
    "memorysetup-profiler-bucket-allocator-block-size=33554432"
    "memorysetup-profiler-bucket-allocator-block-count=8"
    "memorysetup-profiler-allocator-block-size=16777216"
    "memorysetup-profiler-editor-allocator-block-size=1048576"
    "memorysetup-temp-allocator-size-main=16777216"
    "memorysetup-job-temp-allocator-block-size=2097152"
    "memorysetup-job-temp-allocator-block-size-background=1048576"
    "memorysetup-job-temp-allocator-reduction-small-platforms=262144"
    "memorysetup-temp-allocator-size-background-worker=32768"
    "memorysetup-temp-allocator-size-job-worker=262144"
    "memorysetup-temp-allocator-size-preload-manager=33554432"
    "memorysetup-temp-allocator-size-nav-mesh-worker=65536"
    "memorysetup-temp-allocator-size-audio-worker=65536"
    "memorysetup-temp-allocator-size-cloud-worker=32768"
    "memorysetup-temp-allocator-size-gi-baking-worker=262144"
    "memorysetup-temp-allocator-size-gfx=262144"
Refreshing native plugins compatible for Editor in 67.28 ms, found 10 plugins.
Preloading 1 native plugins for Editor in 0.77 ms.
Initialize engine version: 2021.2.9f1 (921b45a28ab6)
[Subsystems] Discovering subsystems at path C:/Program Files/Unity/Hub/Editor/2021.2.9f1/Editor/Data/Resources/UnitySubsystems
[Subsystems] Discovering subsystems at path C:/Users/torne/Thesis/ChangdeokgungVR/GungnyeoGame/Assets
GfxDevice: creating device client; threaded=0; jobified=0
Direct3D:
    Version:  Direct3D 11.0 [level 11.1]
    Renderer: NVIDIA GeForce RTX 3080 (ID=0x2216)
    Vendor:   NVIDIA
    VRAM:     10078 MB
    Driver:   30.0.14.7212
Initialize mono
Mono path[0] = 'C:/Program Files/Unity/Hub/Editor/2021.2.9f1/Editor/Data/Managed'
Mono path[1] = 'C:/Program Files/Unity/Hub/Editor/2021.2.9f1/Editor/Data/MonoBleedingEdge/lib/mono/unityjit-win32'
Mono config path = 'C:/Program Files/Unity/Hub/Editor/2021.2.9f1/Editor/Data/MonoBleedingEdge/etc'
Using monoOptions --debugger-agent=transport=dt_socket,embedding=1,server=y,suspend=n,address=127.0.0.1:56472
Begin MonoManager ReloadAssembly
Registering precompiled unity dll's ...
Register platform support module: C:/Program Files/Unity/Hub/Editor/2021.2.9f1/Editor/Data/PlaybackEngines/WindowsStandaloneSupport/UnityEditor.WindowsStandalone.Extensions.dll
Registered in 0.009247 seconds.
Native extension for WindowsStandalone target not found
Refreshing native plugins compatible for Editor in 55.52 ms, found 10 plugins.
Preloading 1 native plugins for Editor in 0.07 ms.
Mono: successfully reloaded assembly
- Completed reload, in  0.520 seconds
Domain Reload Profiling:
	ReloadAssembly (521ms)
		BeginReloadAssembly (77ms)
			ExecutionOrderSort (0ms)
			DisableScriptedObjects (0ms)
			BackupInstance (0ms)
			ReleaseScriptingObjects (0ms)
			CreateAndSetChildDomain (1ms)
		EndReloadAssembly (373ms)
			LoadAssemblies (74ms)
			RebuildTransferFunctionScriptingTraits (0ms)
			SetupTypeCache (84ms)
			ReleaseScriptCaches (0ms)
			RebuildScriptCaches (25ms)
			SetupLoadedEditorAssemblies (218ms)
				LogAssemblyErrors (0ms)
				InitializePlatformSupportModulesInManaged (14ms)
				SetLoadedEditorAssemblies (0ms)
				RefreshPlugins (56ms)
				BeforeProcessingInitializeOnLoad (1ms)
				ProcessInitializeOnLoadAttributes (112ms)
				ProcessInitializeOnLoadMethodAttributes (35ms)
				AfterProcessingInitializeOnLoad (0ms)
				EditorAssembliesLoaded (0ms)
			ExecutionOrderSort2 (0ms)
			AwakeInstancesAfterBackupRestoration (0ms)
Platform modules already initialized, skipping
Registering precompiled user dll's ...
Registered in 0.011766 seconds.
Begin MonoManager ReloadAssembly
Native extension for WindowsStandalone target not found
Refreshing native plugins compatible for Editor in 56.29 ms, found 10 plugins.
Preloading 1 native plugins for Editor in 0.06 ms.
Package Manager log level set to [2]
System.Reflection.TargetInvocationException: Exception has been thrown by the target of an invocation. ---> System.NullReferenceException: Object reference not set to an instance of an object
  at Unity.XR.Oculus.OculusLoader.AssetPathToAbsolutePath (System.String assetPath) [0x0003d] in C:\Users\torne\Thesis\ChangdeokgungVR\GungnyeoGame\Library\PackageCache\com.unity.xr.oculus@1.11.2\Runtime\OculusLoader.cs:250 
  at Unity.XR.Oculus.OculusLoader.EditorLoadOVRPlugin () [0x0007b] in C:\Users\torne\Thesis\ChangdeokgungVR\GungnyeoGame\Library\PackageCache\com.unity.xr.oculus@1.11.2\Runtime\OculusLoader.cs:235 
  at (wrapper managed-to-native) System.Reflection.RuntimeMethodInfo.InternalInvoke(System.Reflection.RuntimeMethodInfo,object,object[],System.Exception&)
  at System.Reflection.RuntimeMethodInfo.Invoke (System.Object obj, System.Reflection.BindingFlags invokeAttr, System.Reflection.Binder binder, System.Object[] parameters, System.Globalization.CultureInfo culture) [0x0006a] in <47ab72e0328040438980f9c23608e1ec>:0 
   --- End of inner exception stack trace ---
  at System.Reflection.RuntimeMethodInfo.Invoke (System.Object obj, System.Reflection.BindingFlags invokeAttr, System.Reflection.Binder binder, System.Object[] parameters, System.Globalization.CultureInfo culture) [0x00083] in <47ab72e0328040438980f9c23608e1ec>:0 
  at System.Reflection.MethodBase.Invoke (System.Object obj, System.Object[] parameters) [0x00000] in <47ab72e0328040438980f9c23608e1ec>:0 
  at UnityEditor.EditorAssemblies.ProcessInitializeOnLoadMethodAttributes () [0x000a5] in <091d339d138346aa90aa98b5607c9126>:0 
UnityEngine.StackTraceUtility:ExtractStackTrace ()
UnityEngine.DebugLogHandler:LogFormat (UnityEngine.LogType,UnityEngine.Object,string,object[])
UnityEngine.Logger:Log (UnityEngine.LogType,object)
UnityEngine.Debug:LogError (object)
UnityEditor.EditorAssemblies:ProcessInitializeOnLoadMethodAttributes ()

Mono: successfully reloaded assembly
- Completed reload, in  1.514 seconds
Domain Reload Profiling:
	ReloadAssembly (1514ms)
		BeginReloadAssembly (98ms)
			ExecutionOrderSort (0ms)
			DisableScriptedObjects (5ms)
			BackupInstance (0ms)
			ReleaseScriptingObjects (0ms)
			CreateAndSetChildDomain (19ms)
		EndReloadAssembly (1337ms)
			LoadAssemblies (77ms)
			RebuildTransferFunctionScriptingTraits (0ms)
			SetupTypeCache (184ms)
			ReleaseScriptCaches (1ms)
			RebuildScriptCaches (50ms)
			SetupLoadedEditorAssemblies (990ms)
				LogAssemblyErrors (0ms)
				InitializePlatformSupportModulesInManaged (8ms)
				SetLoadedEditorAssemblies (0ms)
				RefreshPlugins (56ms)
				BeforeProcessingInitializeOnLoad (103ms)
				ProcessInitializeOnLoadAttributes (747ms)
				ProcessInitializeOnLoadMethodAttributes (66ms)
				AfterProcessingInitializeOnLoad (9ms)
				EditorAssembliesLoaded (0ms)
			ExecutionOrderSort2 (0ms)
			AwakeInstancesAfterBackupRestoration (4ms)
Platform modules already initialized, skipping
========================================================================
Worker process is ready to serve import requests
Launched and connected shader compiler UnityShaderCompiler.exe after 0.05 seconds
Refreshing native plugins compatible for Editor in 1.40 ms, found 10 plugins.
Preloading 1 native plugins for Editor in 0.09 ms.
Unloading 5126 Unused Serialized files (Serialized files now loaded: 0)
Unloading 52 unused Assets / (431.7 KB). Loaded Objects now: 5570.
Memory consumption went from 220.2 MB to 219.7 MB.
Total: 5.065000 ms (FindLiveObjects: 0.441600 ms CreateObjectMapping: 0.156300 ms MarkObjects: 4.240600 ms  DeleteObjects: 0.225300 ms)

AssetImportParameters requested are different than current active one (requested -> active):
  custom:video-decoder-ogg-theora: a1e56fd34408186e4bbccfd4996cb3dc -> 
  custom:container-muxer-webm: aa71ff27fc2769a1b78a27578f13a17b -> 
  custom:container-demuxer-webm: 4f35f7cbe854078d1ac9338744f61a02 -> 
  custom:video-encoder-webm-vp8: eb34c28f22e8b96e1ab97ce403110664 -> 
  custom:video-codec-MediaFoundation-h265: e54d7ab0439102e2317fc1e4b246158d -> 
  custom:audio-encoder-webm-vorbis: bf7c407c2cedff20999df2af8eb42d56 -> 
  custom:framework-win-MediaFoundation: 216162199b28c13a410421893ffa2e32 -> 
  custom:container-demuxer-ogg: 62fdf1f143b41e24485cea50d1cbac27 -> 
  custom:video-decoder-webm-vp8: 9c59270c3fd7afecdb556c50c9e8de78 -> 
  custom:audio-decoder-ogg-vorbis: bf7c407c2cedff20999df2af8eb42d56 -> 
========================================================================
Received Import Request.
  Time since last request: 480768.748719 seconds.
  path: Assets/Material_Textures/3.07_Daejojeon/OriginalShader
  artifactKey: Guid(ec3fe67951157cc4baa412f6b2d813f5) Importer(815301076,1909f56bfc062723c751e8b465ee728b)
Start importing Assets/Material_Textures/3.07_Daejojeon/OriginalShader using Guid(ec3fe67951157cc4baa412f6b2d813f5) Importer(815301076,1909f56bfc062723c751e8b465ee728b)  -> (artifact id: '427c555e1d9e13bde368630ee24422b9') in 0.009143 seconds 
========================================================================
Received Import Request.
  Time since last request: 9.974969 seconds.
  path: Assets/Material_Textures/3.07_Daejojeon/New Material.mat
  artifactKey: Guid(4fbd280d8c4ad424b9acdd8abfa6ff6c) Importer(815301076,1909f56bfc062723c751e8b465ee728b)
Start importing Assets/Material_Textures/3.07_Daejojeon/New Material.mat using Guid(4fbd280d8c4ad424b9acdd8abfa6ff6c) Importer(815301076,1909f56bfc062723c751e8b465ee728b)  -> (artifact id: '18c9466712617889e2eee8af1899c77f') in 0.174571 seconds 
========================================================================
Received Import Request.
  Time since last request: 4.705789 seconds.
  path: Assets/Material_Textures/GungnyeoRooms_3.10/OriginalShader/Gungnyeo_Grabbables.mat
  artifactKey: Guid(d046fe84d2f6d88478cdb11fde09c76c) Importer(815301076,1909f56bfc062723c751e8b465ee728b)
Start importing Assets/Material_Textures/GungnyeoRooms_3.10/OriginalShader/Gungnyeo_Grabbables.mat using Guid(d046fe84d2f6d88478cdb11fde09c76c) Importer(815301076,1909f56bfc062723c751e8b465ee728b)  -> (artifact id: '4d9e3502f26bed80025b557a2d82db58') in 0.070848 seconds 
========================================================================
Received Import Request.
  Time since last request: 12.758721 seconds.
  path: Assets/Material_Textures/GungnyeoRooms_3.10/GungnyeoRoom_1.mat
  artifactKey: Guid(574769f2b459cf9478456f3ac2e46da0) Importer(815301076,1909f56bfc062723c751e8b465ee728b)
Start importing Assets/Material_Textures/GungnyeoRooms_3.10/GungnyeoRoom_1.mat using Guid(574769f2b459cf9478456f3ac2e46da0) Importer(815301076,1909f56bfc062723c751e8b465ee728b)  -> (artifact id: '7fb7431cccfd50c88c5cdff923a1af67') in 0.038808 seconds 
========================================================================
Received Import Request.
  Time since last request: 109.828572 seconds.
  path: Assets/Material_Textures/GungnyeoRooms_3.10/OriginalShader/Room1 1.mat
  artifactKey: Guid(bc63a61248a0d5843b44538da0a250ec) Importer(815301076,1909f56bfc062723c751e8b465ee728b)
Start importing Assets/Material_Textures/GungnyeoRooms_3.10/OriginalShader/Room1 1.mat using Guid(bc63a61248a0d5843b44538da0a250ec) Importer(815301076,1909f56bfc062723c751e8b465ee728b)  -> (artifact id: '86d6186d606716fd2f77f1c1d9bfec65') in 0.042402 seconds 
========================================================================
Received Import Request.
  Time since last request: 3.714257 seconds.
  path: Assets/Material_Textures/GungnyeoRooms_3.10/GungnyeoRoom_1.mat
  artifactKey: Guid(574769f2b459cf9478456f3ac2e46da0) Importer(815301076,1909f56bfc062723c751e8b465ee728b)
Start importing Assets/Material_Textures/GungnyeoRooms_3.10/GungnyeoRoom_1.mat using Guid(574769f2b459cf9478456f3ac2e46da0) Importer(815301076,1909f56bfc062723c751e8b465ee728b)  -> (artifact id: 'c1e165ce0103a69c29646dee8766a169') in 0.568754 seconds 
========================================================================
Received Import Request.
  Time since last request: 149.352618 seconds.
  path: Assets/Material_Textures/GungnyeoRooms_3.10/GungnyeoRoom_1.mat
  artifactKey: Guid(574769f2b459cf9478456f3ac2e46da0) Importer(815301076,1909f56bfc062723c751e8b465ee728b)
Start importing Assets/Material_Textures/GungnyeoRooms_3.10/GungnyeoRoom_1.mat using Guid(574769f2b459cf9478456f3ac2e46da0) Importer(815301076,1909f56bfc062723c751e8b465ee728b)  -> (artifact id: '7f7176129935b98b1d081ede61d58bbf') in 0.010812 seconds 
========================================================================
Received Import Request.
  Time since last request: 9.746214 seconds.
  path: Assets/Material_Shaders/Toonshader_Ned/Materials
  artifactKey: Guid(431f20247ad75490fa1bf34fa34ab477) Importer(815301076,1909f56bfc062723c751e8b465ee728b)
Start importing Assets/Material_Shaders/Toonshader_Ned/Materials using Guid(431f20247ad75490fa1bf34fa34ab477) Importer(815301076,1909f56bfc062723c751e8b465ee728b)  -> (artifact id: 'e6fcbb4b89a132fa86d9c14fab033267') in 0.001641 seconds 
========================================================================
Received Import Request.
  Time since last request: 494.635386 seconds.
  path: Assets/Material_Shaders/ShaderTesting/Toonshader_Ned/ramptexture_toon.png
  artifactKey: Guid(08d2fead074c44bf7833f4edd81c804c) Importer(815301076,1909f56bfc062723c751e8b465ee728b)
Start importing Assets/Material_Shaders/ShaderTesting/Toonshader_Ned/ramptexture_toon.png using Guid(08d2fead074c44bf7833f4edd81c804c) Importer(815301076,1909f56bfc062723c751e8b465ee728b)  -> (artifact id: 'e1583a89ba3159fa98983997f2c647e5') in 0.043291 seconds 
========================================================================
Received Import Request.
  Time since last request: 20.682884 seconds.
  path: Assets/Material_Shaders/ShaderTesting/Toonshader_Ned/ramptexture_toon.png
  artifactKey: Guid(08d2fead074c44bf7833f4edd81c804c) Importer(815301076,1909f56bfc062723c751e8b465ee728b)
Start importing Assets/Material_Shaders/ShaderTesting/Toonshader_Ned/ramptexture_toon.png using Guid(08d2fead074c44bf7833f4edd81c804c) Importer(815301076,1909f56bfc062723c751e8b465ee728b)  -> (artifact id: '28fe30478463dbd4f9159f8f6ad9b9f1') in 0.007024 seconds 
========================================================================
Received Import Request.
  Time since last request: 2.203454 seconds.
  path: Assets/Material_Shaders/ShaderTesting/Toonshader_Ned/ramptexture_toon.png
  artifactKey: Guid(08d2fead074c44bf7833f4edd81c804c) Importer(815301076,1909f56bfc062723c751e8b465ee728b)
Start importing Assets/Material_Shaders/ShaderTesting/Toonshader_Ned/ramptexture_toon.png using Guid(08d2fead074c44bf7833f4edd81c804c) Importer(815301076,1909f56bfc062723c751e8b465ee728b)  -> (artifact id: '182d2978043051c5a5651d194aa9d696') in 0.007282 seconds 
========================================================================
Received Import Request.
  Time since last request: 5.949565 seconds.
  path: Assets/Material_Shaders/ShaderTesting/Toonshader_Ned/ramptexture_toon.png
  artifactKey: Guid(08d2fead074c44bf7833f4edd81c804c) Importer(815301076,1909f56bfc062723c751e8b465ee728b)
Start importing Assets/Material_Shaders/ShaderTesting/Toonshader_Ned/ramptexture_toon.png using Guid(08d2fead074c44bf7833f4edd81c804c) Importer(815301076,1909f56bfc062723c751e8b465ee728b)  -> (artifact id: '421ac59b5c281ec98638a3f204cbb6dc') in 0.019037 seconds 
========================================================================
Received Import Request.
  Time since last request: 347.721876 seconds.
  path: Assets/Material_Shaders/ShaderTesting/Toonshader_Ned/ramptexture_toon.png
  artifactKey: Guid(08d2fead074c44bf7833f4edd81c804c) Importer(815301076,1909f56bfc062723c751e8b465ee728b)
Start importing Assets/Material_Shaders/ShaderTesting/Toonshader_Ned/ramptexture_toon.png using Guid(08d2fead074c44bf7833f4edd81c804c) Importer(815301076,1909f56bfc062723c751e8b465ee728b)  -> (artifact id: '2a3690ba07450712a1f5aefbfaacf637') in 0.012515 seconds 
========================================================================
Received Import Request.
  Time since last request: 93.343235 seconds.
  path: Assets/Material_Textures/GungnyeoRooms_3.10_Bake/GungnyeoRoom_1.mat
  artifactKey: Guid(574769f2b459cf9478456f3ac2e46da0) Importer(815301076,1909f56bfc062723c751e8b465ee728b)
Start importing Assets/Material_Textures/GungnyeoRooms_3.10_Bake/GungnyeoRoom_1.mat using Guid(574769f2b459cf9478456f3ac2e46da0) Importer(815301076,1909f56bfc062723c751e8b465ee728b)  -> (artifact id: 'e0f863d6b6460f184e09f201a08a7dcd') in 0.055147 seconds 
========================================================================
Received Import Request.
  Time since last request: 39338.464570 seconds.
  path: Assets/Sprites/Testing
  artifactKey: Guid(c9b62c7a208f89741907ddee3b40a566) Importer(815301076,1909f56bfc062723c751e8b465ee728b)
Start importing Assets/Sprites/Testing using Guid(c9b62c7a208f89741907ddee3b40a566) Importer(815301076,1909f56bfc062723c751e8b465ee728b)  -> (artifact id: '832d7f82c37498e07dc3447593aea0fa') in 0.005645 seconds 
========================================================================
Received Import Request.
  Time since last request: 12.738813 seconds.
  path: Assets/Sprites/Neungsohwa_Favicon_NoOutline.png
  artifactKey: Guid(1b2e6d11d206ee54fab479fbbe6bb65c) Importer(815301076,1909f56bfc062723c751e8b465ee728b)
Start importing Assets/Sprites/Neungsohwa_Favicon_NoOutline.png using Guid(1b2e6d11d206ee54fab479fbbe6bb65c) Importer(815301076,1909f56bfc062723c751e8b465ee728b)  -> (artifact id: '32e93cec00733b2a25adc4a2796fc1b4') in 0.018526 seconds 
========================================================================
Received Import Request.
  Time since last request: 9.574231 seconds.
  path: Assets/Sprites/Neungsohwa_Favicon_NoOutline.png
  artifactKey: Guid(1b2e6d11d206ee54fab479fbbe6bb65c) Importer(815301076,1909f56bfc062723c751e8b465ee728b)
Start importing Assets/Sprites/Neungsohwa_Favicon_NoOutline.png using Guid(1b2e6d11d206ee54fab479fbbe6bb65c) Importer(815301076,1909f56bfc062723c751e8b465ee728b)  -> (artifact id: '1911bd5daac684b5c64adb8e6547ebfc') in 0.026432 seconds 
========================================================================
Received Import Request.
  Time since last request: 43662.562854 seconds.
  path: Assets/Materials_Basic/Skybox_Mat.mat
  artifactKey: Guid(0ffaa0b7117ba8c47a9d05ae701d4b4d) Importer(815301076,1909f56bfc062723c751e8b465ee728b)
Start importing Assets/Materials_Basic/Skybox_Mat.mat using Guid(0ffaa0b7117ba8c47a9d05ae701d4b4d) Importer(815301076,1909f56bfc062723c751e8b465ee728b)  -> (artifact id: '9a2b7676c033864b46c56811f82201f0') in 0.039429 seconds 
========================================================================
Received Import Request.
  Time since last request: 10.605488 seconds.
  path: Assets/Material_Shaders/CurrentShader
  artifactKey: Guid(d2231444f2bef3e4998a349a5750ee37) Importer(815301076,1909f56bfc062723c751e8b465ee728b)
Start importing Assets/Material_Shaders/CurrentShader using Guid(d2231444f2bef3e4998a349a5750ee37) Importer(815301076,1909f56bfc062723c751e8b465ee728b)  -> (artifact id: '9afd283e36ffb6189f264200237657c6') in 0.006837 seconds 
========================================================================
Received Import Request.
  Time since last request: 3.799971 seconds.
  path: Assets/Material_Shaders/ShaderTesting/Gradient_v1.shadersubgraph
  artifactKey: Guid(86ab213dcb89f234cb0be36e0c1989a7) Importer(815301076,1909f56bfc062723c751e8b465ee728b)
Start importing Assets/Material_Shaders/ShaderTesting/Gradient_v1.shadersubgraph using Guid(86ab213dcb89f234cb0be36e0c1989a7) Importer(815301076,1909f56bfc062723c751e8b465ee728b)  -> (artifact id: 'a1c6684fcdd2314954b4bc31c771f5e3') in 0.009157 seconds 
========================================================================
Received Import Request.
  Time since last request: 2.264321 seconds.
  path: Assets/Material_Shaders/Jungjeon_Placeholders/Brown.mat
  artifactKey: Guid(df28e8dc803e44e0a9938d18d0540d6b) Importer(815301076,1909f56bfc062723c751e8b465ee728b)
Start importing Assets/Material_Shaders/Jungjeon_Placeholders/Brown.mat using Guid(df28e8dc803e44e0a9938d18d0540d6b) Importer(815301076,1909f56bfc062723c751e8b465ee728b)  -> (artifact id: '8af41cdb3bd0dcc06d81321736d007cd') in 0.023436 seconds 
========================================================================
Received Import Request.
  Time since last request: 0.007161 seconds.
  path: Assets/Material_Shaders/Jungjeon_Placeholders/DarkBrown.mat
  artifactKey: Guid(9217c51c3f3b940a5bb90bb9a646175d) Importer(815301076,1909f56bfc062723c751e8b465ee728b)
Start importing Assets/Material_Shaders/Jungjeon_Placeholders/DarkBrown.mat using Guid(9217c51c3f3b940a5bb90bb9a646175d) Importer(815301076,1909f56bfc062723c751e8b465ee728b)  -> (artifact id: '2ea9d6b0de2d286a239523837e525c52') in 0.021692 seconds 
========================================================================
Received Import Request.
  Time since last request: 0.000023 seconds.
  path: Assets/Material_Shaders/Jungjeon_Placeholders/Purple.mat
  artifactKey: Guid(3f974d977f8ac40e9bfe1efae1a801b0) Importer(815301076,1909f56bfc062723c751e8b465ee728b)
Start importing Assets/Material_Shaders/Jungjeon_Placeholders/Purple.mat using Guid(3f974d977f8ac40e9bfe1efae1a801b0) Importer(815301076,1909f56bfc062723c751e8b465ee728b)  -> (artifact id: '433ab65694dc1ba7523a88009d0aeb4a') in 0.027128 seconds 
========================================================================
Received Import Request.
  Time since last request: 0.000021 seconds.
  path: Assets/Material_Shaders/Jungjeon_Placeholders/White.mat
  artifactKey: Guid(5bd39e10dc3e24b58901331ccd9f435d) Importer(815301076,1909f56bfc062723c751e8b465ee728b)
Start importing Assets/Material_Shaders/Jungjeon_Placeholders/White.mat using Guid(5bd39e10dc3e24b58901331ccd9f435d) Importer(815301076,1909f56bfc062723c751e8b465ee728b)  -> (artifact id: '9a72f14616bbdf2ba08f8d0017f196d5') in 0.018166 seconds 
========================================================================
Received Import Request.
  Time since last request: 0.000024 seconds.
  path: Assets/Material_Shaders/Jungjeon_Placeholders/Pink.mat
  artifactKey: Guid(45f5e48e10e604b2285053cbe19586d8) Importer(815301076,1909f56bfc062723c751e8b465ee728b)
Start importing Assets/Material_Shaders/Jungjeon_Placeholders/Pink.mat using Guid(45f5e48e10e604b2285053cbe19586d8) Importer(815301076,1909f56bfc062723c751e8b465ee728b)  -> (artifact id: 'b3db424f63e3c1dedbaaf6c0def17fb9') in 0.017663 seconds 
========================================================================
Received Import Request.
  Time since last request: 0.000032 seconds.
  path: Assets/Material_Shaders/Jungjeon_Placeholders/Red.mat
  artifactKey: Guid(feedf004022234333a01f367ddcdc439) Importer(815301076,1909f56bfc062723c751e8b465ee728b)
Start importing Assets/Material_Shaders/Jungjeon_Placeholders/Red.mat using Guid(feedf004022234333a01f367ddcdc439) Importer(815301076,1909f56bfc062723c751e8b465ee728b)  -> (artifact id: '3cfc05d6baca735f39df58571a9f3977') in 0.017726 seconds 
========================================================================
Received Import Request.
  Time since last request: 0.000030 seconds.
  path: Assets/Material_Shaders/Jungjeon_Placeholders/Ivory.mat
  artifactKey: Guid(315001bcc76f34f71a4c2739d5628285) Importer(815301076,1909f56bfc062723c751e8b465ee728b)
Start importing Assets/Material_Shaders/Jungjeon_Placeholders/Ivory.mat using Guid(315001bcc76f34f71a4c2739d5628285) Importer(815301076,1909f56bfc062723c751e8b465ee728b)  -> (artifact id: '51a092dc32e7d915803d5db6da6b97d2') in 0.016362 seconds 
========================================================================
Received Import Request.
  Time since last request: 0.000024 seconds.
  path: Assets/Material_Shaders/Jungjeon_Placeholders/Cyan.mat
  artifactKey: Guid(85dfdc6bb488b4e0c9df7cd8545571ff) Importer(815301076,1909f56bfc062723c751e8b465ee728b)
Start importing Assets/Material_Shaders/Jungjeon_Placeholders/Cyan.mat using Guid(85dfdc6bb488b4e0c9df7cd8545571ff) Importer(815301076,1909f56bfc062723c751e8b465ee728b)  -> (artifact id: 'b0337eea8a199a9a1b31b621ad7bb97c') in 0.018316 seconds 
========================================================================
Received Import Request.
  Time since last request: 0.428490 seconds.
  path: Assets/Material_Shaders/Placeholders/Black.mat
  artifactKey: Guid(1245cde3edd9ed4409dd0070190a0e73) Importer(815301076,1909f56bfc062723c751e8b465ee728b)
Start importing Assets/Material_Shaders/Placeholders/Black.mat using Guid(1245cde3edd9ed4409dd0070190a0e73) Importer(815301076,1909f56bfc062723c751e8b465ee728b)  -> (artifact id: '933113f0ad2659953b8939e258d59d5e') in 0.016567 seconds 
========================================================================
Received Import Request.
  Time since last request: 0.000021 seconds.
  path: Assets/Material_Shaders/Placeholders/Cyan.mat
  artifactKey: Guid(9b2cc739c81bc0c478a7161eca69280a) Importer(815301076,1909f56bfc062723c751e8b465ee728b)
Start importing Assets/Material_Shaders/Placeholders/Cyan.mat using Guid(9b2cc739c81bc0c478a7161eca69280a) Importer(815301076,1909f56bfc062723c751e8b465ee728b)  -> (artifact id: '6aa16ac8c1078f65a0a822044b202bbf') in 0.014175 seconds 
========================================================================
Received Import Request.
  Time since last request: 16.840802 seconds.
  path: Assets/Material_Textures/BoxAndKey.png
  artifactKey: Guid(70b386e8db07d7f4c811aa36bd9c50df) Importer(815301076,1909f56bfc062723c751e8b465ee728b)
Start importing Assets/Material_Textures/BoxAndKey.png using Guid(70b386e8db07d7f4c811aa36bd9c50df) Importer(815301076,1909f56bfc062723c751e8b465ee728b)  -> (artifact id: 'c479a40de96aee52731acea3fc78fc0e') in 0.028227 seconds 
========================================================================
Received Import Request.
  Time since last request: 1.948182 seconds.
  path: Assets/Material_Textures/Daejojeon_3.07_Bake/Textures/Tx_Corridor2 1.png
  artifactKey: Guid(fcae6121e623d3545b6258529cd6ad46) Importer(815301076,1909f56bfc062723c751e8b465ee728b)
Start importing Assets/Material_Textures/Daejojeon_3.07_Bake/Textures/Tx_Corridor2 1.png using Guid(fcae6121e623d3545b6258529cd6ad46) Importer(815301076,1909f56bfc062723c751e8b465ee728b)  -> (artifact id: 'e38c52a0cae4d1532585e236eccc88d8') in 0.282108 seconds 
========================================================================
Received Import Request.
  Time since last request: 0.000025 seconds.
  path: Assets/Material_Textures/Daejojeon_3.07_Bake/Textures/Tx_OuterHaenggak_Farthest.png
  artifactKey: Guid(9968b264a6f37b547ac1824c028bac62) Importer(815301076,1909f56bfc062723c751e8b465ee728b)
Start importing Assets/Material_Textures/Daejojeon_3.07_Bake/Textures/Tx_OuterHaenggak_Farthest.png using Guid(9968b264a6f37b547ac1824c028bac62) Importer(815301076,1909f56bfc062723c751e8b465ee728b)  -> (artifact id: 'f90786b722ed03688673cce5b0ebf1f5') in 0.149077 seconds 
========================================================================
Received Import Request.
  Time since last request: 0.000028 seconds.
  path: Assets/Material_Textures/Daejojeon_3.07_Bake/Textures/Tx_Fnd_GateHaenggakNear_and_Grnd_GateHaenggakNear_and_Grnd_Playzone.png
  artifactKey: Guid(289c658cca7171d48887adb396dbd946) Importer(815301076,1909f56bfc062723c751e8b465ee728b)
Start importing Assets/Material_Textures/Daejojeon_3.07_Bake/Textures/Tx_Fnd_GateHaenggakNear_and_Grnd_GateHaenggakNear_and_Grnd_Playzone.png using Guid(289c658cca7171d48887adb396dbd946) Importer(815301076,1909f56bfc062723c751e8b465ee728b)  -> (artifact id: 'e5c59b2b9216b9265f7cb660cec8e50f') in 0.134445 seconds 
========================================================================
Received Import Request.
  Time since last request: 0.000033 seconds.
  path: Assets/Material_Textures/Daejojeon_3.07_Bake/Textures/Tx_DJJ_GreatHallNear.png
  artifactKey: Guid(4d76849b28b0bc742927f27a46954bff) Importer(815301076,1909f56bfc062723c751e8b465ee728b)
Start importing Assets/Material_Textures/Daejojeon_3.07_Bake/Textures/Tx_DJJ_GreatHallNear.png using Guid(4d76849b28b0bc742927f27a46954bff) Importer(815301076,1909f56bfc062723c751e8b465ee728b)  -> (artifact id: '92ddb56a395c51d04e283d622479a05d') in 0.140149 seconds 
========================================================================
Received Import Request.
  Time since last request: 0.000020 seconds.
  path: Assets/Material_Textures/Daejojeon_3.07_Bake/Textures/Tx_Foundation_FrontPlatform_and_FrontPlatform_Screens.png
  artifactKey: Guid(a3c59e0232174874eab48c29cb13f49a) Importer(815301076,1909f56bfc062723c751e8b465ee728b)
Start importing Assets/Material_Textures/Daejojeon_3.07_Bake/Textures/Tx_Foundation_FrontPlatform_and_FrontPlatform_Screens.png using Guid(a3c59e0232174874eab48c29cb13f49a) Importer(815301076,1909f56bfc062723c751e8b465ee728b)  -> (artifact id: 'c3cc87a9a222272285972bdd68667589') in 0.129085 seconds 
========================================================================
Received Import Request.
  Time since last request: 0.000026 seconds.
  path: Assets/Material_Textures/Daejojeon_3.07_Bake/Textures/Tx_Screens_and_SmallKitchen.png
  artifactKey: Guid(7690199b8da13424597c9d075708ec6c) Importer(815301076,1909f56bfc062723c751e8b465ee728b)
Start importing Assets/Material_Textures/Daejojeon_3.07_Bake/Textures/Tx_Screens_and_SmallKitchen.png using Guid(7690199b8da13424597c9d075708ec6c) Importer(815301076,1909f56bfc062723c751e8b465ee728b)  -> (artifact id: 'c13b2b1367a4aec0112639756e367286') in 0.142133 seconds 
========================================================================
Received Import Request.
  Time since last request: 0.000026 seconds.
  path: Assets/Material_Textures/Daejojeon_3.07_Bake/Textures/Tx_DJJ_Jungjeon.png
  artifactKey: Guid(e708e4a8aa1a60a4e86ac1870ccebeb1) Importer(815301076,1909f56bfc062723c751e8b465ee728b)
Start importing Assets/Material_Textures/Daejojeon_3.07_Bake/Textures/Tx_DJJ_Jungjeon.png using Guid(e708e4a8aa1a60a4e86ac1870ccebeb1) Importer(815301076,1909f56bfc062723c751e8b465ee728b)  -> (artifact id: 'd02dabfab9e50edb774cdaab5912d3ca') in 0.135373 seconds 
========================================================================
Received Import Request.
  Time since last request: 0.000022 seconds.
  path: Assets/Material_Textures/Daejojeon_3.07_Bake/Textures/Tx_KitchenArea.png
  artifactKey: Guid(bfda445915a047d449fa8369803a2b56) Importer(815301076,1909f56bfc062723c751e8b465ee728b)
Start importing Assets/Material_Textures/Daejojeon_3.07_Bake/Textures/Tx_KitchenArea.png using Guid(bfda445915a047d449fa8369803a2b56) Importer(815301076,1909f56bfc062723c751e8b465ee728b)  -> (artifact id: '0ad792ecdecd974e5d53ed443f7d6300') in 0.133351 seconds 
========================================================================
Received Import Request.
  Time since last request: 0.000042 seconds.
  path: Assets/Material_Textures/Daejojeon_3.07_Bake/Textures/Tx_DJJ_SmallRooms.png
  artifactKey: Guid(7eada901e81c18541a457ed62c0f5433) Importer(815301076,1909f56bfc062723c751e8b465ee728b)
Start importing Assets/Material_Textures/Daejojeon_3.07_Bake/Textures/Tx_DJJ_SmallRooms.png using Guid(7eada901e81c18541a457ed62c0f5433) Importer(815301076,1909f56bfc062723c751e8b465ee728b)  -> (artifact id: 'a94bb7bbb3b202ebf747d219855c48fb') in 0.141412 seconds 
========================================================================
Received Import Request.
  Time since last request: 0.000026 seconds.
  path: Assets/Material_Textures/Daejojeon_3.07_Bake/Textures/Tx_DJJ_GungnyeoRooms.png
  artifactKey: Guid(fea44b04728f6a8489e5984cc8d03e4a) Importer(815301076,1909f56bfc062723c751e8b465ee728b)
Start importing Assets/Material_Textures/Daejojeon_3.07_Bake/Textures/Tx_DJJ_GungnyeoRooms.png using Guid(fea44b04728f6a8489e5984cc8d03e4a) Importer(815301076,1909f56bfc062723c751e8b465ee728b)  -> (artifact id: '0930d6f707f6a8b650703730fd1049ce') in 0.141098 seconds 
========================================================================
Received Import Request.
  Time since last request: 0.000025 seconds.
  path: Assets/Material_Textures/Daejojeon_3.07_Bake/Textures/Tx_Corridor2_old.png
  artifactKey: Guid(2453dc5a3e2f20345827cb5b7e10593e) Importer(815301076,1909f56bfc062723c751e8b465ee728b)
Start importing Assets/Material_Textures/Daejojeon_3.07_Bake/Textures/Tx_Corridor2_old.png using Guid(2453dc5a3e2f20345827cb5b7e10593e) Importer(815301076,1909f56bfc062723c751e8b465ee728b)  -> (artifact id: '3a5fbf5f2b8b99fc2083ed180bba295f') in 0.132342 seconds 
========================================================================
Received Import Request.
  Time since last request: 35.670848 seconds.
  path: Assets/Material_Shaders/CombinedNedShader.shadergraph
  artifactKey: Guid(75a442eed0619154fa4784cd8ce18db1) Importer(815301076,1909f56bfc062723c751e8b465ee728b)
Start importing Assets/Material_Shaders/CombinedNedShader.shadergraph using Guid(75a442eed0619154fa4784cd8ce18db1) Importer(815301076,1909f56bfc062723c751e8b465ee728b)  -> (artifact id: '888cb88a10324442619eb591a8673e80') in 0.008626 seconds 
========================================================================
Received Import Request.
  Time since last request: 57.968972 seconds.
  path: Assets/Material_Textures/GungnyeoRooms_3.10_Bake/GungnyeoRoom_1 1.mat
  artifactKey: Guid(c096e1737ec976f45b1bd699308f411d) Importer(815301076,1909f56bfc062723c751e8b465ee728b)
Start importing Assets/Material_Textures/GungnyeoRooms_3.10_Bake/GungnyeoRoom_1 1.mat using Guid(c096e1737ec976f45b1bd699308f411d) Importer(815301076,1909f56bfc062723c751e8b465ee728b)  -> (artifact id: 'aa78ad1675cacc03b293b7ce7637b028') in 0.080887 seconds 
========================================================================
Received Import Request.
  Time since last request: 14.433714 seconds.
  path: Assets/Material_Textures/Daejojeon_3.07_Bake/Corridor1.mat
  artifactKey: Guid(c096e1737ec976f45b1bd699308f411d) Importer(815301076,1909f56bfc062723c751e8b465ee728b)
Start importing Assets/Material_Textures/Daejojeon_3.07_Bake/Corridor1.mat using Guid(c096e1737ec976f45b1bd699308f411d) Importer(815301076,1909f56bfc062723c751e8b465ee728b)  -> (artifact id: '2feb3d985c0abdce647f896ae8a27623') in 0.046950 seconds 
========================================================================
Received Import Request.
  Time since last request: 34.205366 seconds.
  path: Assets/Material_Textures/Daejojeon_3.07_Bake/Corridor1 1.mat
  artifactKey: Guid(ac02d0d90b7d92c4db236b7ff866aca3) Importer(815301076,1909f56bfc062723c751e8b465ee728b)
Start importing Assets/Material_Textures/Daejojeon_3.07_Bake/Corridor1 1.mat using Guid(ac02d0d90b7d92c4db236b7ff866aca3) Importer(815301076,1909f56bfc062723c751e8b465ee728b)  -> (artifact id: 'b109739d48ac77c2c18e481d7a45b056') in 0.182900 seconds 
========================================================================
Received Import Request.
  Time since last request: 1.967517 seconds.
  path: Assets/Material_Textures/Daejojeon_3.07_Bake/Corridor2.mat
  artifactKey: Guid(ac02d0d90b7d92c4db236b7ff866aca3) Importer(815301076,1909f56bfc062723c751e8b465ee728b)
Start importing Assets/Material_Textures/Daejojeon_3.07_Bake/Corridor2.mat using Guid(ac02d0d90b7d92c4db236b7ff866aca3) Importer(815301076,1909f56bfc062723c751e8b465ee728b)  -> (artifact id: 'c5779dab6f27808026c1beb1551ab989') in 0.143315 seconds 
========================================================================
Received Import Request.
  Time since last request: 5.455050 seconds.
  path: Assets/Material_Textures/Daejojeon_3.07_Bake/Corridor2 1.mat
  artifactKey: Guid(7d4d38f240101d9489f374c4f303a103) Importer(815301076,1909f56bfc062723c751e8b465ee728b)
Start importing Assets/Material_Textures/Daejojeon_3.07_Bake/Corridor2 1.mat using Guid(7d4d38f240101d9489f374c4f303a103) Importer(815301076,1909f56bfc062723c751e8b465ee728b)  -> (artifact id: '5332125d95b00db93ac4a64f8723d3d8') in 0.013960 seconds 
========================================================================
Received Import Request.
  Time since last request: 12.062354 seconds.
  path: Assets/Material_Textures/Daejojeon_3.07_Bake/DaejojeonCeilings.mat
  artifactKey: Guid(7d4d38f240101d9489f374c4f303a103) Importer(815301076,1909f56bfc062723c751e8b465ee728b)
Start importing Assets/Material_Textures/Daejojeon_3.07_Bake/DaejojeonCeilings.mat using Guid(7d4d38f240101d9489f374c4f303a103) Importer(815301076,1909f56bfc062723c751e8b465ee728b)  -> (artifact id: '3e7dfc38ea6a80afb27942e5f0d77265') in 0.013147 seconds 
========================================================================
Received Import Request.
  Time since last request: 0.774118 seconds.
  path: Assets/Material_Textures/Daejojeon_3.07_Bake/DaejojeonCeilings 1.mat
  artifactKey: Guid(a01cd97de515edf49b48ecf23267590e) Importer(815301076,1909f56bfc062723c751e8b465ee728b)
Start importing Assets/Material_Textures/Daejojeon_3.07_Bake/DaejojeonCeilings 1.mat using Guid(a01cd97de515edf49b48ecf23267590e) Importer(815301076,1909f56bfc062723c751e8b465ee728b)  -> (artifact id: '289690f4089f8149a7bbaa435a9824c7') in 0.013256 seconds 
========================================================================
Received Import Request.
  Time since last request: 5.185674 seconds.
  path: Assets/Material_Textures/Daejojeon_3.07_Bake/DJJ_FrontCorridor.mat
  artifactKey: Guid(a01cd97de515edf49b48ecf23267590e) Importer(815301076,1909f56bfc062723c751e8b465ee728b)
Start importing Assets/Material_Textures/Daejojeon_3.07_Bake/DJJ_FrontCorridor.mat using Guid(a01cd97de515edf49b48ecf23267590e) Importer(815301076,1909f56bfc062723c751e8b465ee728b)  -> (artifact id: 'cf863e7918c6e486fc110c3dd5d92ed1') in 0.012850 seconds 
========================================================================
Received Import Request.
  Time since last request: 0.780733 seconds.
  path: Assets/Material_Textures/Daejojeon_3.07_Bake/DJJ_FrontCorridor 1.mat
  artifactKey: Guid(7e0bdb5f954f7b8458a819f9254e5445) Importer(815301076,1909f56bfc062723c751e8b465ee728b)
Start importing Assets/Material_Textures/Daejojeon_3.07_Bake/DJJ_FrontCorridor 1.mat using Guid(7e0bdb5f954f7b8458a819f9254e5445) Importer(815301076,1909f56bfc062723c751e8b465ee728b)  -> (artifact id: '6d3305e2dde15d707b435c42480c042d') in 0.012790 seconds 
========================================================================
Received Import Request.
  Time since last request: 3.449532 seconds.
  path: Assets/Material_Textures/Daejojeon_3.07_Bake/DJJ_GreatHallFar.mat
  artifactKey: Guid(7e0bdb5f954f7b8458a819f9254e5445) Importer(815301076,1909f56bfc062723c751e8b465ee728b)
Start importing Assets/Material_Textures/Daejojeon_3.07_Bake/DJJ_GreatHallFar.mat using Guid(7e0bdb5f954f7b8458a819f9254e5445) Importer(815301076,1909f56bfc062723c751e8b465ee728b)  -> (artifact id: '4d05ce11337bf4b50075b8e07466d20c') in 0.012909 seconds 
========================================================================
Received Import Request.
  Time since last request: 0.631496 seconds.
  path: Assets/Material_Textures/Daejojeon_3.07_Bake/DJJ_GreatHallFar 1.mat
  artifactKey: Guid(bcfcfa1cc736c934b8efdc7a099674fb) Importer(815301076,1909f56bfc062723c751e8b465ee728b)
Start importing Assets/Material_Textures/Daejojeon_3.07_Bake/DJJ_GreatHallFar 1.mat using Guid(bcfcfa1cc736c934b8efdc7a099674fb) Importer(815301076,1909f56bfc062723c751e8b465ee728b)  -> (artifact id: '3adcd9cc38acb84b922d374b5a5505c9') in 0.013205 seconds 
========================================================================
Received Import Request.
  Time since last request: 3.431432 seconds.
  path: Assets/Material_Textures/Daejojeon_3.07_Bake/DJJ_GreatHallNear.mat
  artifactKey: Guid(bcfcfa1cc736c934b8efdc7a099674fb) Importer(815301076,1909f56bfc062723c751e8b465ee728b)
Start importing Assets/Material_Textures/Daejojeon_3.07_Bake/DJJ_GreatHallNear.mat using Guid(bcfcfa1cc736c934b8efdc7a099674fb) Importer(815301076,1909f56bfc062723c751e8b465ee728b)  -> (artifact id: 'acaa640ea490fc2f3049590eb5db74e1') in 0.013070 seconds 
========================================================================
Received Import Request.
  Time since last request: 1.167019 seconds.
  path: Assets/Material_Textures/Daejojeon_3.07_Bake/DJJ_GreatHallNear 1.mat
  artifactKey: Guid(7e7ff9af63b34d6498adce4f69b83bf0) Importer(815301076,1909f56bfc062723c751e8b465ee728b)
Start importing Assets/Material_Textures/Daejojeon_3.07_Bake/DJJ_GreatHallNear 1.mat using Guid(7e7ff9af63b34d6498adce4f69b83bf0) Importer(815301076,1909f56bfc062723c751e8b465ee728b)  -> (artifact id: '140a096e1b6db8f4b0db036a857b67af') in 0.012451 seconds 
========================================================================
Received Import Request.
  Time since last request: 3.844162 seconds.
  path: Assets/Material_Textures/Daejojeon_3.07_Bake/DJJ_GungnyeoRooms.mat
  artifactKey: Guid(7e7ff9af63b34d6498adce4f69b83bf0) Importer(815301076,1909f56bfc062723c751e8b465ee728b)
Start importing Assets/Material_Textures/Daejojeon_3.07_Bake/DJJ_GungnyeoRooms.mat using Guid(7e7ff9af63b34d6498adce4f69b83bf0) Importer(815301076,1909f56bfc062723c751e8b465ee728b)  -> (artifact id: '165df44f892d44e061e9843008525e7f') in 0.013276 seconds 
========================================================================
Received Import Request.
  Time since last request: 0.692861 seconds.
  path: Assets/Material_Textures/Daejojeon_3.07_Bake/DJJ_GungnyeoRooms 1.mat
  artifactKey: Guid(44558955bb218ea4a81a67df82aca6da) Importer(815301076,1909f56bfc062723c751e8b465ee728b)
Start importing Assets/Material_Textures/Daejojeon_3.07_Bake/DJJ_GungnyeoRooms 1.mat using Guid(44558955bb218ea4a81a67df82aca6da) Importer(815301076,1909f56bfc062723c751e8b465ee728b)  -> (artifact id: 'a41af331286ed9862b1a3f9880b1e987') in 0.012783 seconds 
========================================================================
Received Import Request.
  Time since last request: 3.321465 seconds.
  path: Assets/Material_Textures/Daejojeon_3.07_Bake/DJJ_Jungjeon.mat
  artifactKey: Guid(44558955bb218ea4a81a67df82aca6da) Importer(815301076,1909f56bfc062723c751e8b465ee728b)
Start importing Assets/Material_Textures/Daejojeon_3.07_Bake/DJJ_Jungjeon.mat using Guid(44558955bb218ea4a81a67df82aca6da) Importer(815301076,1909f56bfc062723c751e8b465ee728b)  -> (artifact id: '8edf5b5f2df734dbc7def075086051d3') in 0.014237 seconds 
========================================================================
Received Import Request.
  Time since last request: 0.655981 seconds.
  path: Assets/Material_Textures/Daejojeon_3.07_Bake/DJJ_Jungjeon 1.mat
  artifactKey: Guid(0ac52fd4319c5944096fc509539f22a6) Importer(815301076,1909f56bfc062723c751e8b465ee728b)
Start importing Assets/Material_Textures/Daejojeon_3.07_Bake/DJJ_Jungjeon 1.mat using Guid(0ac52fd4319c5944096fc509539f22a6) Importer(815301076,1909f56bfc062723c751e8b465ee728b)  -> (artifact id: '38c729c55e4de03e847d7135ebb576d4') in 0.012965 seconds 
========================================================================
Received Import Request.
  Time since last request: 2.947056 seconds.
  path: Assets/Material_Textures/Daejojeon_3.07_Bake/DJJ_KingsCorridor.mat
  artifactKey: Guid(0ac52fd4319c5944096fc509539f22a6) Importer(815301076,1909f56bfc062723c751e8b465ee728b)
Start importing Assets/Material_Textures/Daejojeon_3.07_Bake/DJJ_KingsCorridor.mat using Guid(0ac52fd4319c5944096fc509539f22a6) Importer(815301076,1909f56bfc062723c751e8b465ee728b)  -> (artifact id: '9b885be33863b223b0ff0a4617542e46') in 0.012935 seconds 
========================================================================
Received Import Request.
  Time since last request: 0.767768 seconds.
  path: Assets/Material_Textures/Daejojeon_3.07_Bake/DJJ_KingsCorridor 1.mat
  artifactKey: Guid(f7a06d15beb13034ea2b7c39ac94c8bd) Importer(815301076,1909f56bfc062723c751e8b465ee728b)
Start importing Assets/Material_Textures/Daejojeon_3.07_Bake/DJJ_KingsCorridor 1.mat using Guid(f7a06d15beb13034ea2b7c39ac94c8bd) Importer(815301076,1909f56bfc062723c751e8b465ee728b)  -> (artifact id: '3a849b8f5111cbc078ed8e512778ee48') in 0.012593 seconds 
========================================================================
Received Import Request.
  Time since last request: 2.786720 seconds.
  path: Assets/Material_Textures/Daejojeon_3.07_Bake/DJJ_KingsRoom.mat
  artifactKey: Guid(f7a06d15beb13034ea2b7c39ac94c8bd) Importer(815301076,1909f56bfc062723c751e8b465ee728b)
Start importing Assets/Material_Textures/Daejojeon_3.07_Bake/DJJ_KingsRoom.mat using Guid(f7a06d15beb13034ea2b7c39ac94c8bd) Importer(815301076,1909f56bfc062723c751e8b465ee728b)  -> (artifact id: '2e4533d1ec2ee018ec57fadce4730b15') in 0.012597 seconds 
========================================================================
Received Import Request.
  Time since last request: 0.319839 seconds.
  path: Assets/Material_Textures/Daejojeon_3.07_Bake/DJJ_KingsRoom 1.mat
  artifactKey: Guid(4e837692cdcee7349b091a315166b564) Importer(815301076,1909f56bfc062723c751e8b465ee728b)
Start importing Assets/Material_Textures/Daejojeon_3.07_Bake/DJJ_KingsRoom 1.mat using Guid(4e837692cdcee7349b091a315166b564) Importer(815301076,1909f56bfc062723c751e8b465ee728b)  -> (artifact id: '5bb26c38d3b4a909f7b0241c8c815e90') in 0.013760 seconds 
========================================================================
Received Import Request.
  Time since last request: 3.371754 seconds.
  path: Assets/Material_Textures/Daejojeon_3.07_Bake/DJJ_PlayCorridor.mat
  artifactKey: Guid(4e837692cdcee7349b091a315166b564) Importer(815301076,1909f56bfc062723c751e8b465ee728b)
Start importing Assets/Material_Textures/Daejojeon_3.07_Bake/DJJ_PlayCorridor.mat using Guid(4e837692cdcee7349b091a315166b564) Importer(815301076,1909f56bfc062723c751e8b465ee728b)  -> (artifact id: 'a7e43ce58901f194145b8edc4742106a') in 0.013256 seconds 
========================================================================
Received Import Request.
  Time since last request: 0.813566 seconds.
  path: Assets/Material_Textures/Daejojeon_3.07_Bake/DJJ_PlayCorridor 1.mat
  artifactKey: Guid(a15eafb7f425f5c4dace011d0433d3d8) Importer(815301076,1909f56bfc062723c751e8b465ee728b)
Start importing Assets/Material_Textures/Daejojeon_3.07_Bake/DJJ_PlayCorridor 1.mat using Guid(a15eafb7f425f5c4dace011d0433d3d8) Importer(815301076,1909f56bfc062723c751e8b465ee728b)  -> (artifact id: '16142a0335fa77d83d4191a6f498af46') in 0.013715 seconds 
========================================================================
Received Import Request.
  Time since last request: 3.022641 seconds.
  path: Assets/Material_Textures/Daejojeon_3.07_Bake/DJJ_SmallRooms.mat
  artifactKey: Guid(a15eafb7f425f5c4dace011d0433d3d8) Importer(815301076,1909f56bfc062723c751e8b465ee728b)
Start importing Assets/Material_Textures/Daejojeon_3.07_Bake/DJJ_SmallRooms.mat using Guid(a15eafb7f425f5c4dace011d0433d3d8) Importer(815301076,1909f56bfc062723c751e8b465ee728b)  -> (artifact id: 'fa531d7ecb6859ee1d5e2630e5641a0c') in 0.013281 seconds 
========================================================================
Received Import Request.
  Time since last request: 222.012135 seconds.
  path: Assets/Material_Textures/Daejojeon_3.07_Bake/Corridor2.mat
  artifactKey: Guid(ac02d0d90b7d92c4db236b7ff866aca3) Importer(815301076,1909f56bfc062723c751e8b465ee728b)
Start importing Assets/Material_Textures/Daejojeon_3.07_Bake/Corridor2.mat using Guid(ac02d0d90b7d92c4db236b7ff866aca3) Importer(815301076,1909f56bfc062723c751e8b465ee728b)  -> (artifact id: '5dbdc984d8deeae0733af03d1e1e80e1') in 0.078506 seconds 
========================================================================
Received Import Request.
  Time since last request: 0.000022 seconds.
  path: Assets/Material_Textures/Daejojeon_3.07_Bake/DJJ_GungnyeoRooms.mat
  artifactKey: Guid(7e7ff9af63b34d6498adce4f69b83bf0) Importer(815301076,1909f56bfc062723c751e8b465ee728b)
Start importing Assets/Material_Textures/Daejojeon_3.07_Bake/DJJ_GungnyeoRooms.mat using Guid(7e7ff9af63b34d6498adce4f69b83bf0) Importer(815301076,1909f56bfc062723c751e8b465ee728b)  -> (artifact id: '211759b892ee75e363fb7eac2c1dce16') in 0.219730 seconds 
========================================================================
Received Import Request.
  Time since last request: 0.000029 seconds.
  path: Assets/Material_Textures/Daejojeon_3.07_Bake/DJJ_PlayCorridor.mat
  artifactKey: Guid(4e837692cdcee7349b091a315166b564) Importer(815301076,1909f56bfc062723c751e8b465ee728b)
Start importing Assets/Material_Textures/Daejojeon_3.07_Bake/DJJ_PlayCorridor.mat using Guid(4e837692cdcee7349b091a315166b564) Importer(815301076,1909f56bfc062723c751e8b465ee728b)  -> (artifact id: 'f5585e819065cbce96089acb464fa894') in 0.133964 seconds 
========================================================================
Received Import Request.
  Time since last request: 0.000025 seconds.
  path: Assets/Material_Textures/Daejojeon_3.07_Bake/DJJ_KingsRoom.mat
  artifactKey: Guid(f7a06d15beb13034ea2b7c39ac94c8bd) Importer(815301076,1909f56bfc062723c751e8b465ee728b)
Start importing Assets/Material_Textures/Daejojeon_3.07_Bake/DJJ_KingsRoom.mat using Guid(f7a06d15beb13034ea2b7c39ac94c8bd) Importer(815301076,1909f56bfc062723c751e8b465ee728b)  -> (artifact id: '38faddf3e0c4d1fa1adcbace2875de2c') in 0.139792 seconds 
========================================================================
Received Import Request.
  Time since last request: 0.000027 seconds.
  path: Assets/Material_Textures/Daejojeon_3.07_Bake/DJJ_FrontCorridor.mat
  artifactKey: Guid(a01cd97de515edf49b48ecf23267590e) Importer(815301076,1909f56bfc062723c751e8b465ee728b)
Start importing Assets/Material_Textures/Daejojeon_3.07_Bake/DJJ_FrontCorridor.mat using Guid(a01cd97de515edf49b48ecf23267590e) Importer(815301076,1909f56bfc062723c751e8b465ee728b)  -> (artifact id: '1940a5cfae9b351627b3361767f37986') in 0.133842 seconds 
========================================================================
Received Import Request.
  Time since last request: 0.000025 seconds.
  path: Assets/Material_Textures/Daejojeon_3.07_Bake/DJJ_KingsCorridor.mat
  artifactKey: Guid(0ac52fd4319c5944096fc509539f22a6) Importer(815301076,1909f56bfc062723c751e8b465ee728b)
Start importing Assets/Material_Textures/Daejojeon_3.07_Bake/DJJ_KingsCorridor.mat using Guid(0ac52fd4319c5944096fc509539f22a6) Importer(815301076,1909f56bfc062723c751e8b465ee728b)  -> (artifact id: '6b6b870a23bb74c077e1b66a89f60011') in 0.133125 seconds 
Editor requested this worker to shutdown with reason: Scaling down because of idle timeout
AssetImportWorker is now disconnected from the server
Process exiting
Exiting without the bug reporter. Application will terminate with return code 0